<?xml version="1.0" encoding="UTF-8" standalone="no"?>
<!DOCTYPE log SYSTEM "logger.dtd">
<log>
<record>
  <date>2019-12-05T09:44:03</date>
  <millis>1575513843930</millis>
  <sequence>0</sequence>
  <level>START</level>
  <class>com.kms.katalon.core.logging.XmlKeywordLogger</class>
  <method>startSuite</method>
  <thread>1</thread>
  <message>Start Test Suite : Test Suites/api-suite23</message>
  <nestedLevel>0</nestedLevel>
  <property name="name">api-suite23</property>
  <property name="description"></property>
  <property name="id">Test Suites/api-suite23</property>
</record>
<record>
  <date>2019-12-05T09:44:03</date>
  <millis>1575513843979</millis>
  <sequence>1</sequence>
  <level>RUN_DATA</level>
  <class>com.kms.katalon.core.logging.XmlKeywordLogger</class>
  <method>logMessage</method>
  <thread>1</thread>
  <message>hostName = huynguyen - 192.168.34.29</message>
  <nestedLevel>0</nestedLevel>
  <property name="hostName">huynguyen - 192.168.34.29</property>
</record>
<record>
  <date>2019-12-05T09:44:03</date>
  <millis>1575513843980</millis>
  <sequence>2</sequence>
  <level>RUN_DATA</level>
  <class>com.kms.katalon.core.logging.XmlKeywordLogger</class>
  <method>logMessage</method>
  <thread>1</thread>
  <message>os = Mac OS X 64bit</message>
  <nestedLevel>0</nestedLevel>
  <property name="os">Mac OS X 64bit</property>
</record>
<record>
  <date>2019-12-05T09:44:03</date>
  <millis>1575513843981</millis>
  <sequence>3</sequence>
  <level>RUN_DATA</level>
  <class>com.kms.katalon.core.logging.XmlKeywordLogger</class>
  <method>logMessage</method>
  <thread>1</thread>
  <message>hostAddress = 192.168.34.29</message>
  <nestedLevel>0</nestedLevel>
  <property name="hostAddress">192.168.34.29</property>
</record>
<record>
  <date>2019-12-05T09:44:03</date>
  <millis>1575513843994</millis>
  <sequence>4</sequence>
  <level>RUN_DATA</level>
  <class>com.kms.katalon.core.logging.XmlKeywordLogger</class>
  <method>logMessage</method>
  <thread>1</thread>
  <message>katalonVersion = 7.2.0.${buildNumber}</message>
  <nestedLevel>0</nestedLevel>
  <property name="katalonVersion">7.2.0.${buildNumber}</property>
</record>
<record>
  <date>2019-12-05T09:44:04</date>
  <millis>1575513844068</millis>
  <sequence>5</sequence>
  <level>INFO</level>
  <class>com.kms.katalon.core.logging.XmlKeywordLogger</class>
  <method>logMessage</method>
  <thread>1</thread>
  <message>Microsoft Teams Incoming Webhook is empty.</message>
  <nestedLevel>0</nestedLevel>
</record>
<record>
  <date>2019-12-05T09:44:04</date>
  <millis>1575513844480</millis>
  <sequence>6</sequence>
  <level>START</level>
  <class>com.kms.katalon.core.logging.XmlKeywordLogger</class>
  <method>startTest</method>
  <thread>1</thread>
  <message>Start Test Case : Test Cases/url-encoded</message>
  <nestedLevel>1</nestedLevel>
  <property name="name">Test Cases/url-encoded</property>
  <property name="description"></property>
  <property name="id">Test Cases/url-encoded</property>
  <property name="source">\\Users\\huynguyen\\Katalon Studio\\api\\Test Cases\\url-encoded.tc</property>
  <property name="tag"></property>
  <property name="isOptional">false</property>
</record>
<record>
  <date>2019-12-05T09:44:05</date>
  <millis>1575513845337</millis>
  <sequence>8</sequence>
  <level>START</level>
  <class>com.kms.katalon.core.logging.XmlKeywordLogger</class>
  <method>startKeyword</method>
  <thread>1</thread>
  <message>Start action : requestObject = findTestObject(\&amp;quot;url-encoded\&amp;quot;)</message>
  <nestedLevel>1</nestedLevel>
  <property name="startLine">14</property>
  <property name="stepIndex">1</property>
</record>
<record>
  <date>2019-12-05T09:44:06</date>
  <millis>1575513846172</millis>
  <sequence>10</sequence>
  <level>END</level>
  <class>com.kms.katalon.core.logging.XmlKeywordLogger</class>
  <method>endKeyword</method>
  <thread>1</thread>
  <message>End action : requestObject = findTestObject(\&amp;quot;url-encoded\&amp;quot;)</message>
  <nestedLevel>1</nestedLevel>
</record>
<record>
  <date>2019-12-05T09:44:06</date>
  <millis>1575513846173</millis>
  <sequence>11</sequence>
  <level>START</level>
  <class>com.kms.katalon.core.logging.XmlKeywordLogger</class>
  <method>startKeyword</method>
  <thread>1</thread>
  <message>Start action : response = sendRequestAndVerify(requestObject)</message>
  <nestedLevel>1</nestedLevel>
  <property name="startLine">15</property>
  <property name="stepIndex">2</property>
</record>
<record>
  <date>2019-12-05T09:44:42</date>
  <millis>1575513882994</millis>
  <sequence>13</sequence>
  <level>INFO</level>
  <class>com.kms.katalon.core.logging.XmlKeywordLogger</class>
  <method>logMessage</method>
  <thread>1</thread>
  <message>HAR: /Users/huynguyen/Katalon Studio/api/Reports/20191205_094400/api-suite23/20191205_094400/requests/main/0.har</message>
  <nestedLevel>1</nestedLevel>
  <property name="harId">0de60d12-13d4-4f7f-a6d7-e187e9a8813f</property>
</record>
<record>
  <date>2019-12-05T09:44:43</date>
  <millis>1575513883138</millis>
  <sequence>15</sequence>
  <level>START</level>
  <class>com.kms.katalon.core.logging.XmlKeywordLogger</class>
  <method>startTest</method>
  <thread>1</thread>
  <message>Start Test Case : Verification</message>
  <nestedLevel>2</nestedLevel>
</record>
<record>
  <date>2019-12-05T09:44:43</date>
  <millis>1575513883343</millis>
  <sequence>16</sequence>
  <level>START</level>
  <class>com.kms.katalon.core.logging.XmlKeywordLogger</class>
  <method>startKeyword</method>
  <thread>1</thread>
  <message>Start action : request = getInstance().getCurrentRequest()</message>
  <nestedLevel>1</nestedLevel>
  <property name="startLine">11</property>
  <property name="stepIndex">1</property>
</record>
<record>
  <date>2019-12-05T09:44:43</date>
  <millis>1575513883349</millis>
  <sequence>17</sequence>
  <level>END</level>
  <class>com.kms.katalon.core.logging.XmlKeywordLogger</class>
  <method>endKeyword</method>
  <thread>1</thread>
  <message>End action : request = getInstance().getCurrentRequest()</message>
  <nestedLevel>1</nestedLevel>
</record>
<record>
  <date>2019-12-05T09:44:43</date>
  <millis>1575513883350</millis>
  <sequence>18</sequence>
  <level>START</level>
  <class>com.kms.katalon.core.logging.XmlKeywordLogger</class>
  <method>startKeyword</method>
  <thread>1</thread>
  <message>Start action : response = getInstance().getCurrentResponse()</message>
  <nestedLevel>1</nestedLevel>
  <property name="startLine">13</property>
  <property name="stepIndex">2</property>
</record>
<record>
  <date>2019-12-05T09:44:43</date>
  <millis>1575513883355</millis>
  <sequence>19</sequence>
  <level>END</level>
  <class>com.kms.katalon.core.logging.XmlKeywordLogger</class>
  <method>endKeyword</method>
  <thread>1</thread>
  <message>End action : response = getInstance().getCurrentResponse()</message>
  <nestedLevel>1</nestedLevel>
</record>
<record>
  <date>2019-12-05T09:44:43</date>
  <millis>1575513883356</millis>
  <sequence>20</sequence>
  <level>START</level>
  <class>com.kms.katalon.core.logging.XmlKeywordLogger</class>
  <method>startKeyword</method>
  <thread>1</thread>
  <message>Start action : verifyResponseStatusCode(response, 200)</message>
  <nestedLevel>1</nestedLevel>
  <property name="startLine">15</property>
  <property name="stepIndex">3</property>
</record>
<record>
  <date>2019-12-05T09:44:43</date>
  <millis>1575513883375</millis>
  <sequence>22</sequence>
  <level>PASSED</level>
  <class>com.kms.katalon.core.logging.XmlKeywordLogger</class>
  <method>logMessage</method>
  <thread>1</thread>
  <message>Verify response status code successfully</message>
  <nestedLevel>2</nestedLevel>
</record>
<record>
  <date>2019-12-05T09:44:43</date>
  <millis>1575513883376</millis>
  <sequence>23</sequence>
  <level>END</level>
  <class>com.kms.katalon.core.logging.XmlKeywordLogger</class>
  <method>endKeyword</method>
  <thread>1</thread>
  <message>End action : verifyResponseStatusCode(response, 200)</message>
  <nestedLevel>1</nestedLevel>
</record>
<record>
  <date>2019-12-05T09:44:43</date>
  <millis>1575513883377</millis>
  <sequence>24</sequence>
  <level>START</level>
  <class>com.kms.katalon.core.logging.XmlKeywordLogger</class>
  <method>startKeyword</method>
  <thread>1</thread>
  <message>Start action : getStatusCode()).isEqualTo(200)</message>
  <nestedLevel>1</nestedLevel>
  <property name="startLine">17</property>
  <property name="stepIndex">4</property>
</record>
<record>
  <date>2019-12-05T09:44:43</date>
  <millis>1575513883538</millis>
  <sequence>25</sequence>
  <level>END</level>
  <class>com.kms.katalon.core.logging.XmlKeywordLogger</class>
  <method>endKeyword</method>
  <thread>1</thread>
  <message>End action : getStatusCode()).isEqualTo(200)</message>
  <nestedLevel>1</nestedLevel>
</record>
<record>
  <date>2019-12-05T09:44:43</date>
  <millis>1575513883538</millis>
  <sequence>26</sequence>
  <level>PASSED</level>
  <class>com.kms.katalon.core.logging.XmlKeywordLogger</class>
  <method>logMessage</method>
  <thread>1</thread>
  <message>Verification accomplished successfully</message>
  <nestedLevel>2</nestedLevel>
</record>
<record>
  <date>2019-12-05T09:44:43</date>
  <millis>1575513883539</millis>
  <sequence>27</sequence>
  <level>END</level>
  <class>com.kms.katalon.core.logging.XmlKeywordLogger</class>
  <method>endTest</method>
  <thread>1</thread>
  <message>End Test Case : Verification</message>
  <nestedLevel>1</nestedLevel>
</record>
<record>
  <date>2019-12-05T09:44:43</date>
  <millis>1575513883547</millis>
  <sequence>28</sequence>
  <level>PASSED</level>
  <class>com.kms.katalon.core.logging.XmlKeywordLogger</class>
  <method>logMessage</method>
  <thread>1</thread>
  <message>Verify response successfully</message>
  <nestedLevel>1</nestedLevel>
</record>
<record>
  <date>2019-12-05T09:44:43</date>
  <millis>1575513883548</millis>
  <sequence>29</sequence>
  <level>PASSED</level>
  <class>com.kms.katalon.core.logging.XmlKeywordLogger</class>
  <method>logMessage</method>
  <thread>1</thread>
  <message>Send request and verify the response successfully</message>
  <nestedLevel>1</nestedLevel>
</record>
<record>
  <date>2019-12-05T09:44:43</date>
  <millis>1575513883548</millis>
  <sequence>30</sequence>
  <level>END</level>
  <class>com.kms.katalon.core.logging.XmlKeywordLogger</class>
  <method>endKeyword</method>
  <thread>1</thread>
  <message>End action : response = sendRequestAndVerify(requestObject)</message>
  <nestedLevel>1</nestedLevel>
</record>
<record>
  <date>2019-12-05T09:44:43</date>
  <millis>1575513883549</millis>
  <sequence>31</sequence>
  <level>START</level>
  <class>com.kms.katalon.core.logging.XmlKeywordLogger</class>
  <method>startKeyword</method>
  <thread>1</thread>
  <message>Start action : verifyResponseStatusCode(response, 200)</message>
  <nestedLevel>1</nestedLevel>
  <property name="startLine">16</property>
  <property name="stepIndex">3</property>
</record>
<record>
  <date>2019-12-05T09:44:43</date>
  <millis>1575513883557</millis>
  <sequence>33</sequence>
  <level>PASSED</level>
  <class>com.kms.katalon.core.logging.XmlKeywordLogger</class>
  <method>logMessage</method>
  <thread>1</thread>
  <message>Verify response status code successfully</message>
  <nestedLevel>1</nestedLevel>
</record>
<record>
  <date>2019-12-05T09:44:43</date>
  <millis>1575513883557</millis>
  <sequence>34</sequence>
  <level>END</level>
  <class>com.kms.katalon.core.logging.XmlKeywordLogger</class>
  <method>endKeyword</method>
  <thread>1</thread>
  <message>End action : verifyResponseStatusCode(response, 200)</message>
  <nestedLevel>1</nestedLevel>
</record>
<record>
  <date>2019-12-05T09:44:43</date>
  <millis>1575513883557</millis>
  <sequence>35</sequence>
  <level>PASSED</level>
  <class>com.kms.katalon.core.logging.XmlKeywordLogger</class>
  <method>logMessage</method>
  <thread>1</thread>
  <message>Test Cases/url-encoded</message>
  <nestedLevel>1</nestedLevel>
</record>
<record>
  <date>2019-12-05T09:44:43</date>
  <millis>1575513883558</millis>
  <sequence>36</sequence>
  <level>START</level>
  <class>com.kms.katalon.core.logging.XmlKeywordLogger</class>
  <method>startKeyword</method>
  <thread>1</thread>
  <message>Start listener action : sampleAfterTestCase</message>
  <nestedLevel>1</nestedLevel>
</record>
<record>
  <date>2019-12-05T09:44:43</date>
  <millis>1575513883573</millis>
  <sequence>39</sequence>
  <level>END</level>
  <class>com.kms.katalon.core.logging.XmlKeywordLogger</class>
  <method>endKeyword</method>
  <thread>1</thread>
  <message>End listener action : sampleAfterTestCase</message>
  <nestedLevel>1</nestedLevel>
</record>
<record>
  <date>2019-12-05T09:44:45</date>
  <millis>1575513885628</millis>
  <sequence>40</sequence>
  <level>START</level>
  <class>com.kms.katalon.core.logging.XmlKeywordLogger</class>
  <method>startKeyword</method>
  <thread>1</thread>
  <message>Start action : Video</message>
  <nestedLevel>1</nestedLevel>
</record>
<record>
  <date>2019-12-05T09:44:45</date>
  <millis>1575513885628</millis>
  <sequence>41</sequence>
  <level>INFO</level>
  <class>com.kms.katalon.core.logging.XmlKeywordLogger</class>
  <method>logMessage</method>
  <thread>1</thread>
  <message>Video recording for test case &amp;apos;Test Cases/url-encoded&amp;apos; .</message>
  <nestedLevel>1</nestedLevel>
  <property name="attachment">/Users/huynguyen/Katalon Studio/api/Reports/20191205_094400/api-suite23/20191205_094400/videos/test_1.mov</property>
</record>
<record>
  <date>2019-12-05T09:44:45</date>
  <millis>1575513885629</millis>
  <sequence>42</sequence>
  <level>END</level>
  <class>com.kms.katalon.core.logging.XmlKeywordLogger</class>
  <method>endKeyword</method>
  <thread>1</thread>
  <message>End End action : Video</message>
  <nestedLevel>1</nestedLevel>
</record>
<record>
  <date>2019-12-05T09:44:45</date>
  <millis>1575513885629</millis>
  <sequence>43</sequence>
  <level>END</level>
  <class>com.kms.katalon.core.logging.XmlKeywordLogger</class>
  <method>endTest</method>
  <thread>1</thread>
  <message>End Test Case : Test Cases/url-encoded</message>
  <nestedLevel>0</nestedLevel>
</record>
<record>
  <date>2019-12-05T09:44:45</date>
  <millis>1575513885630</millis>
  <sequence>44</sequence>
  <level>INFO</level>
  <class>com.kms.katalon.core.logging.XmlKeywordLogger</class>
  <method>logMessage</method>
  <thread>1</thread>
  <message>=================== Smart XPath Report =======================</message>
  <nestedLevel>0</nestedLevel>
</record>
<record>
  <date>2019-12-05T09:44:45</date>
  <millis>1575513885630</millis>
  <sequence>45</sequence>
  <level>INFO</level>
  <class>com.kms.katalon.core.logging.XmlKeywordLogger</class>
  <method>logMessage</method>
  <thread>1</thread>
  <message>Refer to the link below to preview and approve auto healing on broken test objects.</message>
  <nestedLevel>0</nestedLevel>
</record>
<record>
  <date>2019-12-05T09:44:45</date>
  <millis>1575513885630</millis>
  <sequence>46</sequence>
  <level>INFO</level>
  <class>com.kms.katalon.core.logging.XmlKeywordLogger</class>
  <method>logMessage</method>
  <thread>1</thread>
  <message>https://docs.katalon.com/katalon-studio/docs/auto-healing-smart-xpath.html</message>
  <nestedLevel>0</nestedLevel>
</record>
<record>
  <date>2019-12-05T09:44:45</date>
  <millis>1575513885630</millis>
  <sequence>47</sequence>
  <level>INFO</level>
  <class>com.kms.katalon.core.logging.XmlKeywordLogger</class>
  <method>logMessage</method>
  <thread>1</thread>
  <message>===============================================================</message>
  <nestedLevel>0</nestedLevel>
</record>
<record>
  <date>2019-12-05T09:44:45</date>
  <millis>1575513885636</millis>
  <sequence>48</sequence>
  <level>START</level>
  <class>com.kms.katalon.core.logging.XmlKeywordLogger</class>
  <method>startTest</method>
  <thread>1</thread>
  <message>Start Test Case : Test Cases/requestbin</message>
  <nestedLevel>1</nestedLevel>
  <property name="name">Test Cases/requestbin</property>
  <property name="description"></property>
  <property name="id">Test Cases/requestbin</property>
  <property name="source">\\Users\\huynguyen\\Katalon Studio\\api\\Test Cases\\requestbin.tc</property>
  <property name="tag"></property>
  <property name="isOptional">false</property>
</record>
<record>
  <date>2019-12-05T09:44:45</date>
  <millis>1575513885655</millis>
  <sequence>50</sequence>
  <level>INFO</level>
  <class>com.kms.katalon.core.logging.XmlKeywordLogger</class>
  <method>logMessage</method>
  <thread>1</thread>
  <message>(Default) productName = </message>
  <nestedLevel>1</nestedLevel>
</record>
<record>
  <date>2019-12-05T09:44:45</date>
  <millis>1575513885663</millis>
  <sequence>51</sequence>
  <level>INFO</level>
  <class>com.kms.katalon.core.logging.XmlKeywordLogger</class>
  <method>logMessage</method>
  <thread>1</thread>
  <message>(Default) dog = </message>
  <nestedLevel>1</nestedLevel>
</record>
<record>
  <date>2019-12-05T09:44:45</date>
  <millis>1575513885935</millis>
  <sequence>52</sequence>
  <level>START</level>
  <class>com.kms.katalon.core.logging.XmlKeywordLogger</class>
  <method>startKeyword</method>
  <thread>1</thread>
  <message>Start action : requestObject = findTestObject(\&amp;quot;requestbin\&amp;quot;, [\&amp;quot;productName\&amp;quot;:productName, \&amp;quot;dog\&amp;quot;:dog])</message>
  <nestedLevel>1</nestedLevel>
  <property name="startLine">20</property>
  <property name="stepIndex">1</property>
</record>
<record>
  <date>2019-12-05T09:44:46</date>
  <millis>1575513886154</millis>
  <sequence>54</sequence>
  <level>END</level>
  <class>com.kms.katalon.core.logging.XmlKeywordLogger</class>
  <method>endKeyword</method>
  <thread>1</thread>
  <message>End action : requestObject = findTestObject(\&amp;quot;requestbin\&amp;quot;, [\&amp;quot;productName\&amp;quot;:productName, \&amp;quot;dog\&amp;quot;:dog])</message>
  <nestedLevel>1</nestedLevel>
</record>
<record>
  <date>2019-12-05T09:44:46</date>
  <millis>1575513886154</millis>
  <sequence>55</sequence>
  <level>START</level>
  <class>com.kms.katalon.core.logging.XmlKeywordLogger</class>
  <method>startKeyword</method>
  <thread>1</thread>
  <message>Start action : response1 = sendRequest(requestObject)</message>
  <nestedLevel>1</nestedLevel>
  <property name="startLine">22</property>
  <property name="stepIndex">2</property>
</record>
<record>
  <date>2019-12-05T09:44:48</date>
  <millis>1575513888325</millis>
  <sequence>57</sequence>
  <level>INFO</level>
  <class>com.kms.katalon.core.logging.XmlKeywordLogger</class>
  <method>logMessage</method>
  <thread>1</thread>
  <message>HAR: /Users/huynguyen/Katalon Studio/api/Reports/20191205_094400/api-suite23/20191205_094400/requests/main/1.har</message>
  <nestedLevel>1</nestedLevel>
  <property name="harId">b4e1f7af-8ba1-44f6-b41b-22f2a703ee2b</property>
</record>
<record>
  <date>2019-12-05T09:44:48</date>
  <millis>1575513888328</millis>
  <sequence>58</sequence>
  <level>PASSED</level>
  <class>com.kms.katalon.core.logging.XmlKeywordLogger</class>
  <method>logMessage</method>
  <thread>1</thread>
  <message>Send request successfully</message>
  <nestedLevel>1</nestedLevel>
</record>
<record>
  <date>2019-12-05T09:44:48</date>
  <millis>1575513888328</millis>
  <sequence>59</sequence>
  <level>END</level>
  <class>com.kms.katalon.core.logging.XmlKeywordLogger</class>
  <method>endKeyword</method>
  <thread>1</thread>
  <message>End action : response1 = sendRequest(requestObject)</message>
  <nestedLevel>1</nestedLevel>
</record>
<record>
  <date>2019-12-05T09:44:48</date>
  <millis>1575513888328</millis>
  <sequence>60</sequence>
  <level>START</level>
  <class>com.kms.katalon.core.logging.XmlKeywordLogger</class>
  <method>startKeyword</method>
  <thread>1</thread>
  <message>Start action : verifyResponseStatusCode(response1, 200)</message>
  <nestedLevel>1</nestedLevel>
  <property name="startLine">24</property>
  <property name="stepIndex">3</property>
</record>
<record>
  <date>2019-12-05T09:44:48</date>
  <millis>1575513888332</millis>
  <sequence>62</sequence>
  <level>PASSED</level>
  <class>com.kms.katalon.core.logging.XmlKeywordLogger</class>
  <method>logMessage</method>
  <thread>1</thread>
  <message>Verify response status code successfully</message>
  <nestedLevel>1</nestedLevel>
</record>
<record>
  <date>2019-12-05T09:44:48</date>
  <millis>1575513888335</millis>
  <sequence>63</sequence>
  <level>END</level>
  <class>com.kms.katalon.core.logging.XmlKeywordLogger</class>
  <method>endKeyword</method>
  <thread>1</thread>
  <message>End action : verifyResponseStatusCode(response1, 200)</message>
  <nestedLevel>1</nestedLevel>
</record>
<record>
  <date>2019-12-05T09:44:48</date>
  <millis>1575513888335</millis>
  <sequence>64</sequence>
  <level>START</level>
  <class>com.kms.katalon.core.logging.XmlKeywordLogger</class>
  <method>startKeyword</method>
  <thread>1</thread>
  <message>Start action : getStatusCode()).isEqualTo(200)</message>
  <nestedLevel>1</nestedLevel>
  <property name="startLine">26</property>
  <property name="stepIndex">4</property>
</record>
<record>
  <date>2019-12-05T09:44:48</date>
  <millis>1575513888339</millis>
  <sequence>65</sequence>
  <level>END</level>
  <class>com.kms.katalon.core.logging.XmlKeywordLogger</class>
  <method>endKeyword</method>
  <thread>1</thread>
  <message>End action : getStatusCode()).isEqualTo(200)</message>
  <nestedLevel>1</nestedLevel>
</record>
<record>
  <date>2019-12-05T09:44:48</date>
  <millis>1575513888339</millis>
  <sequence>66</sequence>
  <level>START</level>
  <class>com.kms.katalon.core.logging.XmlKeywordLogger</class>
  <method>startKeyword</method>
  <thread>1</thread>
  <message>Start action : verifyElementPropertyValue(response1, \&amp;quot;success\&amp;quot;, true)</message>
  <nestedLevel>1</nestedLevel>
  <property name="startLine">28</property>
  <property name="stepIndex">5</property>
</record>
<record>
  <date>2019-12-05T09:44:48</date>
  <millis>1575513888454</millis>
  <sequence>68</sequence>
  <level>PASSED</level>
  <class>com.kms.katalon.core.logging.XmlKeywordLogger</class>
  <method>logMessage</method>
  <thread>1</thread>
  <message>Verify element property value successfully</message>
  <nestedLevel>1</nestedLevel>
</record>
<record>
  <date>2019-12-05T09:44:48</date>
  <millis>1575513888455</millis>
  <sequence>69</sequence>
  <level>END</level>
  <class>com.kms.katalon.core.logging.XmlKeywordLogger</class>
  <method>endKeyword</method>
  <thread>1</thread>
  <message>End action : verifyElementPropertyValue(response1, \&amp;quot;success\&amp;quot;, true)</message>
  <nestedLevel>1</nestedLevel>
</record>
<record>
  <date>2019-12-05T09:44:48</date>
  <millis>1575513888455</millis>
  <sequence>70</sequence>
  <level>START</level>
  <class>com.kms.katalon.core.logging.XmlKeywordLogger</class>
  <method>startKeyword</method>
  <thread>1</thread>
  <message>Start action : response2 = sendRequestAndVerify(requestObject)</message>
  <nestedLevel>1</nestedLevel>
  <property name="startLine">30</property>
  <property name="stepIndex">6</property>
</record>
<record>
  <date>2019-12-05T09:44:50</date>
  <millis>1575513890054</millis>
  <sequence>72</sequence>
  <level>INFO</level>
  <class>com.kms.katalon.core.logging.XmlKeywordLogger</class>
  <method>logMessage</method>
  <thread>1</thread>
  <message>HAR: /Users/huynguyen/Katalon Studio/api/Reports/20191205_094400/api-suite23/20191205_094400/requests/main/2.har</message>
  <nestedLevel>1</nestedLevel>
  <property name="harId">0280ce9f-5b12-4688-82a6-e18a5e235852</property>
</record>
<record>
  <date>2019-12-05T09:44:50</date>
  <millis>1575513890109</millis>
  <sequence>74</sequence>
  <level>START</level>
  <class>com.kms.katalon.core.logging.XmlKeywordLogger</class>
  <method>startTest</method>
  <thread>1</thread>
  <message>Start Test Case : Verification</message>
  <nestedLevel>2</nestedLevel>
</record>
<record>
  <date>2019-12-05T09:44:50</date>
  <millis>1575513890223</millis>
  <sequence>75</sequence>
  <level>START</level>
  <class>com.kms.katalon.core.logging.XmlKeywordLogger</class>
  <method>startKeyword</method>
  <thread>1</thread>
  <message>Start action : request = getInstance().getCurrentRequest()</message>
  <nestedLevel>1</nestedLevel>
  <property name="startLine">11</property>
  <property name="stepIndex">1</property>
</record>
<record>
  <date>2019-12-05T09:44:50</date>
  <millis>1575513890225</millis>
  <sequence>76</sequence>
  <level>END</level>
  <class>com.kms.katalon.core.logging.XmlKeywordLogger</class>
  <method>endKeyword</method>
  <thread>1</thread>
  <message>End action : request = getInstance().getCurrentRequest()</message>
  <nestedLevel>1</nestedLevel>
</record>
<record>
  <date>2019-12-05T09:44:50</date>
  <millis>1575513890225</millis>
  <sequence>77</sequence>
  <level>START</level>
  <class>com.kms.katalon.core.logging.XmlKeywordLogger</class>
  <method>startKeyword</method>
  <thread>1</thread>
  <message>Start action : response = getInstance().getCurrentResponse()</message>
  <nestedLevel>1</nestedLevel>
  <property name="startLine">13</property>
  <property name="stepIndex">2</property>
</record>
<record>
  <date>2019-12-05T09:44:50</date>
  <millis>1575513890227</millis>
  <sequence>78</sequence>
  <level>END</level>
  <class>com.kms.katalon.core.logging.XmlKeywordLogger</class>
  <method>endKeyword</method>
  <thread>1</thread>
  <message>End action : response = getInstance().getCurrentResponse()</message>
  <nestedLevel>1</nestedLevel>
</record>
<record>
  <date>2019-12-05T09:44:50</date>
  <millis>1575513890227</millis>
  <sequence>79</sequence>
  <level>START</level>
  <class>com.kms.katalon.core.logging.XmlKeywordLogger</class>
  <method>startKeyword</method>
  <thread>1</thread>
  <message>Start action : verifyResponseStatusCode(response, 200)</message>
  <nestedLevel>1</nestedLevel>
  <property name="startLine">18</property>
  <property name="stepIndex">3</property>
</record>
<record>
  <date>2019-12-05T09:44:50</date>
  <millis>1575513890229</millis>
  <sequence>81</sequence>
  <level>PASSED</level>
  <class>com.kms.katalon.core.logging.XmlKeywordLogger</class>
  <method>logMessage</method>
  <thread>1</thread>
  <message>Verify response status code successfully</message>
  <nestedLevel>2</nestedLevel>
</record>
<record>
  <date>2019-12-05T09:44:50</date>
  <millis>1575513890230</millis>
  <sequence>82</sequence>
  <level>END</level>
  <class>com.kms.katalon.core.logging.XmlKeywordLogger</class>
  <method>endKeyword</method>
  <thread>1</thread>
  <message>End action : verifyResponseStatusCode(response, 200)</message>
  <nestedLevel>1</nestedLevel>
</record>
<record>
  <date>2019-12-05T09:44:50</date>
  <millis>1575513890230</millis>
  <sequence>83</sequence>
  <level>START</level>
  <class>com.kms.katalon.core.logging.XmlKeywordLogger</class>
  <method>startKeyword</method>
  <thread>1</thread>
  <message>Start action : getStatusCode()).isEqualTo(200)</message>
  <nestedLevel>1</nestedLevel>
  <property name="startLine">20</property>
  <property name="stepIndex">4</property>
</record>
<record>
  <date>2019-12-05T09:44:50</date>
  <millis>1575513890231</millis>
  <sequence>84</sequence>
  <level>END</level>
  <class>com.kms.katalon.core.logging.XmlKeywordLogger</class>
  <method>endKeyword</method>
  <thread>1</thread>
  <message>End action : getStatusCode()).isEqualTo(200)</message>
  <nestedLevel>1</nestedLevel>
</record>
<record>
  <date>2019-12-05T09:44:50</date>
  <millis>1575513890231</millis>
  <sequence>85</sequence>
  <level>START</level>
  <class>com.kms.katalon.core.logging.XmlKeywordLogger</class>
  <method>startKeyword</method>
  <thread>1</thread>
  <message>Start action : verifyElementPropertyValue(response, \&amp;quot;success\&amp;quot;, true)</message>
  <nestedLevel>1</nestedLevel>
  <property name="startLine">23</property>
  <property name="stepIndex">5</property>
</record>
<record>
  <date>2019-12-05T09:44:50</date>
  <millis>1575513890259</millis>
  <sequence>87</sequence>
  <level>PASSED</level>
  <class>com.kms.katalon.core.logging.XmlKeywordLogger</class>
  <method>logMessage</method>
  <thread>1</thread>
  <message>Verify element property value successfully</message>
  <nestedLevel>2</nestedLevel>
</record>
<record>
  <date>2019-12-05T09:44:50</date>
  <millis>1575513890260</millis>
  <sequence>88</sequence>
  <level>END</level>
  <class>com.kms.katalon.core.logging.XmlKeywordLogger</class>
  <method>endKeyword</method>
  <thread>1</thread>
  <message>End action : verifyElementPropertyValue(response, \&amp;quot;success\&amp;quot;, true)</message>
  <nestedLevel>1</nestedLevel>
</record>
<record>
  <date>2019-12-05T09:44:50</date>
  <millis>1575513890260</millis>
  <sequence>89</sequence>
  <level>START</level>
  <class>com.kms.katalon.core.logging.XmlKeywordLogger</class>
  <method>startKeyword</method>
  <thread>1</thread>
  <message>Start action : println(getVariables().get(\&amp;quot;productName\&amp;quot;))</message>
  <nestedLevel>1</nestedLevel>
  <property name="startLine">25</property>
  <property name="stepIndex">6</property>
</record>
<record>
  <date>2019-12-05T09:44:50</date>
  <millis>1575513890269</millis>
  <sequence>90</sequence>
  <level>END</level>
  <class>com.kms.katalon.core.logging.XmlKeywordLogger</class>
  <method>endKeyword</method>
  <thread>1</thread>
  <message>End action : println(getVariables().get(\&amp;quot;productName\&amp;quot;))</message>
  <nestedLevel>1</nestedLevel>
</record>
<record>
  <date>2019-12-05T09:44:50</date>
  <millis>1575513890270</millis>
  <sequence>91</sequence>
  <level>START</level>
  <class>com.kms.katalon.core.logging.XmlKeywordLogger</class>
  <method>startKeyword</method>
  <thread>1</thread>
  <message>Start action : println(getVariables().get(\&amp;quot;test\&amp;quot;))</message>
  <nestedLevel>1</nestedLevel>
  <property name="startLine">27</property>
  <property name="stepIndex">7</property>
</record>
<record>
  <date>2019-12-05T09:44:50</date>
  <millis>1575513890271</millis>
  <sequence>92</sequence>
  <level>END</level>
  <class>com.kms.katalon.core.logging.XmlKeywordLogger</class>
  <method>endKeyword</method>
  <thread>1</thread>
  <message>End action : println(getVariables().get(\&amp;quot;test\&amp;quot;))</message>
  <nestedLevel>1</nestedLevel>
</record>
<record>
  <date>2019-12-05T09:44:50</date>
  <millis>1575513890271</millis>
  <sequence>93</sequence>
  <level>PASSED</level>
  <class>com.kms.katalon.core.logging.XmlKeywordLogger</class>
  <method>logMessage</method>
  <thread>1</thread>
  <message>Verification accomplished successfully</message>
  <nestedLevel>2</nestedLevel>
</record>
<record>
  <date>2019-12-05T09:44:50</date>
  <millis>1575513890271</millis>
  <sequence>94</sequence>
  <level>END</level>
  <class>com.kms.katalon.core.logging.XmlKeywordLogger</class>
  <method>endTest</method>
  <thread>1</thread>
  <message>End Test Case : Verification</message>
  <nestedLevel>1</nestedLevel>
</record>
<record>
  <date>2019-12-05T09:44:50</date>
  <millis>1575513890271</millis>
  <sequence>95</sequence>
  <level>PASSED</level>
  <class>com.kms.katalon.core.logging.XmlKeywordLogger</class>
  <method>logMessage</method>
  <thread>1</thread>
  <message>Verify response successfully</message>
  <nestedLevel>1</nestedLevel>
</record>
<record>
  <date>2019-12-05T09:44:50</date>
  <millis>1575513890272</millis>
  <sequence>96</sequence>
  <level>PASSED</level>
  <class>com.kms.katalon.core.logging.XmlKeywordLogger</class>
  <method>logMessage</method>
  <thread>1</thread>
  <message>Send request and verify the response successfully</message>
  <nestedLevel>1</nestedLevel>
</record>
<record>
  <date>2019-12-05T09:44:50</date>
  <millis>1575513890272</millis>
  <sequence>97</sequence>
  <level>END</level>
  <class>com.kms.katalon.core.logging.XmlKeywordLogger</class>
  <method>endKeyword</method>
  <thread>1</thread>
  <message>End action : response2 = sendRequestAndVerify(requestObject)</message>
  <nestedLevel>1</nestedLevel>
</record>
<record>
  <date>2019-12-05T09:44:50</date>
  <millis>1575513890272</millis>
  <sequence>98</sequence>
  <level>START</level>
  <class>com.kms.katalon.core.logging.XmlKeywordLogger</class>
  <method>startKeyword</method>
  <thread>1</thread>
  <message>Start action : verifyResponseStatusCode(response2, 200)</message>
  <nestedLevel>1</nestedLevel>
  <property name="startLine">32</property>
  <property name="stepIndex">7</property>
</record>
<record>
  <date>2019-12-05T09:44:50</date>
  <millis>1575513890274</millis>
  <sequence>100</sequence>
  <level>PASSED</level>
  <class>com.kms.katalon.core.logging.XmlKeywordLogger</class>
  <method>logMessage</method>
  <thread>1</thread>
  <message>Verify response status code successfully</message>
  <nestedLevel>1</nestedLevel>
</record>
<record>
  <date>2019-12-05T09:44:50</date>
  <millis>1575513890274</millis>
  <sequence>101</sequence>
  <level>END</level>
  <class>com.kms.katalon.core.logging.XmlKeywordLogger</class>
  <method>endKeyword</method>
  <thread>1</thread>
  <message>End action : verifyResponseStatusCode(response2, 200)</message>
  <nestedLevel>1</nestedLevel>
</record>
<record>
  <date>2019-12-05T09:44:50</date>
  <millis>1575513890274</millis>
  <sequence>102</sequence>
  <level>START</level>
  <class>com.kms.katalon.core.logging.XmlKeywordLogger</class>
  <method>startKeyword</method>
  <thread>1</thread>
  <message>Start action : getStatusCode()).isEqualTo(200)</message>
  <nestedLevel>1</nestedLevel>
  <property name="startLine">34</property>
  <property name="stepIndex">8</property>
</record>
<record>
  <date>2019-12-05T09:44:50</date>
  <millis>1575513890275</millis>
  <sequence>103</sequence>
  <level>END</level>
  <class>com.kms.katalon.core.logging.XmlKeywordLogger</class>
  <method>endKeyword</method>
  <thread>1</thread>
  <message>End action : getStatusCode()).isEqualTo(200)</message>
  <nestedLevel>1</nestedLevel>
</record>
<record>
  <date>2019-12-05T09:44:50</date>
  <millis>1575513890275</millis>
  <sequence>104</sequence>
  <level>START</level>
  <class>com.kms.katalon.core.logging.XmlKeywordLogger</class>
  <method>startKeyword</method>
  <thread>1</thread>
  <message>Start action : verifyElementPropertyValue(response2, \&amp;quot;success\&amp;quot;, true)</message>
  <nestedLevel>1</nestedLevel>
  <property name="startLine">36</property>
  <property name="stepIndex">9</property>
</record>
<record>
  <date>2019-12-05T09:44:50</date>
  <millis>1575513890295</millis>
  <sequence>106</sequence>
  <level>PASSED</level>
  <class>com.kms.katalon.core.logging.XmlKeywordLogger</class>
  <method>logMessage</method>
  <thread>1</thread>
  <message>Verify element property value successfully</message>
  <nestedLevel>1</nestedLevel>
</record>
<record>
  <date>2019-12-05T09:44:50</date>
  <millis>1575513890296</millis>
  <sequence>107</sequence>
  <level>END</level>
  <class>com.kms.katalon.core.logging.XmlKeywordLogger</class>
  <method>endKeyword</method>
  <thread>1</thread>
  <message>End action : verifyElementPropertyValue(response2, \&amp;quot;success\&amp;quot;, true)</message>
  <nestedLevel>1</nestedLevel>
</record>
<record>
  <date>2019-12-05T09:44:50</date>
  <millis>1575513890296</millis>
  <sequence>108</sequence>
  <level>PASSED</level>
  <class>com.kms.katalon.core.logging.XmlKeywordLogger</class>
  <method>logMessage</method>
  <thread>1</thread>
  <message>Test Cases/requestbin</message>
  <nestedLevel>1</nestedLevel>
</record>
<record>
  <date>2019-12-05T09:44:50</date>
  <millis>1575513890296</millis>
  <sequence>109</sequence>
  <level>START</level>
  <class>com.kms.katalon.core.logging.XmlKeywordLogger</class>
  <method>startKeyword</method>
  <thread>1</thread>
  <message>Start listener action : sampleAfterTestCase</message>
  <nestedLevel>1</nestedLevel>
</record>
<record>
  <date>2019-12-05T09:44:50</date>
  <millis>1575513890296</millis>
  <sequence>112</sequence>
  <level>END</level>
  <class>com.kms.katalon.core.logging.XmlKeywordLogger</class>
  <method>endKeyword</method>
  <thread>1</thread>
  <message>End listener action : sampleAfterTestCase</message>
  <nestedLevel>1</nestedLevel>
</record>
<record>
  <date>2019-12-05T09:44:52</date>
  <millis>1575513892313</millis>
  <sequence>113</sequence>
  <level>START</level>
  <class>com.kms.katalon.core.logging.XmlKeywordLogger</class>
  <method>startKeyword</method>
  <thread>1</thread>
  <message>Start action : Video</message>
  <nestedLevel>1</nestedLevel>
</record>
<record>
  <date>2019-12-05T09:44:52</date>
  <millis>1575513892314</millis>
  <sequence>114</sequence>
  <level>INFO</level>
  <class>com.kms.katalon.core.logging.XmlKeywordLogger</class>
  <method>logMessage</method>
  <thread>1</thread>
  <message>Video recording for test case &amp;apos;Test Cases/requestbin&amp;apos; .</message>
  <nestedLevel>1</nestedLevel>
  <property name="attachment">/Users/huynguyen/Katalon Studio/api/Reports/20191205_094400/api-suite23/20191205_094400/videos/test_2.mov</property>
</record>
<record>
  <date>2019-12-05T09:44:52</date>
  <millis>1575513892314</millis>
  <sequence>115</sequence>
  <level>END</level>
  <class>com.kms.katalon.core.logging.XmlKeywordLogger</class>
  <method>endKeyword</method>
  <thread>1</thread>
  <message>End End action : Video</message>
  <nestedLevel>1</nestedLevel>
</record>
<record>
  <date>2019-12-05T09:44:52</date>
  <millis>1575513892314</millis>
  <sequence>116</sequence>
  <level>END</level>
  <class>com.kms.katalon.core.logging.XmlKeywordLogger</class>
  <method>endTest</method>
  <thread>1</thread>
  <message>End Test Case : Test Cases/requestbin</message>
  <nestedLevel>0</nestedLevel>
</record>
<record>
  <date>2019-12-05T09:44:52</date>
  <millis>1575513892315</millis>
  <sequence>117</sequence>
  <level>INFO</level>
  <class>com.kms.katalon.core.logging.XmlKeywordLogger</class>
  <method>logMessage</method>
  <thread>1</thread>
  <message>=================== Smart XPath Report =======================</message>
  <nestedLevel>0</nestedLevel>
</record>
<record>
  <date>2019-12-05T09:44:52</date>
  <millis>1575513892315</millis>
  <sequence>118</sequence>
  <level>INFO</level>
  <class>com.kms.katalon.core.logging.XmlKeywordLogger</class>
  <method>logMessage</method>
  <thread>1</thread>
  <message>Refer to the link below to preview and approve auto healing on broken test objects.</message>
  <nestedLevel>0</nestedLevel>
</record>
<record>
  <date>2019-12-05T09:44:52</date>
  <millis>1575513892315</millis>
  <sequence>119</sequence>
  <level>INFO</level>
  <class>com.kms.katalon.core.logging.XmlKeywordLogger</class>
  <method>logMessage</method>
  <thread>1</thread>
  <message>https://docs.katalon.com/katalon-studio/docs/auto-healing-smart-xpath.html</message>
  <nestedLevel>0</nestedLevel>
</record>
<record>
  <date>2019-12-05T09:44:52</date>
  <millis>1575513892316</millis>
  <sequence>120</sequence>
  <level>INFO</level>
  <class>com.kms.katalon.core.logging.XmlKeywordLogger</class>
  <method>logMessage</method>
  <thread>1</thread>
  <message>===============================================================</message>
  <nestedLevel>0</nestedLevel>
</record>
<record>
  <date>2019-12-05T09:44:52</date>
  <millis>1575513892319</millis>
  <sequence>121</sequence>
  <level>START</level>
  <class>com.kms.katalon.core.logging.XmlKeywordLogger</class>
  <method>startTest</method>
  <thread>1</thread>
  <message>Start Test Case : Test Cases/mockoon</message>
  <nestedLevel>1</nestedLevel>
  <property name="name">Test Cases/mockoon</property>
  <property name="description"></property>
  <property name="id">Test Cases/mockoon</property>
  <property name="source">\\Users\\huynguyen\\Katalon Studio\\api\\Test Cases\\mockoon.tc</property>
  <property name="tag"></property>
  <property name="isOptional">false</property>
</record>
<record>
  <date>2019-12-05T09:44:52</date>
  <millis>1575513892500</millis>
  <sequence>123</sequence>
  <level>START</level>
  <class>com.kms.katalon.core.logging.XmlKeywordLogger</class>
  <method>startKeyword</method>
  <thread>1</thread>
  <message>Start action : sendRequest(findTestObject(\&amp;quot;mockoon\&amp;quot;))</message>
  <nestedLevel>1</nestedLevel>
  <property name="startLine">17</property>
  <property name="stepIndex">1</property>
</record>
<record>
  <date>2019-12-05T09:44:52</date>
  <millis>1575513892802</millis>
  <sequence>126</sequence>
  <level>INFO</level>
  <class>com.kms.katalon.core.logging.XmlKeywordLogger</class>
  <method>logMessage</method>
  <thread>1</thread>
  <message>HAR: /Users/huynguyen/Katalon Studio/api/Reports/20191205_094400/api-suite23/20191205_094400/requests/main/3.har</message>
  <nestedLevel>1</nestedLevel>
  <property name="harId">33e80861-72ec-43e6-9076-80618029d207</property>
</record>
<record>
  <date>2019-12-05T09:44:52</date>
  <millis>1575513892804</millis>
  <sequence>127</sequence>
  <level>PASSED</level>
  <class>com.kms.katalon.core.logging.XmlKeywordLogger</class>
  <method>logMessage</method>
  <thread>1</thread>
  <message>Send request successfully</message>
  <nestedLevel>1</nestedLevel>
</record>
<record>
  <date>2019-12-05T09:44:52</date>
  <millis>1575513892805</millis>
  <sequence>128</sequence>
  <level>END</level>
  <class>com.kms.katalon.core.logging.XmlKeywordLogger</class>
  <method>endKeyword</method>
  <thread>1</thread>
  <message>End action : sendRequest(findTestObject(\&amp;quot;mockoon\&amp;quot;))</message>
  <nestedLevel>1</nestedLevel>
</record>
<record>
  <date>2019-12-05T09:44:52</date>
  <millis>1575513892805</millis>
  <sequence>129</sequence>
  <level>PASSED</level>
  <class>com.kms.katalon.core.logging.XmlKeywordLogger</class>
  <method>logMessage</method>
  <thread>1</thread>
  <message>Test Cases/mockoon</message>
  <nestedLevel>1</nestedLevel>
</record>
<record>
  <date>2019-12-05T09:44:52</date>
  <millis>1575513892805</millis>
  <sequence>130</sequence>
  <level>START</level>
  <class>com.kms.katalon.core.logging.XmlKeywordLogger</class>
  <method>startKeyword</method>
  <thread>1</thread>
  <message>Start listener action : sampleAfterTestCase</message>
  <nestedLevel>1</nestedLevel>
</record>
<record>
  <date>2019-12-05T09:44:52</date>
  <millis>1575513892807</millis>
  <sequence>133</sequence>
  <level>END</level>
  <class>com.kms.katalon.core.logging.XmlKeywordLogger</class>
  <method>endKeyword</method>
  <thread>1</thread>
  <message>End listener action : sampleAfterTestCase</message>
  <nestedLevel>1</nestedLevel>
</record>
<record>
  <date>2019-12-05T09:44:54</date>
  <millis>1575513894880</millis>
  <sequence>134</sequence>
  <level>START</level>
  <class>com.kms.katalon.core.logging.XmlKeywordLogger</class>
  <method>startKeyword</method>
  <thread>1</thread>
  <message>Start action : Video</message>
  <nestedLevel>1</nestedLevel>
</record>
<record>
  <date>2019-12-05T09:44:54</date>
  <millis>1575513894880</millis>
  <sequence>135</sequence>
  <level>INFO</level>
  <class>com.kms.katalon.core.logging.XmlKeywordLogger</class>
  <method>logMessage</method>
  <thread>1</thread>
  <message>Video recording for test case &amp;apos;Test Cases/mockoon&amp;apos; .</message>
  <nestedLevel>1</nestedLevel>
  <property name="attachment">/Users/huynguyen/Katalon Studio/api/Reports/20191205_094400/api-suite23/20191205_094400/videos/test_3.mov</property>
</record>
<record>
  <date>2019-12-05T09:44:54</date>
  <millis>1575513894880</millis>
  <sequence>136</sequence>
  <level>END</level>
  <class>com.kms.katalon.core.logging.XmlKeywordLogger</class>
  <method>endKeyword</method>
  <thread>1</thread>
  <message>End End action : Video</message>
  <nestedLevel>1</nestedLevel>
</record>
<record>
  <date>2019-12-05T09:44:54</date>
  <millis>1575513894881</millis>
  <sequence>137</sequence>
  <level>END</level>
  <class>com.kms.katalon.core.logging.XmlKeywordLogger</class>
  <method>endTest</method>
  <thread>1</thread>
  <message>End Test Case : Test Cases/mockoon</message>
  <nestedLevel>0</nestedLevel>
</record>
<record>
  <date>2019-12-05T09:44:54</date>
  <millis>1575513894881</millis>
  <sequence>138</sequence>
  <level>INFO</level>
  <class>com.kms.katalon.core.logging.XmlKeywordLogger</class>
  <method>logMessage</method>
  <thread>1</thread>
  <message>=================== Smart XPath Report =======================</message>
  <nestedLevel>0</nestedLevel>
</record>
<record>
  <date>2019-12-05T09:44:54</date>
  <millis>1575513894881</millis>
  <sequence>139</sequence>
  <level>INFO</level>
  <class>com.kms.katalon.core.logging.XmlKeywordLogger</class>
  <method>logMessage</method>
  <thread>1</thread>
  <message>Refer to the link below to preview and approve auto healing on broken test objects.</message>
  <nestedLevel>0</nestedLevel>
</record>
<record>
  <date>2019-12-05T09:44:54</date>
  <millis>1575513894882</millis>
  <sequence>140</sequence>
  <level>INFO</level>
  <class>com.kms.katalon.core.logging.XmlKeywordLogger</class>
  <method>logMessage</method>
  <thread>1</thread>
  <message>https://docs.katalon.com/katalon-studio/docs/auto-healing-smart-xpath.html</message>
  <nestedLevel>0</nestedLevel>
</record>
<record>
  <date>2019-12-05T09:44:54</date>
  <millis>1575513894882</millis>
  <sequence>141</sequence>
  <level>INFO</level>
  <class>com.kms.katalon.core.logging.XmlKeywordLogger</class>
  <method>logMessage</method>
  <thread>1</thread>
  <message>===============================================================</message>
  <nestedLevel>0</nestedLevel>
</record>
<record>
  <date>2019-12-05T09:44:54</date>
  <millis>1575513894882</millis>
  <sequence>142</sequence>
  <level>START</level>
  <class>com.kms.katalon.core.logging.XmlKeywordLogger</class>
  <method>startKeyword</method>
  <thread>1</thread>
  <message>Start listener action : exportKatalonReports</message>
  <nestedLevel>0</nestedLevel>
</record>
<record>
  <date>2019-12-05T09:44:54</date>
  <millis>1575513894969</millis>
  <sequence>378</sequence>
  <level>INFO</level>
  <class>com.kms.katalon.core.logging.XmlKeywordLogger</class>
  <method>logMessage</method>
  <thread>1</thread>
  <message>Start generating HTML report folder at: /Users/huynguyen/Katalon Studio/api/Reports/20191205_094400/api-suite23/20191205_094400...</message>
  <nestedLevel>0</nestedLevel>
</record>
<record>
  <date>2019-12-05T09:44:56</date>
  <millis>1575513896684</millis>
  <sequence>379</sequence>
  <level>INFO</level>
  <class>com.kms.katalon.core.logging.XmlKeywordLogger</class>
  <method>logMessage</method>
  <thread>1</thread>
  <message>HTML report generated</message>
  <nestedLevel>0</nestedLevel>
</record>
<record>
  <date>2019-12-05T09:44:56</date>
  <millis>1575513896684</millis>
  <sequence>380</sequence>
  <level>INFO</level>
  <class>com.kms.katalon.core.logging.XmlKeywordLogger</class>
  <method>logMessage</method>
  <thread>1</thread>
  <message>Start generating CSV report folder at: /Users/huynguyen/Katalon Studio/api/Reports/20191205_094400/api-suite23/20191205_094400...</message>
  <nestedLevel>0</nestedLevel>
</record>
<record>
  <date>2019-12-05T09:44:56</date>
  <millis>1575513896697</millis>
  <sequence>381</sequence>
  <level>INFO</level>
  <class>com.kms.katalon.core.logging.XmlKeywordLogger</class>
  <method>logMessage</method>
  <thread>1</thread>
  <message>CSV report generated</message>
  <nestedLevel>0</nestedLevel>
</record>
<record>
  <date>2019-12-05T09:44:56</date>
  <millis>1575513896698</millis>
  <sequence>382</sequence>
  <level>INFO</level>
  <class>com.kms.katalon.core.logging.XmlKeywordLogger</class>
  <method>logMessage</method>
  <thread>1</thread>
  <message>Start generating JUnit report folder at: /Users/huynguyen/Katalon Studio/api/Reports/20191205_094400/api-suite23/20191205_094400...</message>
  <nestedLevel>0</nestedLevel>
</record>
<record>
  <date>2019-12-05T09:44:56</date>
  <millis>1575513896841</millis>
  <sequence>383</sequence>
  <level>INFO</level>
  <class>com.kms.katalon.core.logging.XmlKeywordLogger</class>
  <method>logMessage</method>
  <thread>1</thread>
  <message>JUnit report generated</message>
  <nestedLevel>0</nestedLevel>
</record>
<record>
  <date>2019-12-05T09:44:56</date>
  <millis>1575513896841</millis>
  <sequence>384</sequence>
  <level>INFO</level>
  <class>com.kms.katalon.core.logging.XmlKeywordLogger</class>
  <method>logMessage</method>
  <thread>1</thread>
  <message>Start generating PDF report folder at: /Users/huynguyen/Katalon Studio/api/Reports/20191205_094400/api-suite23/20191205_094400...</message>
  <nestedLevel>0</nestedLevel>
</record>
<record>
  <date>2019-12-05T09:45:01</date>
  <millis>1575513901606</millis>
  <sequence>407</sequence>
  <level>WARNING</level>
  <class>com.kms.katalon.core.logging.XmlKeywordLogger</class>
  <method>logMessage</method>
  <thread>1</thread>
  <message>com.kms.katalon.core.pdf.exception.JasperReportException: Unable to export pdf to location: /Users/huynguyen/Katalon Studio/api/Reports/20191205_094400/api-suite23/20191205_094400/20191205_094400.pdf\n\tat com.kms.katalon.core.pdf.AbstractPdfReportGenerator.exportToPDF(AbstractPdfReportGenerator.java:95)\n\tat com.kms.katalon.core.reporting.ReportWriterUtil.writePdfReport(ReportWriterUtil.java:153)\n\tat com.kms.katalon.core.reporting.ReportWriterUtil$writePdfReport$3.call(Unknown Source)\n\tat KatalonReportListener.exportKatalonReports(KatalonReportListener.groovy:54)\n\tat KatalonReportListener.invokeMethod(KatalonReportListener.groovy)\n\tat com.kms.katalon.core.context.internal.TestHooker.invokeMethod(TestHooker.java:111)\n\tat com.kms.katalon.core.context.internal.TestHooker.lambda$2(TestHooker.java:95)\n\tat com.kms.katalon.core.context.internal.TestHooker.invokeContextMethods(TestHooker.java:94)\n\tat com.kms.katalon.core.context.internal.TestListenerCollector.lambda$3(TestListenerCollector.java:88)\n\tat com.kms.katalon.core.context.internal.TestListenerCollector.handleListenerEvent(TestListenerCollector.java:85)\n\tat com.kms.katalon.core.context.internal.ExecutionEventManager.publicEvent(ExecutionEventManager.java:36)\n\tat com.kms.katalon.core.main.TestSuiteExecutor.execute(TestSuiteExecutor.java:99)\n\tat com.kms.katalon.core.main.TestCaseMain.startTestSuite(TestCaseMain.java:157)\n\tat com.kms.katalon.core.main.TestCaseMain$startTestSuite$0.call(Unknown Source)\n\tat TempTestSuite1575513840100.run(TempTestSuite1575513840100.groovy:35)\nCaused by: net.sf.jasperreports.engine.fill.JRExpressionEvalException: Error evaluating expression for source text: net.sf.jasperreports.engine.JasperCompileManager.compileReport(com.kms.katalon.core.pdf.ResourceUtil.getResourceAsInputStream(com.kms.katalon.core.pdf.AbstractPdfReportGenerator.class, $P{TEST_CASE_TPL}))\n\tat net.sf.jasperreports.engine.fill.JREvaluator.evaluate(JREvaluator.java:291)\n\tat net.sf.jasperreports.engine.fill.JRCalculator.evaluate(JRCalculator.java:618)\n\tat net.sf.jasperreports.engine.fill.JRCalculator.evaluate(JRCalculator.java:586)\n\tat net.sf.jasperreports.engine.fill.JRFillElement.evaluateExpression(JRFillElement.java:1020)\n\tat net.sf.jasperreports.engine.fill.JRFillSubreport.evaluateReport(JRFillSubreport.java:360)\n\tat net.sf.jasperreports.engine.fill.JRFillSubreport.evaluateSubreport(JRFillSubreport.java:437)\n\tat net.sf.jasperreports.engine.fill.JRFillSubreport.evaluate(JRFillSubreport.java:351)\n\tat net.sf.jasperreports.engine.fill.JRFillElementContainer.evaluate(JRFillElementContainer.java:281)\n\tat net.sf.jasperreports.engine.fill.JRFillBand.evaluate(JRFillBand.java:504)\n\tat net.sf.jasperreports.engine.fill.JRVerticalFiller.fillSummaryNoLastFooterNewPage(JRVerticalFiller.java:1183)\n\tat net.sf.jasperreports.engine.fill.JRVerticalFiller.fillSummary(JRVerticalFiller.java:1033)\n\tat net.sf.jasperreports.engine.fill.JRVerticalFiller.fillReportEnd(JRVerticalFiller.java:290)\n\tat net.sf.jasperreports.engine.fill.JRVerticalFiller.fillReport(JRVerticalFiller.java:126)\n\tat net.sf.jasperreports.engine.fill.JRBaseFiller.fill(JRBaseFiller.java:558)\n\tat net.sf.jasperreports.engine.fill.BaseReportFiller.fill(BaseReportFiller.java:414)\n\tat net.sf.jasperreports.engine.fill.JRFiller.fill(JRFiller.java:122)\n\tat net.sf.jasperreports.engine.JasperFillManager.fill(JasperFillManager.java:667)\n\tat net.sf.jasperreports.engine.JasperFillManager.fillReport(JasperFillManager.java:983)\n\tat com.kms.katalon.core.pdf.AbstractPdfReportGenerator.exportToPDF(AbstractPdfReportGenerator.java:89)\n\t... 14 more\nCaused by: java.lang.NoClassDefFoundError: org/eclipse/core/runtime/Plugin\n\tat org.codehaus.jdt.groovy.integration.LanguageSupportFactory.tryInstantiate(LanguageSupportFactory.java:143)\n\tat org.codehaus.jdt.groovy.integration.LanguageSupportFactory.getLanguageSupport(LanguageSupportFactory.java:128)\n\tat org.codehaus.jdt.groovy.integration.LanguageSupportFactory.getParser(LanguageSupportFactory.java:57)\n\tat org.eclipse.jdt.internal.compiler.Compiler.initializeParser(Compiler.java:836)\n\tat org.eclipse.jdt.internal.compiler.Compiler.&amp;lt;init&amp;gt;(Compiler.java:300)\n\tat org.eclipse.jdt.internal.compiler.Compiler.&amp;lt;init&amp;gt;(Compiler.java:114)\n\tat net.sf.jasperreports.engine.design.JRJdtCompiler.compileUnits(JRJdtCompiler.java:167)\n\tat net.sf.jasperreports.engine.design.JRAbstractCompiler.compileReport(JRAbstractCompiler.java:212)\n\tat net.sf.jasperreports.engine.JasperCompileManager.compile(JasperCompileManager.java:357)\n\tat net.sf.jasperreports.engine.JasperCompileManager.compile(JasperCompileManager.java:343)\n\tat net.sf.jasperreports.engine.JasperCompileManager.compileReport(JasperCompileManager.java:608)\n\tat net.sf.jasperreports.engine.JasperCompileManager$compileReport.call(Unknown Source)\n\tat User32Overview_1575513897845_851141.evaluate(calculator_User32Overview_1575513897845_851141:280)\n\tat net.sf.jasperreports.engine.fill.JREvaluator.evaluate(JREvaluator.java:277)\n\t... 32 more\nCaused by: java.lang.ClassNotFoundException: org.eclipse.core.runtime.Plugin\n\t... 46 more\n</message>
  <nestedLevel>0</nestedLevel>
</record>
<record>
  <date>2019-12-05T09:45:01</date>
  <millis>1575513901611</millis>
  <sequence>409</sequence>
  <level>END</level>
  <class>com.kms.katalon.core.logging.XmlKeywordLogger</class>
  <method>endKeyword</method>
  <thread>1</thread>
  <message>End listener action : exportKatalonReports</message>
  <nestedLevel>0</nestedLevel>
</record>
<record>
  <date>2019-12-05T09:45:01</date>
  <millis>1575513901611</millis>
  <sequence>410</sequence>
  <level>START</level>
  <class>com.kms.katalon.core.logging.XmlKeywordLogger</class>
  <method>startKeyword</method>
  <thread>1</thread>
  <message>Start listener action : sampleAfterTestSuite</message>
  <nestedLevel>0</nestedLevel>
</record>
<record>
  <date>2019-12-05T09:45:01</date>
  <millis>1575513901613</millis>
  <sequence>413</sequence>
  <level>END</level>
  <class>com.kms.katalon.core.logging.XmlKeywordLogger</class>
  <method>endKeyword</method>
  <thread>1</thread>
  <message>End listener action : sampleAfterTestSuite</message>
  <nestedLevel>0</nestedLevel>
</record>
<record>
  <date>2019-12-05T09:45:01</date>
  <millis>1575513901676</millis>
  <sequence>414</sequence>
  <level>END</level>
  <class>com.kms.katalon.core.logging.XmlKeywordLogger</class>
  <method>endSuite</method>
  <thread>1</thread>
  <message>End Test Suite : Test Suites/api-suite23</message>
  <nestedLevel>0</nestedLevel>
</record>
</log>