<?xml version="1.0" encoding="UTF-8" standalone="no"?>
<!DOCTYPE log SYSTEM "logger.dtd">
<log>
<record>
  <date>2019-12-27T18:18:26</date>
  <millis>1577445506916</millis>
  <sequence>0</sequence>
  <level>START</level>
  <class>com.kms.katalon.core.logging.XmlKeywordLogger</class>
  <method>startSuite</method>
  <thread>1</thread>
  <message>Start Test Suite : Test Suites/api-suite23</message>
  <nestedLevel>0</nestedLevel>
  <property name="name">api-suite23</property>
  <property name="description"></property>
  <property name="id">Test Suites/api-suite23</property>
</record>
<record>
  <date>2019-12-27T18:18:26</date>
  <millis>1577445506934</millis>
  <sequence>1</sequence>
  <level>RUN_DATA</level>
  <class>com.kms.katalon.core.logging.XmlKeywordLogger</class>
  <method>logMessage</method>
  <thread>1</thread>
  <message>hostName = huynguyen - 192.168.34.29</message>
  <nestedLevel>0</nestedLevel>
  <property name="hostName">huynguyen - 192.168.34.29</property>
</record>
<record>
  <date>2019-12-27T18:18:26</date>
  <millis>1577445506936</millis>
  <sequence>2</sequence>
  <level>RUN_DATA</level>
  <class>com.kms.katalon.core.logging.XmlKeywordLogger</class>
  <method>logMessage</method>
  <thread>1</thread>
  <message>os = Mac OS X 64bit</message>
  <nestedLevel>0</nestedLevel>
  <property name="os">Mac OS X 64bit</property>
</record>
<record>
  <date>2019-12-27T18:18:26</date>
  <millis>1577445506936</millis>
  <sequence>3</sequence>
  <level>RUN_DATA</level>
  <class>com.kms.katalon.core.logging.XmlKeywordLogger</class>
  <method>logMessage</method>
  <thread>1</thread>
  <message>hostAddress = 192.168.34.29</message>
  <nestedLevel>0</nestedLevel>
  <property name="hostAddress">192.168.34.29</property>
</record>
<record>
  <date>2019-12-27T18:18:26</date>
  <millis>1577445506937</millis>
  <sequence>4</sequence>
  <level>RUN_DATA</level>
  <class>com.kms.katalon.core.logging.XmlKeywordLogger</class>
  <method>logMessage</method>
  <thread>1</thread>
  <message>katalonVersion = 7.2.2.${buildNumber}</message>
  <nestedLevel>0</nestedLevel>
  <property name="katalonVersion">7.2.2.${buildNumber}</property>
</record>
<record>
  <date>2019-12-27T18:18:27</date>
  <millis>1577445507024</millis>
  <sequence>5</sequence>
  <level>INFO</level>
  <class>com.kms.katalon.core.logging.XmlKeywordLogger</class>
  <method>logMessage</method>
  <thread>1</thread>
  <message>Microsoft Teams Incoming Webhook is empty.</message>
  <nestedLevel>0</nestedLevel>
</record>
<record>
  <date>2019-12-27T18:18:27</date>
  <millis>1577445507572</millis>
  <sequence>6</sequence>
  <level>START</level>
  <class>com.kms.katalon.core.logging.XmlKeywordLogger</class>
  <method>startTest</method>
  <thread>1</thread>
  <message>Start Test Case : Test Cases/url-encoded</message>
  <nestedLevel>1</nestedLevel>
  <property name="name">Test Cases/url-encoded</property>
  <property name="description"></property>
  <property name="id">Test Cases/url-encoded</property>
  <property name="source">\\Users\\huynguyen\\Katalon Studio\\api\\Test Cases\\url-encoded.tc</property>
  <property name="tag"></property>
  <property name="isOptional">false</property>
</record>
<record>
  <date>2019-12-27T18:18:28</date>
  <millis>1577445508270</millis>
  <sequence>8</sequence>
  <level>START</level>
  <class>com.kms.katalon.core.logging.XmlKeywordLogger</class>
  <method>startKeyword</method>
  <thread>1</thread>
  <message>Start action : requestObject = findTestObject(\&amp;quot;url-encoded\&amp;quot;)</message>
  <nestedLevel>1</nestedLevel>
  <property name="startLine">14</property>
  <property name="stepIndex">1</property>
</record>
<record>
  <date>2019-12-27T18:18:29</date>
  <millis>1577445509123</millis>
  <sequence>10</sequence>
  <level>END</level>
  <class>com.kms.katalon.core.logging.XmlKeywordLogger</class>
  <method>endKeyword</method>
  <thread>1</thread>
  <message>End action : requestObject = findTestObject(\&amp;quot;url-encoded\&amp;quot;)</message>
  <nestedLevel>1</nestedLevel>
</record>
<record>
  <date>2019-12-27T18:18:29</date>
  <millis>1577445509123</millis>
  <sequence>11</sequence>
  <level>START</level>
  <class>com.kms.katalon.core.logging.XmlKeywordLogger</class>
  <method>startKeyword</method>
  <thread>1</thread>
  <message>Start action : response = sendRequestAndVerify(requestObject)</message>
  <nestedLevel>1</nestedLevel>
  <property name="startLine">15</property>
  <property name="stepIndex">2</property>
</record>
<record>
  <date>2019-12-27T18:18:32</date>
  <millis>1577445512459</millis>
  <sequence>13</sequence>
  <level>INFO</level>
  <class>com.kms.katalon.core.logging.XmlKeywordLogger</class>
  <method>logMessage</method>
  <thread>1</thread>
  <message>HAR: /Users/huynguyen/Katalon Studio/api/Reports/20191227_181823/api-suite23/20191227_181823/requests/main/0.har</message>
  <nestedLevel>1</nestedLevel>
  <property name="harId">8bfe4367-bbe6-4527-96fd-653fd1fc2023</property>
</record>
<record>
  <date>2019-12-27T18:18:32</date>
  <millis>1577445512784</millis>
  <sequence>15</sequence>
  <level>START</level>
  <class>com.kms.katalon.core.logging.XmlKeywordLogger</class>
  <method>startTest</method>
  <thread>1</thread>
  <message>Start Test Case : Verification</message>
  <nestedLevel>2</nestedLevel>
</record>
<record>
  <date>2019-12-27T18:18:33</date>
  <millis>1577445513256</millis>
  <sequence>16</sequence>
  <level>START</level>
  <class>com.kms.katalon.core.logging.XmlKeywordLogger</class>
  <method>startKeyword</method>
  <thread>1</thread>
  <message>Start action : request = getInstance().getCurrentRequest()</message>
  <nestedLevel>1</nestedLevel>
  <property name="startLine">11</property>
  <property name="stepIndex">1</property>
</record>
<record>
  <date>2019-12-27T18:18:33</date>
  <millis>1577445513294</millis>
  <sequence>17</sequence>
  <level>END</level>
  <class>com.kms.katalon.core.logging.XmlKeywordLogger</class>
  <method>endKeyword</method>
  <thread>1</thread>
  <message>End action : request = getInstance().getCurrentRequest()</message>
  <nestedLevel>1</nestedLevel>
</record>
<record>
  <date>2019-12-27T18:18:33</date>
  <millis>1577445513295</millis>
  <sequence>18</sequence>
  <level>START</level>
  <class>com.kms.katalon.core.logging.XmlKeywordLogger</class>
  <method>startKeyword</method>
  <thread>1</thread>
  <message>Start action : response = getInstance().getCurrentResponse()</message>
  <nestedLevel>1</nestedLevel>
  <property name="startLine">13</property>
  <property name="stepIndex">2</property>
</record>
<record>
  <date>2019-12-27T18:18:33</date>
  <millis>1577445513296</millis>
  <sequence>19</sequence>
  <level>END</level>
  <class>com.kms.katalon.core.logging.XmlKeywordLogger</class>
  <method>endKeyword</method>
  <thread>1</thread>
  <message>End action : response = getInstance().getCurrentResponse()</message>
  <nestedLevel>1</nestedLevel>
</record>
<record>
  <date>2019-12-27T18:18:33</date>
  <millis>1577445513297</millis>
  <sequence>20</sequence>
  <level>START</level>
  <class>com.kms.katalon.core.logging.XmlKeywordLogger</class>
  <method>startKeyword</method>
  <thread>1</thread>
  <message>Start action : verifyResponseStatusCode(response, 200)</message>
  <nestedLevel>1</nestedLevel>
  <property name="startLine">15</property>
  <property name="stepIndex">3</property>
</record>
<record>
  <date>2019-12-27T18:18:33</date>
  <millis>1577445513323</millis>
  <sequence>22</sequence>
  <level>PASSED</level>
  <class>com.kms.katalon.core.logging.XmlKeywordLogger</class>
  <method>logMessage</method>
  <thread>1</thread>
  <message>Verify response status code successfully</message>
  <nestedLevel>2</nestedLevel>
</record>
<record>
  <date>2019-12-27T18:18:33</date>
  <millis>1577445513325</millis>
  <sequence>23</sequence>
  <level>END</level>
  <class>com.kms.katalon.core.logging.XmlKeywordLogger</class>
  <method>endKeyword</method>
  <thread>1</thread>
  <message>End action : verifyResponseStatusCode(response, 200)</message>
  <nestedLevel>1</nestedLevel>
</record>
<record>
  <date>2019-12-27T18:18:33</date>
  <millis>1577445513326</millis>
  <sequence>24</sequence>
  <level>START</level>
  <class>com.kms.katalon.core.logging.XmlKeywordLogger</class>
  <method>startKeyword</method>
  <thread>1</thread>
  <message>Start action : getStatusCode()).isEqualTo(200)</message>
  <nestedLevel>1</nestedLevel>
  <property name="startLine">17</property>
  <property name="stepIndex">4</property>
</record>
<record>
  <date>2019-12-27T18:18:33</date>
  <millis>1577445513590</millis>
  <sequence>25</sequence>
  <level>END</level>
  <class>com.kms.katalon.core.logging.XmlKeywordLogger</class>
  <method>endKeyword</method>
  <thread>1</thread>
  <message>End action : getStatusCode()).isEqualTo(200)</message>
  <nestedLevel>1</nestedLevel>
</record>
<record>
  <date>2019-12-27T18:18:33</date>
  <millis>1577445513595</millis>
  <sequence>26</sequence>
  <level>PASSED</level>
  <class>com.kms.katalon.core.logging.XmlKeywordLogger</class>
  <method>logMessage</method>
  <thread>1</thread>
  <message>Verification accomplished successfully</message>
  <nestedLevel>2</nestedLevel>
</record>
<record>
  <date>2019-12-27T18:18:33</date>
  <millis>1577445513597</millis>
  <sequence>27</sequence>
  <level>END</level>
  <class>com.kms.katalon.core.logging.XmlKeywordLogger</class>
  <method>endTest</method>
  <thread>1</thread>
  <message>End Test Case : Verification</message>
  <nestedLevel>1</nestedLevel>
</record>
<record>
  <date>2019-12-27T18:18:33</date>
  <millis>1577445513603</millis>
  <sequence>28</sequence>
  <level>PASSED</level>
  <class>com.kms.katalon.core.logging.XmlKeywordLogger</class>
  <method>logMessage</method>
  <thread>1</thread>
  <message>Verify response successfully</message>
  <nestedLevel>1</nestedLevel>
</record>
<record>
  <date>2019-12-27T18:18:33</date>
  <millis>1577445513603</millis>
  <sequence>29</sequence>
  <level>PASSED</level>
  <class>com.kms.katalon.core.logging.XmlKeywordLogger</class>
  <method>logMessage</method>
  <thread>1</thread>
  <message>Send request and verify the response successfully</message>
  <nestedLevel>1</nestedLevel>
</record>
<record>
  <date>2019-12-27T18:18:33</date>
  <millis>1577445513604</millis>
  <sequence>30</sequence>
  <level>END</level>
  <class>com.kms.katalon.core.logging.XmlKeywordLogger</class>
  <method>endKeyword</method>
  <thread>1</thread>
  <message>End action : response = sendRequestAndVerify(requestObject)</message>
  <nestedLevel>1</nestedLevel>
</record>
<record>
  <date>2019-12-27T18:18:33</date>
  <millis>1577445513604</millis>
  <sequence>31</sequence>
  <level>START</level>
  <class>com.kms.katalon.core.logging.XmlKeywordLogger</class>
  <method>startKeyword</method>
  <thread>1</thread>
  <message>Start action : verifyResponseStatusCode(response, 200)</message>
  <nestedLevel>1</nestedLevel>
  <property name="startLine">16</property>
  <property name="stepIndex">3</property>
</record>
<record>
  <date>2019-12-27T18:18:33</date>
  <millis>1577445513606</millis>
  <sequence>33</sequence>
  <level>PASSED</level>
  <class>com.kms.katalon.core.logging.XmlKeywordLogger</class>
  <method>logMessage</method>
  <thread>1</thread>
  <message>Verify response status code successfully</message>
  <nestedLevel>1</nestedLevel>
</record>
<record>
  <date>2019-12-27T18:18:33</date>
  <millis>1577445513607</millis>
  <sequence>34</sequence>
  <level>END</level>
  <class>com.kms.katalon.core.logging.XmlKeywordLogger</class>
  <method>endKeyword</method>
  <thread>1</thread>
  <message>End action : verifyResponseStatusCode(response, 200)</message>
  <nestedLevel>1</nestedLevel>
</record>
<record>
  <date>2019-12-27T18:18:33</date>
  <millis>1577445513607</millis>
  <sequence>35</sequence>
  <level>START</level>
  <class>com.kms.katalon.core.logging.XmlKeywordLogger</class>
  <method>startKeyword</method>
  <thread>1</thread>
  <message>Start action : println(System.getProperty(\&amp;quot;test\&amp;quot;))</message>
  <nestedLevel>1</nestedLevel>
  <property name="startLine">18</property>
  <property name="stepIndex">4</property>
</record>
<record>
  <date>2019-12-27T18:18:33</date>
  <millis>1577445513633</millis>
  <sequence>36</sequence>
  <level>END</level>
  <class>com.kms.katalon.core.logging.XmlKeywordLogger</class>
  <method>endKeyword</method>
  <thread>1</thread>
  <message>End action : println(System.getProperty(\&amp;quot;test\&amp;quot;))</message>
  <nestedLevel>1</nestedLevel>
</record>
<record>
  <date>2019-12-27T18:18:33</date>
  <millis>1577445513634</millis>
  <sequence>37</sequence>
  <level>PASSED</level>
  <class>com.kms.katalon.core.logging.XmlKeywordLogger</class>
  <method>logMessage</method>
  <thread>1</thread>
  <message>Test Cases/url-encoded</message>
  <nestedLevel>1</nestedLevel>
</record>
<record>
  <date>2019-12-27T18:18:33</date>
  <millis>1577445513637</millis>
  <sequence>38</sequence>
  <level>START</level>
  <class>com.kms.katalon.core.logging.XmlKeywordLogger</class>
  <method>startKeyword</method>
  <thread>1</thread>
  <message>Start listener action : sampleAfterTestCase</message>
  <nestedLevel>1</nestedLevel>
</record>
<record>
  <date>2019-12-27T18:18:33</date>
  <millis>1577445513644</millis>
  <sequence>41</sequence>
  <level>END</level>
  <class>com.kms.katalon.core.logging.XmlKeywordLogger</class>
  <method>endKeyword</method>
  <thread>1</thread>
  <message>End listener action : sampleAfterTestCase</message>
  <nestedLevel>1</nestedLevel>
</record>
<record>
  <date>2019-12-27T18:18:35</date>
  <millis>1577445515728</millis>
  <sequence>42</sequence>
  <level>START</level>
  <class>com.kms.katalon.core.logging.XmlKeywordLogger</class>
  <method>startKeyword</method>
  <thread>1</thread>
  <message>Start action : Video</message>
  <nestedLevel>1</nestedLevel>
</record>
<record>
  <date>2019-12-27T18:18:35</date>
  <millis>1577445515730</millis>
  <sequence>43</sequence>
  <level>INFO</level>
  <class>com.kms.katalon.core.logging.XmlKeywordLogger</class>
  <method>logMessage</method>
  <thread>1</thread>
  <message>Video recording for test case &amp;apos;Test Cases/url-encoded&amp;apos; .</message>
  <nestedLevel>1</nestedLevel>
  <property name="attachment">/Users/huynguyen/Katalon Studio/api/Reports/20191227_181823/api-suite23/20191227_181823/videos/test_1.mov</property>
</record>
<record>
  <date>2019-12-27T18:18:35</date>
  <millis>1577445515730</millis>
  <sequence>44</sequence>
  <level>END</level>
  <class>com.kms.katalon.core.logging.XmlKeywordLogger</class>
  <method>endKeyword</method>
  <thread>1</thread>
  <message>End End action : Video</message>
  <nestedLevel>1</nestedLevel>
</record>
<record>
  <date>2019-12-27T18:18:35</date>
  <millis>1577445515730</millis>
  <sequence>45</sequence>
  <level>END</level>
  <class>com.kms.katalon.core.logging.XmlKeywordLogger</class>
  <method>endTest</method>
  <thread>1</thread>
  <message>End Test Case : Test Cases/url-encoded</message>
  <nestedLevel>0</nestedLevel>
</record>
<record>
  <date>2019-12-27T18:18:35</date>
  <millis>1577445515731</millis>
  <sequence>46</sequence>
  <level>INFO</level>
  <class>com.kms.katalon.core.logging.XmlKeywordLogger</class>
  <method>logMessage</method>
  <thread>1</thread>
  <message>=================== Smart XPath Report =======================</message>
  <nestedLevel>0</nestedLevel>
</record>
<record>
  <date>2019-12-27T18:18:35</date>
  <millis>1577445515731</millis>
  <sequence>47</sequence>
  <level>INFO</level>
  <class>com.kms.katalon.core.logging.XmlKeywordLogger</class>
  <method>logMessage</method>
  <thread>1</thread>
  <message>Refer to the link below to preview and approve auto healing on broken test objects.</message>
  <nestedLevel>0</nestedLevel>
</record>
<record>
  <date>2019-12-27T18:18:35</date>
  <millis>1577445515734</millis>
  <sequence>48</sequence>
  <level>INFO</level>
  <class>com.kms.katalon.core.logging.XmlKeywordLogger</class>
  <method>logMessage</method>
  <thread>1</thread>
  <message>https://docs.katalon.com/katalon-studio/docs/auto-healing-smart-xpath.html</message>
  <nestedLevel>0</nestedLevel>
</record>
<record>
  <date>2019-12-27T18:18:35</date>
  <millis>1577445515734</millis>
  <sequence>49</sequence>
  <level>INFO</level>
  <class>com.kms.katalon.core.logging.XmlKeywordLogger</class>
  <method>logMessage</method>
  <thread>1</thread>
  <message>===============================================================</message>
  <nestedLevel>0</nestedLevel>
</record>
<record>
  <date>2019-12-27T18:18:35</date>
  <millis>1577445515743</millis>
  <sequence>50</sequence>
  <level>START</level>
  <class>com.kms.katalon.core.logging.XmlKeywordLogger</class>
  <method>startTest</method>
  <thread>1</thread>
  <message>Start Test Case : Test Cases/requestbin</message>
  <nestedLevel>1</nestedLevel>
  <property name="name">Test Cases/requestbin</property>
  <property name="description"></property>
  <property name="id">Test Cases/requestbin</property>
  <property name="source">\\Users\\huynguyen\\Katalon Studio\\api\\Test Cases\\requestbin.tc</property>
  <property name="tag"></property>
  <property name="isOptional">false</property>
</record>
<record>
  <date>2019-12-27T18:18:35</date>
  <millis>1577445515760</millis>
  <sequence>52</sequence>
  <level>INFO</level>
  <class>com.kms.katalon.core.logging.XmlKeywordLogger</class>
  <method>logMessage</method>
  <thread>1</thread>
  <message>(Default) productName = </message>
  <nestedLevel>1</nestedLevel>
</record>
<record>
  <date>2019-12-27T18:18:35</date>
  <millis>1577445515769</millis>
  <sequence>53</sequence>
  <level>INFO</level>
  <class>com.kms.katalon.core.logging.XmlKeywordLogger</class>
  <method>logMessage</method>
  <thread>1</thread>
  <message>(Default) dog = </message>
  <nestedLevel>1</nestedLevel>
</record>
<record>
  <date>2019-12-27T18:18:36</date>
  <millis>1577445516266</millis>
  <sequence>54</sequence>
  <level>START</level>
  <class>com.kms.katalon.core.logging.XmlKeywordLogger</class>
  <method>startKeyword</method>
  <thread>1</thread>
  <message>Start action : requestObject = findTestObject(\&amp;quot;requestbin\&amp;quot;, [\&amp;quot;productName\&amp;quot;:productName, \&amp;quot;dog\&amp;quot;:dog])</message>
  <nestedLevel>1</nestedLevel>
  <property name="startLine">20</property>
  <property name="stepIndex">1</property>
</record>
<record>
  <date>2019-12-27T18:18:36</date>
  <millis>1577445516761</millis>
  <sequence>56</sequence>
  <level>END</level>
  <class>com.kms.katalon.core.logging.XmlKeywordLogger</class>
  <method>endKeyword</method>
  <thread>1</thread>
  <message>End action : requestObject = findTestObject(\&amp;quot;requestbin\&amp;quot;, [\&amp;quot;productName\&amp;quot;:productName, \&amp;quot;dog\&amp;quot;:dog])</message>
  <nestedLevel>1</nestedLevel>
</record>
<record>
  <date>2019-12-27T18:18:36</date>
  <millis>1577445516762</millis>
  <sequence>57</sequence>
  <level>START</level>
  <class>com.kms.katalon.core.logging.XmlKeywordLogger</class>
  <method>startKeyword</method>
  <thread>1</thread>
  <message>Start action : response1 = sendRequest(requestObject)</message>
  <nestedLevel>1</nestedLevel>
  <property name="startLine">22</property>
  <property name="stepIndex">2</property>
</record>
<record>
  <date>2019-12-27T18:18:39</date>
  <millis>1577445519534</millis>
  <sequence>59</sequence>
  <level>INFO</level>
  <class>com.kms.katalon.core.logging.XmlKeywordLogger</class>
  <method>logMessage</method>
  <thread>1</thread>
  <message>HAR: /Users/huynguyen/Katalon Studio/api/Reports/20191227_181823/api-suite23/20191227_181823/requests/main/1.har</message>
  <nestedLevel>1</nestedLevel>
  <property name="harId">4add4064-81a1-4886-8273-7d8e45204001</property>
</record>
<record>
  <date>2019-12-27T18:18:39</date>
  <millis>1577445519538</millis>
  <sequence>60</sequence>
  <level>PASSED</level>
  <class>com.kms.katalon.core.logging.XmlKeywordLogger</class>
  <method>logMessage</method>
  <thread>1</thread>
  <message>Send request successfully</message>
  <nestedLevel>1</nestedLevel>
</record>
<record>
  <date>2019-12-27T18:18:39</date>
  <millis>1577445519539</millis>
  <sequence>61</sequence>
  <level>END</level>
  <class>com.kms.katalon.core.logging.XmlKeywordLogger</class>
  <method>endKeyword</method>
  <thread>1</thread>
  <message>End action : response1 = sendRequest(requestObject)</message>
  <nestedLevel>1</nestedLevel>
</record>
<record>
  <date>2019-12-27T18:18:39</date>
  <millis>1577445519539</millis>
  <sequence>62</sequence>
  <level>START</level>
  <class>com.kms.katalon.core.logging.XmlKeywordLogger</class>
  <method>startKeyword</method>
  <thread>1</thread>
  <message>Start action : verifyResponseStatusCode(response1, 200)</message>
  <nestedLevel>1</nestedLevel>
  <property name="startLine">24</property>
  <property name="stepIndex">3</property>
</record>
<record>
  <date>2019-12-27T18:18:39</date>
  <millis>1577445519542</millis>
  <sequence>64</sequence>
  <level>PASSED</level>
  <class>com.kms.katalon.core.logging.XmlKeywordLogger</class>
  <method>logMessage</method>
  <thread>1</thread>
  <message>Verify response status code successfully</message>
  <nestedLevel>1</nestedLevel>
</record>
<record>
  <date>2019-12-27T18:18:39</date>
  <millis>1577445519542</millis>
  <sequence>65</sequence>
  <level>END</level>
  <class>com.kms.katalon.core.logging.XmlKeywordLogger</class>
  <method>endKeyword</method>
  <thread>1</thread>
  <message>End action : verifyResponseStatusCode(response1, 200)</message>
  <nestedLevel>1</nestedLevel>
</record>
<record>
  <date>2019-12-27T18:18:39</date>
  <millis>1577445519543</millis>
  <sequence>66</sequence>
  <level>START</level>
  <class>com.kms.katalon.core.logging.XmlKeywordLogger</class>
  <method>startKeyword</method>
  <thread>1</thread>
  <message>Start action : getStatusCode()).isEqualTo(200)</message>
  <nestedLevel>1</nestedLevel>
  <property name="startLine">26</property>
  <property name="stepIndex">4</property>
</record>
<record>
  <date>2019-12-27T18:18:39</date>
  <millis>1577445519544</millis>
  <sequence>67</sequence>
  <level>END</level>
  <class>com.kms.katalon.core.logging.XmlKeywordLogger</class>
  <method>endKeyword</method>
  <thread>1</thread>
  <message>End action : getStatusCode()).isEqualTo(200)</message>
  <nestedLevel>1</nestedLevel>
</record>
<record>
  <date>2019-12-27T18:18:39</date>
  <millis>1577445519544</millis>
  <sequence>68</sequence>
  <level>START</level>
  <class>com.kms.katalon.core.logging.XmlKeywordLogger</class>
  <method>startKeyword</method>
  <thread>1</thread>
  <message>Start action : verifyElementPropertyValue(response1, \&amp;quot;success\&amp;quot;, true)</message>
  <nestedLevel>1</nestedLevel>
  <property name="startLine">28</property>
  <property name="stepIndex">5</property>
</record>
<record>
  <date>2019-12-27T18:18:39</date>
  <millis>1577445519590</millis>
  <sequence>70</sequence>
  <level>PASSED</level>
  <class>com.kms.katalon.core.logging.XmlKeywordLogger</class>
  <method>logMessage</method>
  <thread>1</thread>
  <message>Verify element property value successfully</message>
  <nestedLevel>1</nestedLevel>
</record>
<record>
  <date>2019-12-27T18:18:39</date>
  <millis>1577445519591</millis>
  <sequence>71</sequence>
  <level>END</level>
  <class>com.kms.katalon.core.logging.XmlKeywordLogger</class>
  <method>endKeyword</method>
  <thread>1</thread>
  <message>End action : verifyElementPropertyValue(response1, \&amp;quot;success\&amp;quot;, true)</message>
  <nestedLevel>1</nestedLevel>
</record>
<record>
  <date>2019-12-27T18:18:39</date>
  <millis>1577445519592</millis>
  <sequence>72</sequence>
  <level>START</level>
  <class>com.kms.katalon.core.logging.XmlKeywordLogger</class>
  <method>startKeyword</method>
  <thread>1</thread>
  <message>Start action : response2 = sendRequestAndVerify(requestObject)</message>
  <nestedLevel>1</nestedLevel>
  <property name="startLine">30</property>
  <property name="stepIndex">6</property>
</record>
<record>
  <date>2019-12-27T18:18:41</date>
  <millis>1577445521270</millis>
  <sequence>74</sequence>
  <level>INFO</level>
  <class>com.kms.katalon.core.logging.XmlKeywordLogger</class>
  <method>logMessage</method>
  <thread>1</thread>
  <message>HAR: /Users/huynguyen/Katalon Studio/api/Reports/20191227_181823/api-suite23/20191227_181823/requests/main/2.har</message>
  <nestedLevel>1</nestedLevel>
  <property name="harId">940fbc6d-e2db-4cf2-a4c7-39df101b74f8</property>
</record>
<record>
  <date>2019-12-27T18:18:41</date>
  <millis>1577445521323</millis>
  <sequence>76</sequence>
  <level>START</level>
  <class>com.kms.katalon.core.logging.XmlKeywordLogger</class>
  <method>startTest</method>
  <thread>1</thread>
  <message>Start Test Case : Verification</message>
  <nestedLevel>2</nestedLevel>
</record>
<record>
  <date>2019-12-27T18:18:41</date>
  <millis>1577445521447</millis>
  <sequence>77</sequence>
  <level>START</level>
  <class>com.kms.katalon.core.logging.XmlKeywordLogger</class>
  <method>startKeyword</method>
  <thread>1</thread>
  <message>Start action : request = getInstance().getCurrentRequest()</message>
  <nestedLevel>1</nestedLevel>
  <property name="startLine">11</property>
  <property name="stepIndex">1</property>
</record>
<record>
  <date>2019-12-27T18:18:41</date>
  <millis>1577445521456</millis>
  <sequence>78</sequence>
  <level>END</level>
  <class>com.kms.katalon.core.logging.XmlKeywordLogger</class>
  <method>endKeyword</method>
  <thread>1</thread>
  <message>End action : request = getInstance().getCurrentRequest()</message>
  <nestedLevel>1</nestedLevel>
</record>
<record>
  <date>2019-12-27T18:18:41</date>
  <millis>1577445521457</millis>
  <sequence>79</sequence>
  <level>START</level>
  <class>com.kms.katalon.core.logging.XmlKeywordLogger</class>
  <method>startKeyword</method>
  <thread>1</thread>
  <message>Start action : response = getInstance().getCurrentResponse()</message>
  <nestedLevel>1</nestedLevel>
  <property name="startLine">13</property>
  <property name="stepIndex">2</property>
</record>
<record>
  <date>2019-12-27T18:18:41</date>
  <millis>1577445521459</millis>
  <sequence>80</sequence>
  <level>END</level>
  <class>com.kms.katalon.core.logging.XmlKeywordLogger</class>
  <method>endKeyword</method>
  <thread>1</thread>
  <message>End action : response = getInstance().getCurrentResponse()</message>
  <nestedLevel>1</nestedLevel>
</record>
<record>
  <date>2019-12-27T18:18:41</date>
  <millis>1577445521459</millis>
  <sequence>81</sequence>
  <level>START</level>
  <class>com.kms.katalon.core.logging.XmlKeywordLogger</class>
  <method>startKeyword</method>
  <thread>1</thread>
  <message>Start action : verifyResponseStatusCode(response, 200)</message>
  <nestedLevel>1</nestedLevel>
  <property name="startLine">18</property>
  <property name="stepIndex">3</property>
</record>
<record>
  <date>2019-12-27T18:18:41</date>
  <millis>1577445521472</millis>
  <sequence>83</sequence>
  <level>PASSED</level>
  <class>com.kms.katalon.core.logging.XmlKeywordLogger</class>
  <method>logMessage</method>
  <thread>1</thread>
  <message>Verify response status code successfully</message>
  <nestedLevel>2</nestedLevel>
</record>
<record>
  <date>2019-12-27T18:18:41</date>
  <millis>1577445521473</millis>
  <sequence>84</sequence>
  <level>END</level>
  <class>com.kms.katalon.core.logging.XmlKeywordLogger</class>
  <method>endKeyword</method>
  <thread>1</thread>
  <message>End action : verifyResponseStatusCode(response, 200)</message>
  <nestedLevel>1</nestedLevel>
</record>
<record>
  <date>2019-12-27T18:18:41</date>
  <millis>1577445521473</millis>
  <sequence>85</sequence>
  <level>START</level>
  <class>com.kms.katalon.core.logging.XmlKeywordLogger</class>
  <method>startKeyword</method>
  <thread>1</thread>
  <message>Start action : getStatusCode()).isEqualTo(200)</message>
  <nestedLevel>1</nestedLevel>
  <property name="startLine">20</property>
  <property name="stepIndex">4</property>
</record>
<record>
  <date>2019-12-27T18:18:41</date>
  <millis>1577445521474</millis>
  <sequence>86</sequence>
  <level>END</level>
  <class>com.kms.katalon.core.logging.XmlKeywordLogger</class>
  <method>endKeyword</method>
  <thread>1</thread>
  <message>End action : getStatusCode()).isEqualTo(200)</message>
  <nestedLevel>1</nestedLevel>
</record>
<record>
  <date>2019-12-27T18:18:41</date>
  <millis>1577445521475</millis>
  <sequence>87</sequence>
  <level>START</level>
  <class>com.kms.katalon.core.logging.XmlKeywordLogger</class>
  <method>startKeyword</method>
  <thread>1</thread>
  <message>Start action : verifyElementPropertyValue(response, \&amp;quot;success\&amp;quot;, true)</message>
  <nestedLevel>1</nestedLevel>
  <property name="startLine">23</property>
  <property name="stepIndex">5</property>
</record>
<record>
  <date>2019-12-27T18:18:41</date>
  <millis>1577445521529</millis>
  <sequence>89</sequence>
  <level>PASSED</level>
  <class>com.kms.katalon.core.logging.XmlKeywordLogger</class>
  <method>logMessage</method>
  <thread>1</thread>
  <message>Verify element property value successfully</message>
  <nestedLevel>2</nestedLevel>
</record>
<record>
  <date>2019-12-27T18:18:41</date>
  <millis>1577445521530</millis>
  <sequence>90</sequence>
  <level>END</level>
  <class>com.kms.katalon.core.logging.XmlKeywordLogger</class>
  <method>endKeyword</method>
  <thread>1</thread>
  <message>End action : verifyElementPropertyValue(response, \&amp;quot;success\&amp;quot;, true)</message>
  <nestedLevel>1</nestedLevel>
</record>
<record>
  <date>2019-12-27T18:18:41</date>
  <millis>1577445521530</millis>
  <sequence>91</sequence>
  <level>START</level>
  <class>com.kms.katalon.core.logging.XmlKeywordLogger</class>
  <method>startKeyword</method>
  <thread>1</thread>
  <message>Start action : println(getVariables().get(\&amp;quot;productName\&amp;quot;))</message>
  <nestedLevel>1</nestedLevel>
  <property name="startLine">25</property>
  <property name="stepIndex">6</property>
</record>
<record>
  <date>2019-12-27T18:18:41</date>
  <millis>1577445521539</millis>
  <sequence>92</sequence>
  <level>END</level>
  <class>com.kms.katalon.core.logging.XmlKeywordLogger</class>
  <method>endKeyword</method>
  <thread>1</thread>
  <message>End action : println(getVariables().get(\&amp;quot;productName\&amp;quot;))</message>
  <nestedLevel>1</nestedLevel>
</record>
<record>
  <date>2019-12-27T18:18:41</date>
  <millis>1577445521540</millis>
  <sequence>93</sequence>
  <level>START</level>
  <class>com.kms.katalon.core.logging.XmlKeywordLogger</class>
  <method>startKeyword</method>
  <thread>1</thread>
  <message>Start action : println(getVariables().get(\&amp;quot;test\&amp;quot;))</message>
  <nestedLevel>1</nestedLevel>
  <property name="startLine">27</property>
  <property name="stepIndex">7</property>
</record>
<record>
  <date>2019-12-27T18:18:41</date>
  <millis>1577445521561</millis>
  <sequence>94</sequence>
  <level>END</level>
  <class>com.kms.katalon.core.logging.XmlKeywordLogger</class>
  <method>endKeyword</method>
  <thread>1</thread>
  <message>End action : println(getVariables().get(\&amp;quot;test\&amp;quot;))</message>
  <nestedLevel>1</nestedLevel>
</record>
<record>
  <date>2019-12-27T18:18:41</date>
  <millis>1577445521562</millis>
  <sequence>95</sequence>
  <level>PASSED</level>
  <class>com.kms.katalon.core.logging.XmlKeywordLogger</class>
  <method>logMessage</method>
  <thread>1</thread>
  <message>Verification accomplished successfully</message>
  <nestedLevel>2</nestedLevel>
</record>
<record>
  <date>2019-12-27T18:18:41</date>
  <millis>1577445521562</millis>
  <sequence>96</sequence>
  <level>END</level>
  <class>com.kms.katalon.core.logging.XmlKeywordLogger</class>
  <method>endTest</method>
  <thread>1</thread>
  <message>End Test Case : Verification</message>
  <nestedLevel>1</nestedLevel>
</record>
<record>
  <date>2019-12-27T18:18:41</date>
  <millis>1577445521563</millis>
  <sequence>97</sequence>
  <level>PASSED</level>
  <class>com.kms.katalon.core.logging.XmlKeywordLogger</class>
  <method>logMessage</method>
  <thread>1</thread>
  <message>Verify response successfully</message>
  <nestedLevel>1</nestedLevel>
</record>
<record>
  <date>2019-12-27T18:18:41</date>
  <millis>1577445521564</millis>
  <sequence>98</sequence>
  <level>PASSED</level>
  <class>com.kms.katalon.core.logging.XmlKeywordLogger</class>
  <method>logMessage</method>
  <thread>1</thread>
  <message>Send request and verify the response successfully</message>
  <nestedLevel>1</nestedLevel>
</record>
<record>
  <date>2019-12-27T18:18:41</date>
  <millis>1577445521608</millis>
  <sequence>99</sequence>
  <level>END</level>
  <class>com.kms.katalon.core.logging.XmlKeywordLogger</class>
  <method>endKeyword</method>
  <thread>1</thread>
  <message>End action : response2 = sendRequestAndVerify(requestObject)</message>
  <nestedLevel>1</nestedLevel>
</record>
<record>
  <date>2019-12-27T18:18:41</date>
  <millis>1577445521608</millis>
  <sequence>100</sequence>
  <level>START</level>
  <class>com.kms.katalon.core.logging.XmlKeywordLogger</class>
  <method>startKeyword</method>
  <thread>1</thread>
  <message>Start action : verifyResponseStatusCode(response2, 200)</message>
  <nestedLevel>1</nestedLevel>
  <property name="startLine">32</property>
  <property name="stepIndex">7</property>
</record>
<record>
  <date>2019-12-27T18:18:41</date>
  <millis>1577445521621</millis>
  <sequence>102</sequence>
  <level>PASSED</level>
  <class>com.kms.katalon.core.logging.XmlKeywordLogger</class>
  <method>logMessage</method>
  <thread>1</thread>
  <message>Verify response status code successfully</message>
  <nestedLevel>1</nestedLevel>
</record>
<record>
  <date>2019-12-27T18:18:41</date>
  <millis>1577445521622</millis>
  <sequence>103</sequence>
  <level>END</level>
  <class>com.kms.katalon.core.logging.XmlKeywordLogger</class>
  <method>endKeyword</method>
  <thread>1</thread>
  <message>End action : verifyResponseStatusCode(response2, 200)</message>
  <nestedLevel>1</nestedLevel>
</record>
<record>
  <date>2019-12-27T18:18:41</date>
  <millis>1577445521623</millis>
  <sequence>104</sequence>
  <level>START</level>
  <class>com.kms.katalon.core.logging.XmlKeywordLogger</class>
  <method>startKeyword</method>
  <thread>1</thread>
  <message>Start action : getStatusCode()).isEqualTo(200)</message>
  <nestedLevel>1</nestedLevel>
  <property name="startLine">34</property>
  <property name="stepIndex">8</property>
</record>
<record>
  <date>2019-12-27T18:18:41</date>
  <millis>1577445521679</millis>
  <sequence>105</sequence>
  <level>END</level>
  <class>com.kms.katalon.core.logging.XmlKeywordLogger</class>
  <method>endKeyword</method>
  <thread>1</thread>
  <message>End action : getStatusCode()).isEqualTo(200)</message>
  <nestedLevel>1</nestedLevel>
</record>
<record>
  <date>2019-12-27T18:18:41</date>
  <millis>1577445521679</millis>
  <sequence>106</sequence>
  <level>START</level>
  <class>com.kms.katalon.core.logging.XmlKeywordLogger</class>
  <method>startKeyword</method>
  <thread>1</thread>
  <message>Start action : verifyElementPropertyValue(response2, \&amp;quot;success\&amp;quot;, true)</message>
  <nestedLevel>1</nestedLevel>
  <property name="startLine">36</property>
  <property name="stepIndex">9</property>
</record>
<record>
  <date>2019-12-27T18:18:41</date>
  <millis>1577445521711</millis>
  <sequence>108</sequence>
  <level>PASSED</level>
  <class>com.kms.katalon.core.logging.XmlKeywordLogger</class>
  <method>logMessage</method>
  <thread>1</thread>
  <message>Verify element property value successfully</message>
  <nestedLevel>1</nestedLevel>
</record>
<record>
  <date>2019-12-27T18:18:41</date>
  <millis>1577445521712</millis>
  <sequence>109</sequence>
  <level>END</level>
  <class>com.kms.katalon.core.logging.XmlKeywordLogger</class>
  <method>endKeyword</method>
  <thread>1</thread>
  <message>End action : verifyElementPropertyValue(response2, \&amp;quot;success\&amp;quot;, true)</message>
  <nestedLevel>1</nestedLevel>
</record>
<record>
  <date>2019-12-27T18:18:41</date>
  <millis>1577445521712</millis>
  <sequence>110</sequence>
  <level>PASSED</level>
  <class>com.kms.katalon.core.logging.XmlKeywordLogger</class>
  <method>logMessage</method>
  <thread>1</thread>
  <message>Test Cases/requestbin</message>
  <nestedLevel>1</nestedLevel>
</record>
<record>
  <date>2019-12-27T18:18:41</date>
  <millis>1577445521712</millis>
  <sequence>111</sequence>
  <level>START</level>
  <class>com.kms.katalon.core.logging.XmlKeywordLogger</class>
  <method>startKeyword</method>
  <thread>1</thread>
  <message>Start listener action : sampleAfterTestCase</message>
  <nestedLevel>1</nestedLevel>
</record>
<record>
  <date>2019-12-27T18:18:41</date>
  <millis>1577445521712</millis>
  <sequence>114</sequence>
  <level>END</level>
  <class>com.kms.katalon.core.logging.XmlKeywordLogger</class>
  <method>endKeyword</method>
  <thread>1</thread>
  <message>End listener action : sampleAfterTestCase</message>
  <nestedLevel>1</nestedLevel>
</record>
<record>
  <date>2019-12-27T18:18:43</date>
  <millis>1577445523796</millis>
  <sequence>115</sequence>
  <level>START</level>
  <class>com.kms.katalon.core.logging.XmlKeywordLogger</class>
  <method>startKeyword</method>
  <thread>1</thread>
  <message>Start action : Video</message>
  <nestedLevel>1</nestedLevel>
</record>
<record>
  <date>2019-12-27T18:18:43</date>
  <millis>1577445523796</millis>
  <sequence>116</sequence>
  <level>INFO</level>
  <class>com.kms.katalon.core.logging.XmlKeywordLogger</class>
  <method>logMessage</method>
  <thread>1</thread>
  <message>Video recording for test case &amp;apos;Test Cases/requestbin&amp;apos; .</message>
  <nestedLevel>1</nestedLevel>
  <property name="attachment">/Users/huynguyen/Katalon Studio/api/Reports/20191227_181823/api-suite23/20191227_181823/videos/test_2.mov</property>
</record>
<record>
  <date>2019-12-27T18:18:43</date>
  <millis>1577445523797</millis>
  <sequence>117</sequence>
  <level>END</level>
  <class>com.kms.katalon.core.logging.XmlKeywordLogger</class>
  <method>endKeyword</method>
  <thread>1</thread>
  <message>End End action : Video</message>
  <nestedLevel>1</nestedLevel>
</record>
<record>
  <date>2019-12-27T18:18:43</date>
  <millis>1577445523797</millis>
  <sequence>118</sequence>
  <level>END</level>
  <class>com.kms.katalon.core.logging.XmlKeywordLogger</class>
  <method>endTest</method>
  <thread>1</thread>
  <message>End Test Case : Test Cases/requestbin</message>
  <nestedLevel>0</nestedLevel>
</record>
<record>
  <date>2019-12-27T18:18:43</date>
  <millis>1577445523798</millis>
  <sequence>119</sequence>
  <level>INFO</level>
  <class>com.kms.katalon.core.logging.XmlKeywordLogger</class>
  <method>logMessage</method>
  <thread>1</thread>
  <message>=================== Smart XPath Report =======================</message>
  <nestedLevel>0</nestedLevel>
</record>
<record>
  <date>2019-12-27T18:18:43</date>
  <millis>1577445523798</millis>
  <sequence>120</sequence>
  <level>INFO</level>
  <class>com.kms.katalon.core.logging.XmlKeywordLogger</class>
  <method>logMessage</method>
  <thread>1</thread>
  <message>Refer to the link below to preview and approve auto healing on broken test objects.</message>
  <nestedLevel>0</nestedLevel>
</record>
<record>
  <date>2019-12-27T18:18:43</date>
  <millis>1577445523798</millis>
  <sequence>121</sequence>
  <level>INFO</level>
  <class>com.kms.katalon.core.logging.XmlKeywordLogger</class>
  <method>logMessage</method>
  <thread>1</thread>
  <message>https://docs.katalon.com/katalon-studio/docs/auto-healing-smart-xpath.html</message>
  <nestedLevel>0</nestedLevel>
</record>
<record>
  <date>2019-12-27T18:18:43</date>
  <millis>1577445523798</millis>
  <sequence>122</sequence>
  <level>INFO</level>
  <class>com.kms.katalon.core.logging.XmlKeywordLogger</class>
  <method>logMessage</method>
  <thread>1</thread>
  <message>===============================================================</message>
  <nestedLevel>0</nestedLevel>
</record>
<record>
  <date>2019-12-27T18:18:43</date>
  <millis>1577445523802</millis>
  <sequence>123</sequence>
  <level>START</level>
  <class>com.kms.katalon.core.logging.XmlKeywordLogger</class>
  <method>startTest</method>
  <thread>1</thread>
  <message>Start Test Case : Test Cases/mockoon</message>
  <nestedLevel>1</nestedLevel>
  <property name="name">Test Cases/mockoon</property>
  <property name="description"></property>
  <property name="id">Test Cases/mockoon</property>
  <property name="source">\\Users\\huynguyen\\Katalon Studio\\api\\Test Cases\\mockoon.tc</property>
  <property name="tag"></property>
  <property name="isOptional">false</property>
</record>
<record>
  <date>2019-12-27T18:18:43</date>
  <millis>1577445523998</millis>
  <sequence>125</sequence>
  <level>START</level>
  <class>com.kms.katalon.core.logging.XmlKeywordLogger</class>
  <method>startKeyword</method>
  <thread>1</thread>
  <message>Start action : sendRequest(findTestObject(\&amp;quot;mockoon\&amp;quot;))</message>
  <nestedLevel>1</nestedLevel>
  <property name="startLine">17</property>
  <property name="stepIndex">1</property>
</record>
<record>
  <date>2019-12-27T18:18:44</date>
  <millis>1577445524283</millis>
  <sequence>131</sequence>
  <level>FAILED</level>
  <class>com.kms.katalon.core.logging.XmlKeywordLogger</class>
  <method>logMessage</method>
  <thread>1</thread>
  <message>Unable to send request (Root cause: org.apache.http.conn.HttpHostConnectException: Connect to 127.0.0.1:5000 [/127.0.0.1] failed: Connection refused (Connection refused)\n\tat org.apache.http.impl.conn.DefaultHttpClientConnectionOperator.connect(DefaultHttpClientConnectionOperator.java:151)\n\tat org.apache.http.impl.conn.PoolingHttpClientConnectionManager.connect(PoolingHttpClientConnectionManager.java:353)\n\tat org.apache.http.impl.execchain.MainClientExec.establishRoute(MainClientExec.java:380)\n\tat org.apache.http.impl.execchain.MainClientExec.execute(MainClientExec.java:236)\n\tat org.apache.http.impl.execchain.ProtocolExec.execute(ProtocolExec.java:184)\n\tat org.apache.http.impl.execchain.RetryExec.execute(RetryExec.java:88)\n\tat org.apache.http.impl.client.InternalHttpClient.doExecute(InternalHttpClient.java:184)\n\tat org.apache.http.impl.client.CloseableHttpClient.execute(CloseableHttpClient.java:82)\n\tat com.kms.katalon.core.webservice.common.RestfulClient.response(RestfulClient.java:207)\n\tat com.kms.katalon.core.webservice.common.RestfulClient.sendRequest(RestfulClient.java:140)\n\tat com.kms.katalon.core.webservice.common.RestfulClient.send(RestfulClient.java:75)\n\tat com.kms.katalon.core.webservice.keyword.builtin.SendRequestKeyword$_sendRequest_closure1.doCall(SendRequestKeyword.groovy:42)\n\tat com.kms.katalon.core.webservice.keyword.builtin.SendRequestKeyword$_sendRequest_closure1.call(SendRequestKeyword.groovy)\n\tat com.kms.katalon.core.keyword.internal.KeywordMain.runKeyword(KeywordMain.groovy:68)\n\tat com.kms.katalon.core.webservice.keyword.builtin.SendRequestKeyword.sendRequest(SendRequestKeyword.groovy:38)\n\tat com.kms.katalon.core.webservice.keyword.builtin.SendRequestKeyword.execute(SendRequestKeyword.groovy:33)\n\tat com.kms.katalon.core.keyword.internal.KeywordExecutor.executeKeywordForPlatform(KeywordExecutor.groovy:72)\n\tat com.kms.katalon.core.webservice.keyword.WSBuiltInKeywords.sendRequest(WSBuiltInKeywords.groovy:40)\n\tat com.kms.katalon.core.webservice.keyword.WSBuiltInKeywords$sendRequest$1.call(Unknown Source)\n\tat mockoon.run(mockoon:17)\n\tat com.kms.katalon.core.main.ScriptEngine.run(ScriptEngine.java:194)\n\tat com.kms.katalon.core.main.ScriptEngine.runScriptAsRawText(ScriptEngine.java:119)\n\tat com.kms.katalon.core.main.TestCaseExecutor.runScript(TestCaseExecutor.java:337)\n\tat com.kms.katalon.core.main.TestCaseExecutor.doExecute(TestCaseExecutor.java:328)\n\tat com.kms.katalon.core.main.TestCaseExecutor.processExecutionPhase(TestCaseExecutor.java:307)\n\tat com.kms.katalon.core.main.TestCaseExecutor.accessMainPhase(TestCaseExecutor.java:299)\n\tat com.kms.katalon.core.main.TestCaseExecutor.execute(TestCaseExecutor.java:233)\n\tat com.kms.katalon.core.main.TestSuiteExecutor.accessTestCaseMainPhase(TestSuiteExecutor.java:169)\n\tat com.kms.katalon.core.main.TestSuiteExecutor.accessTestSuiteMainPhase(TestSuiteExecutor.java:142)\n\tat com.kms.katalon.core.main.TestSuiteExecutor.execute(TestSuiteExecutor.java:91)\n\tat com.kms.katalon.core.main.TestCaseMain.startTestSuite(TestCaseMain.java:157)\n\tat com.kms.katalon.core.main.TestCaseMain$startTestSuite$0.call(Unknown Source)\n\tat TempTestSuite1577445503704.run(TempTestSuite1577445503704.groovy:35)\nCaused by: java.net.ConnectException: Connection refused (Connection refused)\n\tat org.apache.http.conn.socket.PlainConnectionSocketFactory.connectSocket(PlainConnectionSocketFactory.java:74)\n\tat org.apache.http.impl.conn.DefaultHttpClientConnectionOperator.connect(DefaultHttpClientConnectionOperator.java:134)\n\tat org.apache.http.impl.conn.PoolingHttpClientConnectionManager.connect(PoolingHttpClientConnectionManager.java:353)\n\tat org.apache.http.impl.execchain.MainClientExec.establishRoute(MainClientExec.java:380)\n\tat org.apache.http.impl.execchain.MainClientExec.execute(MainClientExec.java:236)\n\tat org.apache.http.impl.execchain.ProtocolExec.execute(ProtocolExec.java:184)\n\tat org.apache.http.impl.execchain.RetryExec.execute(RetryExec.java:88)\n\tat org.apache.http.impl.client.InternalHttpClient.doExecute(InternalHttpClient.java:184)\n\tat org.apache.http.impl.client.CloseableHttpClient.execute(CloseableHttpClient.java:82)\n\tat com.kms.katalon.core.webservice.common.RestfulClient.response(RestfulClient.java:207)\n\tat com.kms.katalon.core.webservice.common.RestfulClient.sendRequest(RestfulClient.java:140)\n\tat com.kms.katalon.core.webservice.common.RestfulClient.send(RestfulClient.java:75)\n\tat com.kms.katalon.core.webservice.keyword.builtin.SendRequestKeyword$_sendRequest_closure1.doCall(SendRequestKeyword.groovy:42)\n\tat com.kms.katalon.core.webservice.keyword.builtin.SendRequestKeyword$_sendRequest_closure1.call(SendRequestKeyword.groovy)\n\tat com.kms.katalon.core.keyword.internal.KeywordMain.runKeyword(KeywordMain.groovy:68)\n\tat com.kms.katalon.core.webservice.keyword.builtin.SendRequestKeyword.sendRequest(SendRequestKeyword.groovy:38)\n\tat com.kms.katalon.core.webservice.keyword.builtin.SendRequestKeyword.execute(SendRequestKeyword.groovy:33)\n\tat com.kms.katalon.core.keyword.internal.KeywordExecutor.executeKeywordForPlatform(KeywordExecutor.groovy:72)\n\tat com.kms.katalon.core.webservice.keyword.WSBuiltInKeywords.sendRequest(WSBuiltInKeywords.groovy:40)\n\tat com.kms.katalon.core.webservice.keyword.WSBuiltInKeywords$sendRequest$1.call(Unknown Source)\n\tat Script1575454852721.run(Script1575454852721.groovy:17)\n\t... 13 more\n)</message>
  <nestedLevel>1</nestedLevel>
  <property name="failed.exception.class">java.net.ConnectException</property>
  <property name="failed.exception.stacktrace">java.net.ConnectException: Connection refused (Connection refused)\n\tat org.apache.http.conn.socket.PlainConnectionSocketFactory.connectSocket(PlainConnectionSocketFactory.java:74)\n\tat org.apache.http.impl.conn.DefaultHttpClientConnectionOperator.connect(DefaultHttpClientConnectionOperator.java:134)\n\tat org.apache.http.impl.conn.PoolingHttpClientConnectionManager.connect(PoolingHttpClientConnectionManager.java:353)\n\tat org.apache.http.impl.execchain.MainClientExec.establishRoute(MainClientExec.java:380)\n\tat org.apache.http.impl.execchain.MainClientExec.execute(MainClientExec.java:236)\n\tat org.apache.http.impl.execchain.ProtocolExec.execute(ProtocolExec.java:184)\n\tat org.apache.http.impl.execchain.RetryExec.execute(RetryExec.java:88)\n\tat org.apache.http.impl.client.InternalHttpClient.doExecute(InternalHttpClient.java:184)\n\tat org.apache.http.impl.client.CloseableHttpClient.execute(CloseableHttpClient.java:82)\n\tat com.kms.katalon.core.webservice.common.RestfulClient.response(RestfulClient.java:207)\n\tat com.kms.katalon.core.webservice.common.RestfulClient.sendRequest(RestfulClient.java:140)\n\tat com.kms.katalon.core.webservice.common.RestfulClient.send(RestfulClient.java:75)\n\tat com.kms.katalon.core.webservice.keyword.builtin.SendRequestKeyword$_sendRequest_closure1.doCall(SendRequestKeyword.groovy:42)\n\tat com.kms.katalon.core.webservice.keyword.builtin.SendRequestKeyword$_sendRequest_closure1.call(SendRequestKeyword.groovy)\n\tat com.kms.katalon.core.keyword.internal.KeywordMain.runKeyword(KeywordMain.groovy:68)\n\tat com.kms.katalon.core.webservice.keyword.builtin.SendRequestKeyword.sendRequest(SendRequestKeyword.groovy:38)\n\tat com.kms.katalon.core.webservice.keyword.builtin.SendRequestKeyword.execute(SendRequestKeyword.groovy:33)\n\tat com.kms.katalon.core.keyword.internal.KeywordExecutor.executeKeywordForPlatform(KeywordExecutor.groovy:72)\n\tat com.kms.katalon.core.webservice.keyword.WSBuiltInKeywords.sendRequest(WSBuiltInKeywords.groovy:40)\n\tat com.kms.katalon.core.webservice.keyword.WSBuiltInKeywords$sendRequest$1.call(Unknown Source)\n\tat mockoon.run(mockoon:17)\n\tat com.kms.katalon.core.main.ScriptEngine.run(ScriptEngine.java:194)\n\tat com.kms.katalon.core.main.ScriptEngine.runScriptAsRawText(ScriptEngine.java:119)\n\tat com.kms.katalon.core.main.TestCaseExecutor.runScript(TestCaseExecutor.java:337)\n\tat com.kms.katalon.core.main.TestCaseExecutor.doExecute(TestCaseExecutor.java:328)\n\tat com.kms.katalon.core.main.TestCaseExecutor.processExecutionPhase(TestCaseExecutor.java:307)\n\tat com.kms.katalon.core.main.TestCaseExecutor.accessMainPhase(TestCaseExecutor.java:299)\n\tat com.kms.katalon.core.main.TestCaseExecutor.execute(TestCaseExecutor.java:233)\n\tat com.kms.katalon.core.main.TestSuiteExecutor.accessTestCaseMainPhase(TestSuiteExecutor.java:169)\n\tat com.kms.katalon.core.main.TestSuiteExecutor.accessTestSuiteMainPhase(TestSuiteExecutor.java:142)\n\tat com.kms.katalon.core.main.TestSuiteExecutor.execute(TestSuiteExecutor.java:91)\n\tat com.kms.katalon.core.main.TestCaseMain.startTestSuite(TestCaseMain.java:157)\n\tat com.kms.katalon.core.main.TestCaseMain$startTestSuite$0.call(Unknown Source)\n\tat TempTestSuite1577445503704.run(TempTestSuite1577445503704.groovy:35)\n</property>
  <property name="failed.exception.message">Connection refused (Connection refused)</property>
</record>
<record>
  <date>2019-12-27T18:18:44</date>
  <millis>1577445524310</millis>
  <sequence>132</sequence>
  <level>END</level>
  <class>com.kms.katalon.core.logging.XmlKeywordLogger</class>
  <method>endKeyword</method>
  <thread>1</thread>
  <message>End action : sendRequest(findTestObject(\&amp;quot;mockoon\&amp;quot;))</message>
  <nestedLevel>1</nestedLevel>
</record>
<record>
  <date>2019-12-27T18:18:44</date>
  <millis>1577445524315</millis>
  <sequence>136</sequence>
  <level>FAILED</level>
  <class>com.kms.katalon.core.logging.XmlKeywordLogger</class>
  <method>logMessage</method>
  <thread>1</thread>
  <message>Test Cases/mockoon FAILED.\nReason:\ncom.kms.katalon.core.exception.StepFailedException: Unable to send request (Root cause: org.apache.http.conn.HttpHostConnectException: Connect to 127.0.0.1:5000 [/127.0.0.1] failed: Connection refused (Connection refused)\n\tat org.apache.http.impl.conn.DefaultHttpClientConnectionOperator.connect(DefaultHttpClientConnectionOperator.java:151)\n\tat org.apache.http.impl.conn.PoolingHttpClientConnectionManager.connect(PoolingHttpClientConnectionManager.java:353)\n\tat org.apache.http.impl.execchain.MainClientExec.establishRoute(MainClientExec.java:380)\n\tat org.apache.http.impl.execchain.MainClientExec.execute(MainClientExec.java:236)\n\tat org.apache.http.impl.execchain.ProtocolExec.execute(ProtocolExec.java:184)\n\tat org.apache.http.impl.execchain.RetryExec.execute(RetryExec.java:88)\n\tat org.apache.http.impl.client.InternalHttpClient.doExecute(InternalHttpClient.java:184)\n\tat org.apache.http.impl.client.CloseableHttpClient.execute(CloseableHttpClient.java:82)\n\tat com.kms.katalon.core.webservice.common.RestfulClient.response(RestfulClient.java:207)\n\tat com.kms.katalon.core.webservice.common.RestfulClient.sendRequest(RestfulClient.java:140)\n\tat com.kms.katalon.core.webservice.common.RestfulClient.send(RestfulClient.java:75)\n\tat com.kms.katalon.core.webservice.keyword.builtin.SendRequestKeyword$_sendRequest_closure1.doCall(SendRequestKeyword.groovy:42)\n\tat com.kms.katalon.core.webservice.keyword.builtin.SendRequestKeyword$_sendRequest_closure1.call(SendRequestKeyword.groovy)\n\tat com.kms.katalon.core.keyword.internal.KeywordMain.runKeyword(KeywordMain.groovy:68)\n\tat com.kms.katalon.core.webservice.keyword.builtin.SendRequestKeyword.sendRequest(SendRequestKeyword.groovy:38)\n\tat com.kms.katalon.core.webservice.keyword.builtin.SendRequestKeyword.execute(SendRequestKeyword.groovy:33)\n\tat com.kms.katalon.core.keyword.internal.KeywordExecutor.executeKeywordForPlatform(KeywordExecutor.groovy:72)\n\tat com.kms.katalon.core.webservice.keyword.WSBuiltInKeywords.sendRequest(WSBuiltInKeywords.groovy:40)\n\tat com.kms.katalon.core.webservice.keyword.WSBuiltInKeywords$sendRequest$1.call(Unknown Source)\n\tat mockoon.run(mockoon:17)\n\tat com.kms.katalon.core.main.ScriptEngine.run(ScriptEngine.java:194)\n\tat com.kms.katalon.core.main.ScriptEngine.runScriptAsRawText(ScriptEngine.java:119)\n\tat com.kms.katalon.core.main.TestCaseExecutor.runScript(TestCaseExecutor.java:337)\n\tat com.kms.katalon.core.main.TestCaseExecutor.doExecute(TestCaseExecutor.java:328)\n\tat com.kms.katalon.core.main.TestCaseExecutor.processExecutionPhase(TestCaseExecutor.java:307)\n\tat com.kms.katalon.core.main.TestCaseExecutor.accessMainPhase(TestCaseExecutor.java:299)\n\tat com.kms.katalon.core.main.TestCaseExecutor.execute(TestCaseExecutor.java:233)\n\tat com.kms.katalon.core.main.TestSuiteExecutor.accessTestCaseMainPhase(TestSuiteExecutor.java:169)\n\tat com.kms.katalon.core.main.TestSuiteExecutor.accessTestSuiteMainPhase(TestSuiteExecutor.java:142)\n\tat com.kms.katalon.core.main.TestSuiteExecutor.execute(TestSuiteExecutor.java:91)\n\tat com.kms.katalon.core.main.TestCaseMain.startTestSuite(TestCaseMain.java:157)\n\tat com.kms.katalon.core.main.TestCaseMain$startTestSuite$0.call(Unknown Source)\n\tat TempTestSuite1577445503704.run(TempTestSuite1577445503704.groovy:35)\nCaused by: java.net.ConnectException: Connection refused (Connection refused)\n\tat org.apache.http.conn.socket.PlainConnectionSocketFactory.connectSocket(PlainConnectionSocketFactory.java:74)\n\tat org.apache.http.impl.conn.DefaultHttpClientConnectionOperator.connect(DefaultHttpClientConnectionOperator.java:134)\n\tat org.apache.http.impl.conn.PoolingHttpClientConnectionManager.connect(PoolingHttpClientConnectionManager.java:353)\n\tat org.apache.http.impl.execchain.MainClientExec.establishRoute(MainClientExec.java:380)\n\tat org.apache.http.impl.execchain.MainClientExec.execute(MainClientExec.java:236)\n\tat org.apache.http.impl.execchain.ProtocolExec.execute(ProtocolExec.java:184)\n\tat org.apache.http.impl.execchain.RetryExec.execute(RetryExec.java:88)\n\tat org.apache.http.impl.client.InternalHttpClient.doExecute(InternalHttpClient.java:184)\n\tat org.apache.http.impl.client.CloseableHttpClient.execute(CloseableHttpClient.java:82)\n\tat com.kms.katalon.core.webservice.common.RestfulClient.response(RestfulClient.java:207)\n\tat com.kms.katalon.core.webservice.common.RestfulClient.sendRequest(RestfulClient.java:140)\n\tat com.kms.katalon.core.webservice.common.RestfulClient.send(RestfulClient.java:75)\n\tat com.kms.katalon.core.webservice.keyword.builtin.SendRequestKeyword$_sendRequest_closure1.doCall(SendRequestKeyword.groovy:42)\n\tat com.kms.katalon.core.webservice.keyword.builtin.SendRequestKeyword$_sendRequest_closure1.call(SendRequestKeyword.groovy)\n\tat com.kms.katalon.core.keyword.internal.KeywordMain.runKeyword(KeywordMain.groovy:68)\n\tat com.kms.katalon.core.webservice.keyword.builtin.SendRequestKeyword.sendRequest(SendRequestKeyword.groovy:38)\n\tat com.kms.katalon.core.webservice.keyword.builtin.SendRequestKeyword.execute(SendRequestKeyword.groovy:33)\n\tat com.kms.katalon.core.keyword.internal.KeywordExecutor.executeKeywordForPlatform(KeywordExecutor.groovy:72)\n\tat com.kms.katalon.core.webservice.keyword.WSBuiltInKeywords.sendRequest(WSBuiltInKeywords.groovy:40)\n\tat com.kms.katalon.core.webservice.keyword.WSBuiltInKeywords$sendRequest$1.call(Unknown Source)\n\tat Script1575454852721.run(Script1575454852721.groovy:17)\n\t... 13 more\n)\n\tat com.kms.katalon.core.keyword.internal.KeywordMain.stepFailed(KeywordMain.groovy:50)\n\tat com.kms.katalon.core.keyword.internal.KeywordMain.stepFailed(KeywordMain.groovy)\n\tat com.kms.katalon.core.keyword.internal.KeywordMain.runKeyword(KeywordMain.groovy:70)\n\tat com.kms.katalon.core.webservice.keyword.builtin.SendRequestKeyword.sendRequest(SendRequestKeyword.groovy:38)\n\tat com.kms.katalon.core.webservice.keyword.builtin.SendRequestKeyword.execute(SendRequestKeyword.groovy:33)\n\tat com.kms.katalon.core.keyword.internal.KeywordExecutor.executeKeywordForPlatform(KeywordExecutor.groovy:72)\n\tat com.kms.katalon.core.webservice.keyword.WSBuiltInKeywords.sendRequest(WSBuiltInKeywords.groovy:40)\n\tat com.kms.katalon.core.webservice.keyword.WSBuiltInKeywords$sendRequest$1.call(Unknown Source)\n\tat mockoon.run(mockoon:17)\n\tat com.kms.katalon.core.main.ScriptEngine.run(ScriptEngine.java:194)\n\tat com.kms.katalon.core.main.ScriptEngine.runScriptAsRawText(ScriptEngine.java:119)\n\tat com.kms.katalon.core.main.TestCaseExecutor.runScript(TestCaseExecutor.java:337)\n\tat com.kms.katalon.core.main.TestCaseExecutor.doExecute(TestCaseExecutor.java:328)\n\tat com.kms.katalon.core.main.TestCaseExecutor.processExecutionPhase(TestCaseExecutor.java:307)\n\tat com.kms.katalon.core.main.TestCaseExecutor.accessMainPhase(TestCaseExecutor.java:299)\n\tat com.kms.katalon.core.main.TestCaseExecutor.execute(TestCaseExecutor.java:233)\n\tat com.kms.katalon.core.main.TestSuiteExecutor.accessTestCaseMainPhase(TestSuiteExecutor.java:169)\n\tat com.kms.katalon.core.main.TestSuiteExecutor.accessTestSuiteMainPhase(TestSuiteExecutor.java:142)\n\tat com.kms.katalon.core.main.TestSuiteExecutor.execute(TestSuiteExecutor.java:91)\n\tat com.kms.katalon.core.main.TestCaseMain.startTestSuite(TestCaseMain.java:157)\n\tat com.kms.katalon.core.main.TestCaseMain$startTestSuite$0.call(Unknown Source)\n\tat TempTestSuite1577445503704.run(TempTestSuite1577445503704.groovy:35)\nCaused by: org.apache.http.conn.HttpHostConnectException: Connect to 127.0.0.1:5000 [/127.0.0.1] failed: Connection refused (Connection refused)\n\tat org.apache.http.impl.conn.DefaultHttpClientConnectionOperator.connect(DefaultHttpClientConnectionOperator.java:151)\n\tat org.apache.http.impl.conn.PoolingHttpClientConnectionManager.connect(PoolingHttpClientConnectionManager.java:353)\n\tat org.apache.http.impl.execchain.MainClientExec.establishRoute(MainClientExec.java:380)\n\tat org.apache.http.impl.execchain.MainClientExec.execute(MainClientExec.java:236)\n\tat org.apache.http.impl.execchain.ProtocolExec.execute(ProtocolExec.java:184)\n\tat org.apache.http.impl.execchain.RetryExec.execute(RetryExec.java:88)\n\tat org.apache.http.impl.client.InternalHttpClient.doExecute(InternalHttpClient.java:184)\n\tat org.apache.http.impl.client.CloseableHttpClient.execute(CloseableHttpClient.java:82)\n\tat com.kms.katalon.core.webservice.common.RestfulClient.response(RestfulClient.java:207)\n\tat com.kms.katalon.core.webservice.common.RestfulClient.sendRequest(RestfulClient.java:140)\n\tat com.kms.katalon.core.webservice.common.RestfulClient.send(RestfulClient.java:75)\n\tat com.kms.katalon.core.webservice.keyword.builtin.SendRequestKeyword$_sendRequest_closure1.doCall(SendRequestKeyword.groovy:42)\n\tat com.kms.katalon.core.webservice.keyword.builtin.SendRequestKeyword$_sendRequest_closure1.call(SendRequestKeyword.groovy)\n\tat com.kms.katalon.core.keyword.internal.KeywordMain.runKeyword(KeywordMain.groovy:68)\n\t... 19 more\nCaused by: java.net.ConnectException: Connection refused (Connection refused)\n\tat org.apache.http.conn.socket.PlainConnectionSocketFactory.connectSocket(PlainConnectionSocketFactory.java:74)\n\tat org.apache.http.impl.conn.DefaultHttpClientConnectionOperator.connect(DefaultHttpClientConnectionOperator.java:134)\n\t... 32 more\n</message>
  <exception>
    <message>com.kms.katalon.core.exception.StepFailedException: Unable to send request (Root cause: org.apache.http.conn.HttpHostConnectException: Connect to 127.0.0.1:5000 [/127.0.0.1] failed: Connection refused (Connection refused)
	at org.apache.http.impl.conn.DefaultHttpClientConnectionOperator.connect(DefaultHttpClientConnectionOperator.java:151)
	at org.apache.http.impl.conn.PoolingHttpClientConnectionManager.connect(PoolingHttpClientConnectionManager.java:353)
	at org.apache.http.impl.execchain.MainClientExec.establishRoute(MainClientExec.java:380)
	at org.apache.http.impl.execchain.MainClientExec.execute(MainClientExec.java:236)
	at org.apache.http.impl.execchain.ProtocolExec.execute(ProtocolExec.java:184)
	at org.apache.http.impl.execchain.RetryExec.execute(RetryExec.java:88)
	at org.apache.http.impl.client.InternalHttpClient.doExecute(InternalHttpClient.java:184)
	at org.apache.http.impl.client.CloseableHttpClient.execute(CloseableHttpClient.java:82)
	at com.kms.katalon.core.webservice.common.RestfulClient.response(RestfulClient.java:207)
	at com.kms.katalon.core.webservice.common.RestfulClient.sendRequest(RestfulClient.java:140)
	at com.kms.katalon.core.webservice.common.RestfulClient.send(RestfulClient.java:75)
	at com.kms.katalon.core.webservice.keyword.builtin.SendRequestKeyword$_sendRequest_closure1.doCall(SendRequestKeyword.groovy:42)
	at com.kms.katalon.core.webservice.keyword.builtin.SendRequestKeyword$_sendRequest_closure1.call(SendRequestKeyword.groovy)
	at com.kms.katalon.core.keyword.internal.KeywordMain.runKeyword(KeywordMain.groovy:68)
	at com.kms.katalon.core.webservice.keyword.builtin.SendRequestKeyword.sendRequest(SendRequestKeyword.groovy:38)
	at com.kms.katalon.core.webservice.keyword.builtin.SendRequestKeyword.execute(SendRequestKeyword.groovy:33)
	at com.kms.katalon.core.keyword.internal.KeywordExecutor.executeKeywordForPlatform(KeywordExecutor.groovy:72)
	at com.kms.katalon.core.webservice.keyword.WSBuiltInKeywords.sendRequest(WSBuiltInKeywords.groovy:40)
	at com.kms.katalon.core.webservice.keyword.WSBuiltInKeywords$sendRequest$1.call(Unknown Source)
	at mockoon.run(mockoon:17)
	at com.kms.katalon.core.main.ScriptEngine.run(ScriptEngine.java:194)
	at com.kms.katalon.core.main.ScriptEngine.runScriptAsRawText(ScriptEngine.java:119)
	at com.kms.katalon.core.main.TestCaseExecutor.runScript(TestCaseExecutor.java:337)
	at com.kms.katalon.core.main.TestCaseExecutor.doExecute(TestCaseExecutor.java:328)
	at com.kms.katalon.core.main.TestCaseExecutor.processExecutionPhase(TestCaseExecutor.java:307)
	at com.kms.katalon.core.main.TestCaseExecutor.accessMainPhase(TestCaseExecutor.java:299)
	at com.kms.katalon.core.main.TestCaseExecutor.execute(TestCaseExecutor.java:233)
	at com.kms.katalon.core.main.TestSuiteExecutor.accessTestCaseMainPhase(TestSuiteExecutor.java:169)
	at com.kms.katalon.core.main.TestSuiteExecutor.accessTestSuiteMainPhase(TestSuiteExecutor.java:142)
	at com.kms.katalon.core.main.TestSuiteExecutor.execute(TestSuiteExecutor.java:91)
	at com.kms.katalon.core.main.TestCaseMain.startTestSuite(TestCaseMain.java:157)
	at com.kms.katalon.core.main.TestCaseMain$startTestSuite$0.call(Unknown Source)
	at TempTestSuite1577445503704.run(TempTestSuite1577445503704.groovy:35)
Caused by: java.net.ConnectException: Connection refused (Connection refused)
	at org.apache.http.conn.socket.PlainConnectionSocketFactory.connectSocket(PlainConnectionSocketFactory.java:74)
	at org.apache.http.impl.conn.DefaultHttpClientConnectionOperator.connect(DefaultHttpClientConnectionOperator.java:134)
	at org.apache.http.impl.conn.PoolingHttpClientConnectionManager.connect(PoolingHttpClientConnectionManager.java:353)
	at org.apache.http.impl.execchain.MainClientExec.establishRoute(MainClientExec.java:380)
	at org.apache.http.impl.execchain.MainClientExec.execute(MainClientExec.java:236)
	at org.apache.http.impl.execchain.ProtocolExec.execute(ProtocolExec.java:184)
	at org.apache.http.impl.execchain.RetryExec.execute(RetryExec.java:88)
	at org.apache.http.impl.client.InternalHttpClient.doExecute(InternalHttpClient.java:184)
	at org.apache.http.impl.client.CloseableHttpClient.execute(CloseableHttpClient.java:82)
	at com.kms.katalon.core.webservice.common.RestfulClient.response(RestfulClient.java:207)
	at com.kms.katalon.core.webservice.common.RestfulClient.sendRequest(RestfulClient.java:140)
	at com.kms.katalon.core.webservice.common.RestfulClient.send(RestfulClient.java:75)
	at com.kms.katalon.core.webservice.keyword.builtin.SendRequestKeyword$_sendRequest_closure1.doCall(SendRequestKeyword.groovy:42)
	at com.kms.katalon.core.webservice.keyword.builtin.SendRequestKeyword$_sendRequest_closure1.call(SendRequestKeyword.groovy)
	at com.kms.katalon.core.keyword.internal.KeywordMain.runKeyword(KeywordMain.groovy:68)
	at com.kms.katalon.core.webservice.keyword.builtin.SendRequestKeyword.sendRequest(SendRequestKeyword.groovy:38)
	at com.kms.katalon.core.webservice.keyword.builtin.SendRequestKeyword.execute(SendRequestKeyword.groovy:33)
	at com.kms.katalon.core.keyword.internal.KeywordExecutor.executeKeywordForPlatform(KeywordExecutor.groovy:72)
	at com.kms.katalon.core.webservice.keyword.WSBuiltInKeywords.sendRequest(WSBuiltInKeywords.groovy:40)
	at com.kms.katalon.core.webservice.keyword.WSBuiltInKeywords$sendRequest$1.call(Unknown Source)
	at Script1575454852721.run(Script1575454852721.groovy:17)
	... 13 more
)</message>
    <frame>
      <class>com.kms.katalon.core.keyword.internal.KeywordMain</class>
      <method>stepFailed</method>
      <line>50</line>
    </frame>
    <frame>
      <class>com.kms.katalon.core.keyword.internal.KeywordMain</class>
      <method>stepFailed</method>
    </frame>
    <frame>
      <class>com.kms.katalon.core.keyword.internal.KeywordMain</class>
      <method>runKeyword</method>
      <line>70</line>
    </frame>
    <frame>
      <class>com.kms.katalon.core.webservice.keyword.builtin.SendRequestKeyword</class>
      <method>sendRequest</method>
      <line>38</line>
    </frame>
    <frame>
      <class>com.kms.katalon.core.webservice.keyword.builtin.SendRequestKeyword</class>
      <method>execute</method>
      <line>33</line>
    </frame>
    <frame>
      <class>com.kms.katalon.core.keyword.internal.KeywordExecutor</class>
      <method>executeKeywordForPlatform</method>
      <line>72</line>
    </frame>
    <frame>
      <class>com.kms.katalon.core.webservice.keyword.WSBuiltInKeywords</class>
      <method>sendRequest</method>
      <line>40</line>
    </frame>
    <frame>
      <class>com.kms.katalon.core.webservice.keyword.WSBuiltInKeywords$sendRequest$1</class>
      <method>call</method>
    </frame>
    <frame>
      <class>mockoon</class>
      <method>run</method>
      <line>17</line>
    </frame>
    <frame>
      <class>com.kms.katalon.core.main.ScriptEngine</class>
      <method>run</method>
      <line>194</line>
    </frame>
    <frame>
      <class>com.kms.katalon.core.main.ScriptEngine</class>
      <method>runScriptAsRawText</method>
      <line>119</line>
    </frame>
    <frame>
      <class>com.kms.katalon.core.main.TestCaseExecutor</class>
      <method>runScript</method>
      <line>337</line>
    </frame>
    <frame>
      <class>com.kms.katalon.core.main.TestCaseExecutor</class>
      <method>doExecute</method>
      <line>328</line>
    </frame>
    <frame>
      <class>com.kms.katalon.core.main.TestCaseExecutor</class>
      <method>processExecutionPhase</method>
      <line>307</line>
    </frame>
    <frame>
      <class>com.kms.katalon.core.main.TestCaseExecutor</class>
      <method>accessMainPhase</method>
      <line>299</line>
    </frame>
    <frame>
      <class>com.kms.katalon.core.main.TestCaseExecutor</class>
      <method>execute</method>
      <line>233</line>
    </frame>
    <frame>
      <class>com.kms.katalon.core.main.TestSuiteExecutor</class>
      <method>accessTestCaseMainPhase</method>
      <line>169</line>
    </frame>
    <frame>
      <class>com.kms.katalon.core.main.TestSuiteExecutor</class>
      <method>accessTestSuiteMainPhase</method>
      <line>142</line>
    </frame>
    <frame>
      <class>com.kms.katalon.core.main.TestSuiteExecutor</class>
      <method>execute</method>
      <line>91</line>
    </frame>
    <frame>
      <class>com.kms.katalon.core.main.TestCaseMain</class>
      <method>startTestSuite</method>
      <line>157</line>
    </frame>
    <frame>
      <class>com.kms.katalon.core.main.TestCaseMain$startTestSuite$0</class>
      <method>call</method>
    </frame>
    <frame>
      <class>TempTestSuite1577445503704</class>
      <method>run</method>
      <line>35</line>
    </frame>
  </exception>
  <nestedLevel>0</nestedLevel>
  <property name="failed.exception.stacktrace">java.net.ConnectException: Connection refused (Connection refused)\n\tat org.apache.http.conn.socket.PlainConnectionSocketFactory.connectSocket(PlainConnectionSocketFactory.java:74)\n\tat org.apache.http.impl.conn.DefaultHttpClientConnectionOperator.connect(DefaultHttpClientConnectionOperator.java:134)\n\tat org.apache.http.impl.conn.PoolingHttpClientConnectionManager.connect(PoolingHttpClientConnectionManager.java:353)\n\tat org.apache.http.impl.execchain.MainClientExec.establishRoute(MainClientExec.java:380)\n\tat org.apache.http.impl.execchain.MainClientExec.execute(MainClientExec.java:236)\n\tat org.apache.http.impl.execchain.ProtocolExec.execute(ProtocolExec.java:184)\n\tat org.apache.http.impl.execchain.RetryExec.execute(RetryExec.java:88)\n\tat org.apache.http.impl.client.InternalHttpClient.doExecute(InternalHttpClient.java:184)\n\tat org.apache.http.impl.client.CloseableHttpClient.execute(CloseableHttpClient.java:82)\n\tat com.kms.katalon.core.webservice.common.RestfulClient.response(RestfulClient.java:207)\n\tat com.kms.katalon.core.webservice.common.RestfulClient.sendRequest(RestfulClient.java:140)\n\tat com.kms.katalon.core.webservice.common.RestfulClient.send(RestfulClient.java:75)\n\tat com.kms.katalon.core.webservice.keyword.builtin.SendRequestKeyword$_sendRequest_closure1.doCall(SendRequestKeyword.groovy:42)\n\tat com.kms.katalon.core.webservice.keyword.builtin.SendRequestKeyword$_sendRequest_closure1.call(SendRequestKeyword.groovy)\n\tat com.kms.katalon.core.keyword.internal.KeywordMain.runKeyword(KeywordMain.groovy:68)\n\tat com.kms.katalon.core.webservice.keyword.builtin.SendRequestKeyword.sendRequest(SendRequestKeyword.groovy:38)\n\tat com.kms.katalon.core.webservice.keyword.builtin.SendRequestKeyword.execute(SendRequestKeyword.groovy:33)\n\tat com.kms.katalon.core.keyword.internal.KeywordExecutor.executeKeywordForPlatform(KeywordExecutor.groovy:72)\n\tat com.kms.katalon.core.webservice.keyword.WSBuiltInKeywords.sendRequest(WSBuiltInKeywords.groovy:40)\n\tat com.kms.katalon.core.webservice.keyword.WSBuiltInKeywords$sendRequest$1.call(Unknown Source)\n\tat mockoon.run(mockoon:17)\n\tat com.kms.katalon.core.main.ScriptEngine.run(ScriptEngine.java:194)\n\tat com.kms.katalon.core.main.ScriptEngine.runScriptAsRawText(ScriptEngine.java:119)\n\tat com.kms.katalon.core.main.TestCaseExecutor.runScript(TestCaseExecutor.java:337)\n\tat com.kms.katalon.core.main.TestCaseExecutor.doExecute(TestCaseExecutor.java:328)\n\tat com.kms.katalon.core.main.TestCaseExecutor.processExecutionPhase(TestCaseExecutor.java:307)\n\tat com.kms.katalon.core.main.TestCaseExecutor.accessMainPhase(TestCaseExecutor.java:299)\n\tat com.kms.katalon.core.main.TestCaseExecutor.execute(TestCaseExecutor.java:233)\n\tat com.kms.katalon.core.main.TestSuiteExecutor.accessTestCaseMainPhase(TestSuiteExecutor.java:169)\n\tat com.kms.katalon.core.main.TestSuiteExecutor.accessTestSuiteMainPhase(TestSuiteExecutor.java:142)\n\tat com.kms.katalon.core.main.TestSuiteExecutor.execute(TestSuiteExecutor.java:91)\n\tat com.kms.katalon.core.main.TestCaseMain.startTestSuite(TestCaseMain.java:157)\n\tat com.kms.katalon.core.main.TestCaseMain$startTestSuite$0.call(Unknown Source)\n\tat TempTestSuite1577445503704.run(TempTestSuite1577445503704.groovy:35)\n</property>
  <property name="failed.exception.class">java.net.ConnectException</property>
  <property name="failed.exception.message">Connection refused (Connection refused)</property>
</record>
<record>
  <date>2019-12-27T18:18:44</date>
  <millis>1577445524346</millis>
  <sequence>138</sequence>
  <level>START</level>
  <class>com.kms.katalon.core.logging.XmlKeywordLogger</class>
  <method>startKeyword</method>
  <thread>1</thread>
  <message>Start listener action : sampleAfterTestCase</message>
  <nestedLevel>1</nestedLevel>
</record>
<record>
  <date>2019-12-27T18:18:44</date>
  <millis>1577445524346</millis>
  <sequence>141</sequence>
  <level>END</level>
  <class>com.kms.katalon.core.logging.XmlKeywordLogger</class>
  <method>endKeyword</method>
  <thread>1</thread>
  <message>End listener action : sampleAfterTestCase</message>
  <nestedLevel>1</nestedLevel>
</record>
<record>
  <date>2019-12-27T18:18:46</date>
  <millis>1577445526393</millis>
  <sequence>142</sequence>
  <level>START</level>
  <class>com.kms.katalon.core.logging.XmlKeywordLogger</class>
  <method>startKeyword</method>
  <thread>1</thread>
  <message>Start action : Video</message>
  <nestedLevel>1</nestedLevel>
</record>
<record>
  <date>2019-12-27T18:18:46</date>
  <millis>1577445526393</millis>
  <sequence>143</sequence>
  <level>INFO</level>
  <class>com.kms.katalon.core.logging.XmlKeywordLogger</class>
  <method>logMessage</method>
  <thread>1</thread>
  <message>Video recording for test case &amp;apos;Test Cases/mockoon&amp;apos; .</message>
  <nestedLevel>1</nestedLevel>
  <property name="attachment">/Users/huynguyen/Katalon Studio/api/Reports/20191227_181823/api-suite23/20191227_181823/videos/test_3.mov</property>
</record>
<record>
  <date>2019-12-27T18:18:46</date>
  <millis>1577445526393</millis>
  <sequence>144</sequence>
  <level>END</level>
  <class>com.kms.katalon.core.logging.XmlKeywordLogger</class>
  <method>endKeyword</method>
  <thread>1</thread>
  <message>End End action : Video</message>
  <nestedLevel>1</nestedLevel>
</record>
<record>
  <date>2019-12-27T18:18:46</date>
  <millis>1577445526394</millis>
  <sequence>145</sequence>
  <level>END</level>
  <class>com.kms.katalon.core.logging.XmlKeywordLogger</class>
  <method>endTest</method>
  <thread>1</thread>
  <message>End Test Case : Test Cases/mockoon</message>
  <nestedLevel>0</nestedLevel>
</record>
<record>
  <date>2019-12-27T18:18:46</date>
  <millis>1577445526394</millis>
  <sequence>146</sequence>
  <level>INFO</level>
  <class>com.kms.katalon.core.logging.XmlKeywordLogger</class>
  <method>logMessage</method>
  <thread>1</thread>
  <message>=================== Smart XPath Report =======================</message>
  <nestedLevel>0</nestedLevel>
</record>
<record>
  <date>2019-12-27T18:18:46</date>
  <millis>1577445526394</millis>
  <sequence>147</sequence>
  <level>INFO</level>
  <class>com.kms.katalon.core.logging.XmlKeywordLogger</class>
  <method>logMessage</method>
  <thread>1</thread>
  <message>Refer to the link below to preview and approve auto healing on broken test objects.</message>
  <nestedLevel>0</nestedLevel>
</record>
<record>
  <date>2019-12-27T18:18:46</date>
  <millis>1577445526394</millis>
  <sequence>148</sequence>
  <level>INFO</level>
  <class>com.kms.katalon.core.logging.XmlKeywordLogger</class>
  <method>logMessage</method>
  <thread>1</thread>
  <message>https://docs.katalon.com/katalon-studio/docs/auto-healing-smart-xpath.html</message>
  <nestedLevel>0</nestedLevel>
</record>
<record>
  <date>2019-12-27T18:18:46</date>
  <millis>1577445526394</millis>
  <sequence>149</sequence>
  <level>INFO</level>
  <class>com.kms.katalon.core.logging.XmlKeywordLogger</class>
  <method>logMessage</method>
  <thread>1</thread>
  <message>===============================================================</message>
  <nestedLevel>0</nestedLevel>
</record>
<record>
  <date>2019-12-27T18:18:46</date>
  <millis>1577445526395</millis>
  <sequence>150</sequence>
  <level>START</level>
  <class>com.kms.katalon.core.logging.XmlKeywordLogger</class>
  <method>startKeyword</method>
  <thread>1</thread>
  <message>Start listener action : exportKatalonReports</message>
  <nestedLevel>0</nestedLevel>
</record>
<record>
  <date>2019-12-27T18:18:46</date>
  <millis>1577445526540</millis>
  <sequence>388</sequence>
  <level>INFO</level>
  <class>com.kms.katalon.core.logging.XmlKeywordLogger</class>
  <method>logMessage</method>
  <thread>1</thread>
  <message>Start generating HTML report folder at: /Users/huynguyen/Katalon Studio/api/Reports/20191227_181823/api-suite23/20191227_181823...</message>
  <nestedLevel>0</nestedLevel>
</record>
<record>
  <date>2019-12-27T18:18:47</date>
  <millis>1577445527441</millis>
  <sequence>389</sequence>
  <level>INFO</level>
  <class>com.kms.katalon.core.logging.XmlKeywordLogger</class>
  <method>logMessage</method>
  <thread>1</thread>
  <message>HTML report generated</message>
  <nestedLevel>0</nestedLevel>
</record>
<record>
  <date>2019-12-27T18:18:47</date>
  <millis>1577445527442</millis>
  <sequence>390</sequence>
  <level>INFO</level>
  <class>com.kms.katalon.core.logging.XmlKeywordLogger</class>
  <method>logMessage</method>
  <thread>1</thread>
  <message>Start generating CSV report folder at: /Users/huynguyen/Katalon Studio/api/Reports/20191227_181823/api-suite23/20191227_181823...</message>
  <nestedLevel>0</nestedLevel>
</record>
<record>
  <date>2019-12-27T18:18:47</date>
  <millis>1577445527455</millis>
  <sequence>391</sequence>
  <level>INFO</level>
  <class>com.kms.katalon.core.logging.XmlKeywordLogger</class>
  <method>logMessage</method>
  <thread>1</thread>
  <message>CSV report generated</message>
  <nestedLevel>0</nestedLevel>
</record>
<record>
  <date>2019-12-27T18:18:47</date>
  <millis>1577445527455</millis>
  <sequence>392</sequence>
  <level>INFO</level>
  <class>com.kms.katalon.core.logging.XmlKeywordLogger</class>
  <method>logMessage</method>
  <thread>1</thread>
  <message>Start generating JUnit report folder at: /Users/huynguyen/Katalon Studio/api/Reports/20191227_181823/api-suite23/20191227_181823...</message>
  <nestedLevel>0</nestedLevel>
</record>
<record>
  <date>2019-12-27T18:18:47</date>
  <millis>1577445527564</millis>
  <sequence>393</sequence>
  <level>INFO</level>
  <class>com.kms.katalon.core.logging.XmlKeywordLogger</class>
  <method>logMessage</method>
  <thread>1</thread>
  <message>JUnit report generated</message>
  <nestedLevel>0</nestedLevel>
</record>
<record>
  <date>2019-12-27T18:18:47</date>
  <millis>1577445527564</millis>
  <sequence>394</sequence>
  <level>INFO</level>
  <class>com.kms.katalon.core.logging.XmlKeywordLogger</class>
  <method>logMessage</method>
  <thread>1</thread>
  <message>Start generating PDF report folder at: /Users/huynguyen/Katalon Studio/api/Reports/20191227_181823/api-suite23/20191227_181823...</message>
  <nestedLevel>0</nestedLevel>
</record>
<record>
  <date>2019-12-27T18:18:51</date>
  <millis>1577445531827</millis>
  <sequence>417</sequence>
  <level>WARNING</level>
  <class>com.kms.katalon.core.logging.XmlKeywordLogger</class>
  <method>logMessage</method>
  <thread>1</thread>
  <message>com.kms.katalon.core.pdf.exception.JasperReportException: Unable to export pdf to location: /Users/huynguyen/Katalon Studio/api/Reports/20191227_181823/api-suite23/20191227_181823/20191227_181823.pdf\n\tat com.kms.katalon.core.pdf.AbstractPdfReportGenerator.exportToPDF(AbstractPdfReportGenerator.java:95)\n\tat com.kms.katalon.core.reporting.ReportWriterUtil.writePdfReport(ReportWriterUtil.java:153)\n\tat com.kms.katalon.core.reporting.ReportWriterUtil$writePdfReport$3.call(Unknown Source)\n\tat KatalonReportListener.exportKatalonReports(KatalonReportListener.groovy:54)\n\tat KatalonReportListener.invokeMethod(KatalonReportListener.groovy)\n\tat com.kms.katalon.core.context.internal.TestHooker.invokeMethod(TestHooker.java:111)\n\tat com.kms.katalon.core.context.internal.TestHooker.lambda$2(TestHooker.java:95)\n\tat com.kms.katalon.core.context.internal.TestHooker.invokeContextMethods(TestHooker.java:94)\n\tat com.kms.katalon.core.context.internal.TestListenerCollector.lambda$3(TestListenerCollector.java:88)\n\tat com.kms.katalon.core.context.internal.TestListenerCollector.handleListenerEvent(TestListenerCollector.java:85)\n\tat com.kms.katalon.core.context.internal.ExecutionEventManager.publicEvent(ExecutionEventManager.java:36)\n\tat com.kms.katalon.core.main.TestSuiteExecutor.execute(TestSuiteExecutor.java:99)\n\tat com.kms.katalon.core.main.TestCaseMain.startTestSuite(TestCaseMain.java:157)\n\tat com.kms.katalon.core.main.TestCaseMain$startTestSuite$0.call(Unknown Source)\n\tat TempTestSuite1577445503704.run(TempTestSuite1577445503704.groovy:35)\nCaused by: net.sf.jasperreports.engine.fill.JRExpressionEvalException: Error evaluating expression for source text: net.sf.jasperreports.engine.JasperCompileManager.compileReport(com.kms.katalon.core.pdf.ResourceUtil.getResourceAsInputStream(com.kms.katalon.core.pdf.AbstractPdfReportGenerator.class, $P{TEST_CASE_TPL}))\n\tat net.sf.jasperreports.engine.fill.JREvaluator.evaluate(JREvaluator.java:291)\n\tat net.sf.jasperreports.engine.fill.JRCalculator.evaluate(JRCalculator.java:618)\n\tat net.sf.jasperreports.engine.fill.JRCalculator.evaluate(JRCalculator.java:586)\n\tat net.sf.jasperreports.engine.fill.JRFillElement.evaluateExpression(JRFillElement.java:1020)\n\tat net.sf.jasperreports.engine.fill.JRFillSubreport.evaluateReport(JRFillSubreport.java:360)\n\tat net.sf.jasperreports.engine.fill.JRFillSubreport.evaluateSubreport(JRFillSubreport.java:437)\n\tat net.sf.jasperreports.engine.fill.JRFillSubreport.evaluate(JRFillSubreport.java:351)\n\tat net.sf.jasperreports.engine.fill.JRFillElementContainer.evaluate(JRFillElementContainer.java:281)\n\tat net.sf.jasperreports.engine.fill.JRFillBand.evaluate(JRFillBand.java:504)\n\tat net.sf.jasperreports.engine.fill.JRVerticalFiller.fillSummaryNoLastFooterNewPage(JRVerticalFiller.java:1183)\n\tat net.sf.jasperreports.engine.fill.JRVerticalFiller.fillSummary(JRVerticalFiller.java:1033)\n\tat net.sf.jasperreports.engine.fill.JRVerticalFiller.fillReportEnd(JRVerticalFiller.java:290)\n\tat net.sf.jasperreports.engine.fill.JRVerticalFiller.fillReport(JRVerticalFiller.java:126)\n\tat net.sf.jasperreports.engine.fill.JRBaseFiller.fill(JRBaseFiller.java:558)\n\tat net.sf.jasperreports.engine.fill.BaseReportFiller.fill(BaseReportFiller.java:414)\n\tat net.sf.jasperreports.engine.fill.JRFiller.fill(JRFiller.java:122)\n\tat net.sf.jasperreports.engine.JasperFillManager.fill(JasperFillManager.java:667)\n\tat net.sf.jasperreports.engine.JasperFillManager.fillReport(JasperFillManager.java:983)\n\tat com.kms.katalon.core.pdf.AbstractPdfReportGenerator.exportToPDF(AbstractPdfReportGenerator.java:89)\n\t... 14 more\nCaused by: java.lang.NoClassDefFoundError: org/eclipse/core/runtime/Plugin\n\tat org.codehaus.jdt.groovy.integration.LanguageSupportFactory.tryInstantiate(LanguageSupportFactory.java:143)\n\tat org.codehaus.jdt.groovy.integration.LanguageSupportFactory.getLanguageSupport(LanguageSupportFactory.java:128)\n\tat org.codehaus.jdt.groovy.integration.LanguageSupportFactory.getParser(LanguageSupportFactory.java:57)\n\tat org.eclipse.jdt.internal.compiler.Compiler.initializeParser(Compiler.java:836)\n\tat org.eclipse.jdt.internal.compiler.Compiler.&amp;lt;init&amp;gt;(Compiler.java:300)\n\tat org.eclipse.jdt.internal.compiler.Compiler.&amp;lt;init&amp;gt;(Compiler.java:114)\n\tat net.sf.jasperreports.engine.design.JRJdtCompiler.compileUnits(JRJdtCompiler.java:167)\n\tat net.sf.jasperreports.engine.design.JRAbstractCompiler.compileReport(JRAbstractCompiler.java:212)\n\tat net.sf.jasperreports.engine.JasperCompileManager.compile(JasperCompileManager.java:357)\n\tat net.sf.jasperreports.engine.JasperCompileManager.compile(JasperCompileManager.java:343)\n\tat net.sf.jasperreports.engine.JasperCompileManager.compileReport(JasperCompileManager.java:608)\n\tat net.sf.jasperreports.engine.JasperCompileManager$compileReport.call(Unknown Source)\n\tat User32Overview_1577445528525_177582.evaluate(calculator_User32Overview_1577445528525_177582:280)\n\tat net.sf.jasperreports.engine.fill.JREvaluator.evaluate(JREvaluator.java:277)\n\t... 32 more\nCaused by: java.lang.ClassNotFoundException: org.eclipse.core.runtime.Plugin\n\t... 46 more\n</message>
  <nestedLevel>0</nestedLevel>
</record>
<record>
  <date>2019-12-27T18:18:51</date>
  <millis>1577445531831</millis>
  <sequence>419</sequence>
  <level>END</level>
  <class>com.kms.katalon.core.logging.XmlKeywordLogger</class>
  <method>endKeyword</method>
  <thread>1</thread>
  <message>End listener action : exportKatalonReports</message>
  <nestedLevel>0</nestedLevel>
</record>
<record>
  <date>2019-12-27T18:18:51</date>
  <millis>1577445531832</millis>
  <sequence>420</sequence>
  <level>START</level>
  <class>com.kms.katalon.core.logging.XmlKeywordLogger</class>
  <method>startKeyword</method>
  <thread>1</thread>
  <message>Start listener action : sampleAfterTestSuite</message>
  <nestedLevel>0</nestedLevel>
</record>
<record>
  <date>2019-12-27T18:18:51</date>
  <millis>1577445531833</millis>
  <sequence>423</sequence>
  <level>END</level>
  <class>com.kms.katalon.core.logging.XmlKeywordLogger</class>
  <method>endKeyword</method>
  <thread>1</thread>
  <message>End listener action : sampleAfterTestSuite</message>
  <nestedLevel>0</nestedLevel>
</record>
<record>
  <date>2019-12-27T18:18:51</date>
  <millis>1577445531892</millis>
  <sequence>424</sequence>
  <level>END</level>
  <class>com.kms.katalon.core.logging.XmlKeywordLogger</class>
  <method>endSuite</method>
  <thread>1</thread>
  <message>End Test Suite : Test Suites/api-suite23</message>
  <nestedLevel>0</nestedLevel>
</record>
</log>