<?xml version="1.0" encoding="UTF-8" standalone="no"?>
<!DOCTYPE log SYSTEM "logger.dtd">
<log>
<record>
  <date>2019-12-27T18:35:51</date>
  <millis>1577446551237</millis>
  <sequence>0</sequence>
  <level>START</level>
  <class>com.kms.katalon.core.logging.XmlKeywordLogger</class>
  <method>startSuite</method>
  <thread>1</thread>
  <message>Start Test Suite : Test Suites/api-suite23</message>
  <nestedLevel>0</nestedLevel>
  <property name="name">api-suite23</property>
  <property name="description"></property>
  <property name="id">Test Suites/api-suite23</property>
</record>
<record>
  <date>2019-12-27T18:35:51</date>
  <millis>1577446551253</millis>
  <sequence>1</sequence>
  <level>RUN_DATA</level>
  <class>com.kms.katalon.core.logging.XmlKeywordLogger</class>
  <method>logMessage</method>
  <thread>1</thread>
  <message>hostName = huynguyen - 192.168.34.29</message>
  <nestedLevel>0</nestedLevel>
  <property name="hostName">huynguyen - 192.168.34.29</property>
</record>
<record>
  <date>2019-12-27T18:35:51</date>
  <millis>1577446551253</millis>
  <sequence>2</sequence>
  <level>RUN_DATA</level>
  <class>com.kms.katalon.core.logging.XmlKeywordLogger</class>
  <method>logMessage</method>
  <thread>1</thread>
  <message>os = Mac OS X 64bit</message>
  <nestedLevel>0</nestedLevel>
  <property name="os">Mac OS X 64bit</property>
</record>
<record>
  <date>2019-12-27T18:35:51</date>
  <millis>1577446551254</millis>
  <sequence>3</sequence>
  <level>RUN_DATA</level>
  <class>com.kms.katalon.core.logging.XmlKeywordLogger</class>
  <method>logMessage</method>
  <thread>1</thread>
  <message>hostAddress = 192.168.34.29</message>
  <nestedLevel>0</nestedLevel>
  <property name="hostAddress">192.168.34.29</property>
</record>
<record>
  <date>2019-12-27T18:35:51</date>
  <millis>1577446551255</millis>
  <sequence>4</sequence>
  <level>RUN_DATA</level>
  <class>com.kms.katalon.core.logging.XmlKeywordLogger</class>
  <method>logMessage</method>
  <thread>1</thread>
  <message>katalonVersion = 7.2.2.${buildNumber}</message>
  <nestedLevel>0</nestedLevel>
  <property name="katalonVersion">7.2.2.${buildNumber}</property>
</record>
<record>
  <date>2019-12-27T18:35:51</date>
  <millis>1577446551292</millis>
  <sequence>5</sequence>
  <level>INFO</level>
  <class>com.kms.katalon.core.logging.XmlKeywordLogger</class>
  <method>logMessage</method>
  <thread>1</thread>
  <message>Microsoft Teams Incoming Webhook is empty.</message>
  <nestedLevel>0</nestedLevel>
</record>
<record>
  <date>2019-12-27T18:35:51</date>
  <millis>1577446551542</millis>
  <sequence>6</sequence>
  <level>START</level>
  <class>com.kms.katalon.core.logging.XmlKeywordLogger</class>
  <method>startTest</method>
  <thread>1</thread>
  <message>Start Test Case : Test Cases/mockoon</message>
  <nestedLevel>1</nestedLevel>
  <property name="name">Test Cases/mockoon</property>
  <property name="description"></property>
  <property name="id">Test Cases/mockoon</property>
  <property name="source">\\Users\\huynguyen\\Katalon Studio\\api\\Test Cases\\mockoon.tc</property>
  <property name="tag"></property>
  <property name="isOptional">false</property>
</record>
<record>
  <date>2019-12-27T18:35:52</date>
  <millis>1577446552247</millis>
  <sequence>8</sequence>
  <level>START</level>
  <class>com.kms.katalon.core.logging.XmlKeywordLogger</class>
  <method>startKeyword</method>
  <thread>1</thread>
  <message>Start action : sendRequest(findTestObject(\&amp;quot;mockoon\&amp;quot;))</message>
  <nestedLevel>1</nestedLevel>
  <property name="startLine">17</property>
  <property name="stepIndex">1</property>
</record>
<record>
  <date>2019-12-27T18:35:53</date>
  <millis>1577446553666</millis>
  <sequence>14</sequence>
  <level>FAILED</level>
  <class>com.kms.katalon.core.logging.XmlKeywordLogger</class>
  <method>logMessage</method>
  <thread>1</thread>
  <message>Unable to send request (Root cause: org.apache.http.conn.HttpHostConnectException: Connect to 127.0.0.1:5000 [/127.0.0.1] failed: Connection refused (Connection refused)\n\tat org.apache.http.impl.conn.DefaultHttpClientConnectionOperator.connect(DefaultHttpClientConnectionOperator.java:151)\n\tat org.apache.http.impl.conn.PoolingHttpClientConnectionManager.connect(PoolingHttpClientConnectionManager.java:353)\n\tat org.apache.http.impl.execchain.MainClientExec.establishRoute(MainClientExec.java:380)\n\tat org.apache.http.impl.execchain.MainClientExec.execute(MainClientExec.java:236)\n\tat org.apache.http.impl.execchain.ProtocolExec.execute(ProtocolExec.java:184)\n\tat org.apache.http.impl.execchain.RetryExec.execute(RetryExec.java:88)\n\tat org.apache.http.impl.client.InternalHttpClient.doExecute(InternalHttpClient.java:184)\n\tat org.apache.http.impl.client.CloseableHttpClient.execute(CloseableHttpClient.java:82)\n\tat com.kms.katalon.core.webservice.common.RestfulClient.response(RestfulClient.java:207)\n\tat com.kms.katalon.core.webservice.common.RestfulClient.sendRequest(RestfulClient.java:140)\n\tat com.kms.katalon.core.webservice.common.RestfulClient.send(RestfulClient.java:75)\n\tat com.kms.katalon.core.webservice.keyword.builtin.SendRequestKeyword$_sendRequest_closure1.doCall(SendRequestKeyword.groovy:42)\n\tat com.kms.katalon.core.webservice.keyword.builtin.SendRequestKeyword$_sendRequest_closure1.call(SendRequestKeyword.groovy)\n\tat com.kms.katalon.core.keyword.internal.KeywordMain.runKeyword(KeywordMain.groovy:68)\n\tat com.kms.katalon.core.webservice.keyword.builtin.SendRequestKeyword.sendRequest(SendRequestKeyword.groovy:38)\n\tat com.kms.katalon.core.webservice.keyword.builtin.SendRequestKeyword.execute(SendRequestKeyword.groovy:33)\n\tat com.kms.katalon.core.keyword.internal.KeywordExecutor.executeKeywordForPlatform(KeywordExecutor.groovy:72)\n\tat com.kms.katalon.core.webservice.keyword.WSBuiltInKeywords.sendRequest(WSBuiltInKeywords.groovy:40)\n\tat com.kms.katalon.core.webservice.keyword.WSBuiltInKeywords$sendRequest.call(Unknown Source)\n\tat mockoon.run(mockoon:17)\n\tat com.kms.katalon.core.main.ScriptEngine.run(ScriptEngine.java:194)\n\tat com.kms.katalon.core.main.ScriptEngine.runScriptAsRawText(ScriptEngine.java:119)\n\tat com.kms.katalon.core.main.TestCaseExecutor.runScript(TestCaseExecutor.java:337)\n\tat com.kms.katalon.core.main.TestCaseExecutor.doExecute(TestCaseExecutor.java:328)\n\tat com.kms.katalon.core.main.TestCaseExecutor.processExecutionPhase(TestCaseExecutor.java:307)\n\tat com.kms.katalon.core.main.TestCaseExecutor.accessMainPhase(TestCaseExecutor.java:299)\n\tat com.kms.katalon.core.main.TestCaseExecutor.execute(TestCaseExecutor.java:233)\n\tat com.kms.katalon.core.main.TestSuiteExecutor.accessTestCaseMainPhase(TestSuiteExecutor.java:169)\n\tat com.kms.katalon.core.main.TestSuiteExecutor.accessTestSuiteMainPhase(TestSuiteExecutor.java:142)\n\tat com.kms.katalon.core.main.TestSuiteExecutor.execute(TestSuiteExecutor.java:91)\n\tat com.kms.katalon.core.main.TestCaseMain.startTestSuite(TestCaseMain.java:157)\n\tat com.kms.katalon.core.main.TestCaseMain$startTestSuite$0.call(Unknown Source)\n\tat TempTestSuite1577446545519.run(TempTestSuite1577446545519.groovy:35)\nCaused by: java.net.ConnectException: Connection refused (Connection refused)\n\tat org.apache.http.conn.socket.PlainConnectionSocketFactory.connectSocket(PlainConnectionSocketFactory.java:74)\n\tat org.apache.http.impl.conn.DefaultHttpClientConnectionOperator.connect(DefaultHttpClientConnectionOperator.java:134)\n\tat org.apache.http.impl.conn.PoolingHttpClientConnectionManager.connect(PoolingHttpClientConnectionManager.java:353)\n\tat org.apache.http.impl.execchain.MainClientExec.establishRoute(MainClientExec.java:380)\n\tat org.apache.http.impl.execchain.MainClientExec.execute(MainClientExec.java:236)\n\tat org.apache.http.impl.execchain.ProtocolExec.execute(ProtocolExec.java:184)\n\tat org.apache.http.impl.execchain.RetryExec.execute(RetryExec.java:88)\n\tat org.apache.http.impl.client.InternalHttpClient.doExecute(InternalHttpClient.java:184)\n\tat org.apache.http.impl.client.CloseableHttpClient.execute(CloseableHttpClient.java:82)\n\tat com.kms.katalon.core.webservice.common.RestfulClient.response(RestfulClient.java:207)\n\tat com.kms.katalon.core.webservice.common.RestfulClient.sendRequest(RestfulClient.java:140)\n\tat com.kms.katalon.core.webservice.common.RestfulClient.send(RestfulClient.java:75)\n\tat com.kms.katalon.core.webservice.keyword.builtin.SendRequestKeyword$_sendRequest_closure1.doCall(SendRequestKeyword.groovy:42)\n\tat com.kms.katalon.core.webservice.keyword.builtin.SendRequestKeyword$_sendRequest_closure1.call(SendRequestKeyword.groovy)\n\tat com.kms.katalon.core.keyword.internal.KeywordMain.runKeyword(KeywordMain.groovy:68)\n\tat com.kms.katalon.core.webservice.keyword.builtin.SendRequestKeyword.sendRequest(SendRequestKeyword.groovy:38)\n\tat com.kms.katalon.core.webservice.keyword.builtin.SendRequestKeyword.execute(SendRequestKeyword.groovy:33)\n\tat com.kms.katalon.core.keyword.internal.KeywordExecutor.executeKeywordForPlatform(KeywordExecutor.groovy:72)\n\tat com.kms.katalon.core.webservice.keyword.WSBuiltInKeywords.sendRequest(WSBuiltInKeywords.groovy:40)\n\tat com.kms.katalon.core.webservice.keyword.WSBuiltInKeywords$sendRequest.call(Unknown Source)\n\tat Script1575454852721.run(Script1575454852721.groovy:17)\n\t... 13 more\n)</message>
  <nestedLevel>1</nestedLevel>
  <property name="failed.exception.class">java.net.ConnectException</property>
  <property name="failed.exception.stacktrace">java.net.ConnectException: Connection refused (Connection refused)\n\tat org.apache.http.conn.socket.PlainConnectionSocketFactory.connectSocket(PlainConnectionSocketFactory.java:74)\n\tat org.apache.http.impl.conn.DefaultHttpClientConnectionOperator.connect(DefaultHttpClientConnectionOperator.java:134)\n\tat org.apache.http.impl.conn.PoolingHttpClientConnectionManager.connect(PoolingHttpClientConnectionManager.java:353)\n\tat org.apache.http.impl.execchain.MainClientExec.establishRoute(MainClientExec.java:380)\n\tat org.apache.http.impl.execchain.MainClientExec.execute(MainClientExec.java:236)\n\tat org.apache.http.impl.execchain.ProtocolExec.execute(ProtocolExec.java:184)\n\tat org.apache.http.impl.execchain.RetryExec.execute(RetryExec.java:88)\n\tat org.apache.http.impl.client.InternalHttpClient.doExecute(InternalHttpClient.java:184)\n\tat org.apache.http.impl.client.CloseableHttpClient.execute(CloseableHttpClient.java:82)\n\tat com.kms.katalon.core.webservice.common.RestfulClient.response(RestfulClient.java:207)\n\tat com.kms.katalon.core.webservice.common.RestfulClient.sendRequest(RestfulClient.java:140)\n\tat com.kms.katalon.core.webservice.common.RestfulClient.send(RestfulClient.java:75)\n\tat com.kms.katalon.core.webservice.keyword.builtin.SendRequestKeyword$_sendRequest_closure1.doCall(SendRequestKeyword.groovy:42)\n\tat com.kms.katalon.core.webservice.keyword.builtin.SendRequestKeyword$_sendRequest_closure1.call(SendRequestKeyword.groovy)\n\tat com.kms.katalon.core.keyword.internal.KeywordMain.runKeyword(KeywordMain.groovy:68)\n\tat com.kms.katalon.core.webservice.keyword.builtin.SendRequestKeyword.sendRequest(SendRequestKeyword.groovy:38)\n\tat com.kms.katalon.core.webservice.keyword.builtin.SendRequestKeyword.execute(SendRequestKeyword.groovy:33)\n\tat com.kms.katalon.core.keyword.internal.KeywordExecutor.executeKeywordForPlatform(KeywordExecutor.groovy:72)\n\tat com.kms.katalon.core.webservice.keyword.WSBuiltInKeywords.sendRequest(WSBuiltInKeywords.groovy:40)\n\tat com.kms.katalon.core.webservice.keyword.WSBuiltInKeywords$sendRequest.call(Unknown Source)\n\tat mockoon.run(mockoon:17)\n\tat com.kms.katalon.core.main.ScriptEngine.run(ScriptEngine.java:194)\n\tat com.kms.katalon.core.main.ScriptEngine.runScriptAsRawText(ScriptEngine.java:119)\n\tat com.kms.katalon.core.main.TestCaseExecutor.runScript(TestCaseExecutor.java:337)\n\tat com.kms.katalon.core.main.TestCaseExecutor.doExecute(TestCaseExecutor.java:328)\n\tat com.kms.katalon.core.main.TestCaseExecutor.processExecutionPhase(TestCaseExecutor.java:307)\n\tat com.kms.katalon.core.main.TestCaseExecutor.accessMainPhase(TestCaseExecutor.java:299)\n\tat com.kms.katalon.core.main.TestCaseExecutor.execute(TestCaseExecutor.java:233)\n\tat com.kms.katalon.core.main.TestSuiteExecutor.accessTestCaseMainPhase(TestSuiteExecutor.java:169)\n\tat com.kms.katalon.core.main.TestSuiteExecutor.accessTestSuiteMainPhase(TestSuiteExecutor.java:142)\n\tat com.kms.katalon.core.main.TestSuiteExecutor.execute(TestSuiteExecutor.java:91)\n\tat com.kms.katalon.core.main.TestCaseMain.startTestSuite(TestCaseMain.java:157)\n\tat com.kms.katalon.core.main.TestCaseMain$startTestSuite$0.call(Unknown Source)\n\tat TempTestSuite1577446545519.run(TempTestSuite1577446545519.groovy:35)\n</property>
  <property name="failed.exception.message">Connection refused (Connection refused)</property>
</record>
<record>
  <date>2019-12-27T18:35:53</date>
  <millis>1577446553674</millis>
  <sequence>15</sequence>
  <level>END</level>
  <class>com.kms.katalon.core.logging.XmlKeywordLogger</class>
  <method>endKeyword</method>
  <thread>1</thread>
  <message>End action : sendRequest(findTestObject(\&amp;quot;mockoon\&amp;quot;))</message>
  <nestedLevel>1</nestedLevel>
</record>
<record>
  <date>2019-12-27T18:35:53</date>
  <millis>1577446553681</millis>
  <sequence>19</sequence>
  <level>FAILED</level>
  <class>com.kms.katalon.core.logging.XmlKeywordLogger</class>
  <method>logMessage</method>
  <thread>1</thread>
  <message>Test Cases/mockoon FAILED.\nReason:\ncom.kms.katalon.core.exception.StepFailedException: Unable to send request (Root cause: org.apache.http.conn.HttpHostConnectException: Connect to 127.0.0.1:5000 [/127.0.0.1] failed: Connection refused (Connection refused)\n\tat org.apache.http.impl.conn.DefaultHttpClientConnectionOperator.connect(DefaultHttpClientConnectionOperator.java:151)\n\tat org.apache.http.impl.conn.PoolingHttpClientConnectionManager.connect(PoolingHttpClientConnectionManager.java:353)\n\tat org.apache.http.impl.execchain.MainClientExec.establishRoute(MainClientExec.java:380)\n\tat org.apache.http.impl.execchain.MainClientExec.execute(MainClientExec.java:236)\n\tat org.apache.http.impl.execchain.ProtocolExec.execute(ProtocolExec.java:184)\n\tat org.apache.http.impl.execchain.RetryExec.execute(RetryExec.java:88)\n\tat org.apache.http.impl.client.InternalHttpClient.doExecute(InternalHttpClient.java:184)\n\tat org.apache.http.impl.client.CloseableHttpClient.execute(CloseableHttpClient.java:82)\n\tat com.kms.katalon.core.webservice.common.RestfulClient.response(RestfulClient.java:207)\n\tat com.kms.katalon.core.webservice.common.RestfulClient.sendRequest(RestfulClient.java:140)\n\tat com.kms.katalon.core.webservice.common.RestfulClient.send(RestfulClient.java:75)\n\tat com.kms.katalon.core.webservice.keyword.builtin.SendRequestKeyword$_sendRequest_closure1.doCall(SendRequestKeyword.groovy:42)\n\tat com.kms.katalon.core.webservice.keyword.builtin.SendRequestKeyword$_sendRequest_closure1.call(SendRequestKeyword.groovy)\n\tat com.kms.katalon.core.keyword.internal.KeywordMain.runKeyword(KeywordMain.groovy:68)\n\tat com.kms.katalon.core.webservice.keyword.builtin.SendRequestKeyword.sendRequest(SendRequestKeyword.groovy:38)\n\tat com.kms.katalon.core.webservice.keyword.builtin.SendRequestKeyword.execute(SendRequestKeyword.groovy:33)\n\tat com.kms.katalon.core.keyword.internal.KeywordExecutor.executeKeywordForPlatform(KeywordExecutor.groovy:72)\n\tat com.kms.katalon.core.webservice.keyword.WSBuiltInKeywords.sendRequest(WSBuiltInKeywords.groovy:40)\n\tat com.kms.katalon.core.webservice.keyword.WSBuiltInKeywords$sendRequest.call(Unknown Source)\n\tat mockoon.run(mockoon:17)\n\tat com.kms.katalon.core.main.ScriptEngine.run(ScriptEngine.java:194)\n\tat com.kms.katalon.core.main.ScriptEngine.runScriptAsRawText(ScriptEngine.java:119)\n\tat com.kms.katalon.core.main.TestCaseExecutor.runScript(TestCaseExecutor.java:337)\n\tat com.kms.katalon.core.main.TestCaseExecutor.doExecute(TestCaseExecutor.java:328)\n\tat com.kms.katalon.core.main.TestCaseExecutor.processExecutionPhase(TestCaseExecutor.java:307)\n\tat com.kms.katalon.core.main.TestCaseExecutor.accessMainPhase(TestCaseExecutor.java:299)\n\tat com.kms.katalon.core.main.TestCaseExecutor.execute(TestCaseExecutor.java:233)\n\tat com.kms.katalon.core.main.TestSuiteExecutor.accessTestCaseMainPhase(TestSuiteExecutor.java:169)\n\tat com.kms.katalon.core.main.TestSuiteExecutor.accessTestSuiteMainPhase(TestSuiteExecutor.java:142)\n\tat com.kms.katalon.core.main.TestSuiteExecutor.execute(TestSuiteExecutor.java:91)\n\tat com.kms.katalon.core.main.TestCaseMain.startTestSuite(TestCaseMain.java:157)\n\tat com.kms.katalon.core.main.TestCaseMain$startTestSuite$0.call(Unknown Source)\n\tat TempTestSuite1577446545519.run(TempTestSuite1577446545519.groovy:35)\nCaused by: java.net.ConnectException: Connection refused (Connection refused)\n\tat org.apache.http.conn.socket.PlainConnectionSocketFactory.connectSocket(PlainConnectionSocketFactory.java:74)\n\tat org.apache.http.impl.conn.DefaultHttpClientConnectionOperator.connect(DefaultHttpClientConnectionOperator.java:134)\n\tat org.apache.http.impl.conn.PoolingHttpClientConnectionManager.connect(PoolingHttpClientConnectionManager.java:353)\n\tat org.apache.http.impl.execchain.MainClientExec.establishRoute(MainClientExec.java:380)\n\tat org.apache.http.impl.execchain.MainClientExec.execute(MainClientExec.java:236)\n\tat org.apache.http.impl.execchain.ProtocolExec.execute(ProtocolExec.java:184)\n\tat org.apache.http.impl.execchain.RetryExec.execute(RetryExec.java:88)\n\tat org.apache.http.impl.client.InternalHttpClient.doExecute(InternalHttpClient.java:184)\n\tat org.apache.http.impl.client.CloseableHttpClient.execute(CloseableHttpClient.java:82)\n\tat com.kms.katalon.core.webservice.common.RestfulClient.response(RestfulClient.java:207)\n\tat com.kms.katalon.core.webservice.common.RestfulClient.sendRequest(RestfulClient.java:140)\n\tat com.kms.katalon.core.webservice.common.RestfulClient.send(RestfulClient.java:75)\n\tat com.kms.katalon.core.webservice.keyword.builtin.SendRequestKeyword$_sendRequest_closure1.doCall(SendRequestKeyword.groovy:42)\n\tat com.kms.katalon.core.webservice.keyword.builtin.SendRequestKeyword$_sendRequest_closure1.call(SendRequestKeyword.groovy)\n\tat com.kms.katalon.core.keyword.internal.KeywordMain.runKeyword(KeywordMain.groovy:68)\n\tat com.kms.katalon.core.webservice.keyword.builtin.SendRequestKeyword.sendRequest(SendRequestKeyword.groovy:38)\n\tat com.kms.katalon.core.webservice.keyword.builtin.SendRequestKeyword.execute(SendRequestKeyword.groovy:33)\n\tat com.kms.katalon.core.keyword.internal.KeywordExecutor.executeKeywordForPlatform(KeywordExecutor.groovy:72)\n\tat com.kms.katalon.core.webservice.keyword.WSBuiltInKeywords.sendRequest(WSBuiltInKeywords.groovy:40)\n\tat com.kms.katalon.core.webservice.keyword.WSBuiltInKeywords$sendRequest.call(Unknown Source)\n\tat Script1575454852721.run(Script1575454852721.groovy:17)\n\t... 13 more\n)\n\tat com.kms.katalon.core.keyword.internal.KeywordMain.stepFailed(KeywordMain.groovy:50)\n\tat com.kms.katalon.core.keyword.internal.KeywordMain.stepFailed(KeywordMain.groovy)\n\tat com.kms.katalon.core.keyword.internal.KeywordMain.runKeyword(KeywordMain.groovy:70)\n\tat com.kms.katalon.core.webservice.keyword.builtin.SendRequestKeyword.sendRequest(SendRequestKeyword.groovy:38)\n\tat com.kms.katalon.core.webservice.keyword.builtin.SendRequestKeyword.execute(SendRequestKeyword.groovy:33)\n\tat com.kms.katalon.core.keyword.internal.KeywordExecutor.executeKeywordForPlatform(KeywordExecutor.groovy:72)\n\tat com.kms.katalon.core.webservice.keyword.WSBuiltInKeywords.sendRequest(WSBuiltInKeywords.groovy:40)\n\tat com.kms.katalon.core.webservice.keyword.WSBuiltInKeywords$sendRequest.call(Unknown Source)\n\tat mockoon.run(mockoon:17)\n\tat com.kms.katalon.core.main.ScriptEngine.run(ScriptEngine.java:194)\n\tat com.kms.katalon.core.main.ScriptEngine.runScriptAsRawText(ScriptEngine.java:119)\n\tat com.kms.katalon.core.main.TestCaseExecutor.runScript(TestCaseExecutor.java:337)\n\tat com.kms.katalon.core.main.TestCaseExecutor.doExecute(TestCaseExecutor.java:328)\n\tat com.kms.katalon.core.main.TestCaseExecutor.processExecutionPhase(TestCaseExecutor.java:307)\n\tat com.kms.katalon.core.main.TestCaseExecutor.accessMainPhase(TestCaseExecutor.java:299)\n\tat com.kms.katalon.core.main.TestCaseExecutor.execute(TestCaseExecutor.java:233)\n\tat com.kms.katalon.core.main.TestSuiteExecutor.accessTestCaseMainPhase(TestSuiteExecutor.java:169)\n\tat com.kms.katalon.core.main.TestSuiteExecutor.accessTestSuiteMainPhase(TestSuiteExecutor.java:142)\n\tat com.kms.katalon.core.main.TestSuiteExecutor.execute(TestSuiteExecutor.java:91)\n\tat com.kms.katalon.core.main.TestCaseMain.startTestSuite(TestCaseMain.java:157)\n\tat com.kms.katalon.core.main.TestCaseMain$startTestSuite$0.call(Unknown Source)\n\tat TempTestSuite1577446545519.run(TempTestSuite1577446545519.groovy:35)\nCaused by: org.apache.http.conn.HttpHostConnectException: Connect to 127.0.0.1:5000 [/127.0.0.1] failed: Connection refused (Connection refused)\n\tat org.apache.http.impl.conn.DefaultHttpClientConnectionOperator.connect(DefaultHttpClientConnectionOperator.java:151)\n\tat org.apache.http.impl.conn.PoolingHttpClientConnectionManager.connect(PoolingHttpClientConnectionManager.java:353)\n\tat org.apache.http.impl.execchain.MainClientExec.establishRoute(MainClientExec.java:380)\n\tat org.apache.http.impl.execchain.MainClientExec.execute(MainClientExec.java:236)\n\tat org.apache.http.impl.execchain.ProtocolExec.execute(ProtocolExec.java:184)\n\tat org.apache.http.impl.execchain.RetryExec.execute(RetryExec.java:88)\n\tat org.apache.http.impl.client.InternalHttpClient.doExecute(InternalHttpClient.java:184)\n\tat org.apache.http.impl.client.CloseableHttpClient.execute(CloseableHttpClient.java:82)\n\tat com.kms.katalon.core.webservice.common.RestfulClient.response(RestfulClient.java:207)\n\tat com.kms.katalon.core.webservice.common.RestfulClient.sendRequest(RestfulClient.java:140)\n\tat com.kms.katalon.core.webservice.common.RestfulClient.send(RestfulClient.java:75)\n\tat com.kms.katalon.core.webservice.keyword.builtin.SendRequestKeyword$_sendRequest_closure1.doCall(SendRequestKeyword.groovy:42)\n\tat com.kms.katalon.core.webservice.keyword.builtin.SendRequestKeyword$_sendRequest_closure1.call(SendRequestKeyword.groovy)\n\tat com.kms.katalon.core.keyword.internal.KeywordMain.runKeyword(KeywordMain.groovy:68)\n\t... 19 more\nCaused by: java.net.ConnectException: Connection refused (Connection refused)\n\tat org.apache.http.conn.socket.PlainConnectionSocketFactory.connectSocket(PlainConnectionSocketFactory.java:74)\n\tat org.apache.http.impl.conn.DefaultHttpClientConnectionOperator.connect(DefaultHttpClientConnectionOperator.java:134)\n\t... 32 more\n</message>
  <exception>
    <message>com.kms.katalon.core.exception.StepFailedException: Unable to send request (Root cause: org.apache.http.conn.HttpHostConnectException: Connect to 127.0.0.1:5000 [/127.0.0.1] failed: Connection refused (Connection refused)
	at org.apache.http.impl.conn.DefaultHttpClientConnectionOperator.connect(DefaultHttpClientConnectionOperator.java:151)
	at org.apache.http.impl.conn.PoolingHttpClientConnectionManager.connect(PoolingHttpClientConnectionManager.java:353)
	at org.apache.http.impl.execchain.MainClientExec.establishRoute(MainClientExec.java:380)
	at org.apache.http.impl.execchain.MainClientExec.execute(MainClientExec.java:236)
	at org.apache.http.impl.execchain.ProtocolExec.execute(ProtocolExec.java:184)
	at org.apache.http.impl.execchain.RetryExec.execute(RetryExec.java:88)
	at org.apache.http.impl.client.InternalHttpClient.doExecute(InternalHttpClient.java:184)
	at org.apache.http.impl.client.CloseableHttpClient.execute(CloseableHttpClient.java:82)
	at com.kms.katalon.core.webservice.common.RestfulClient.response(RestfulClient.java:207)
	at com.kms.katalon.core.webservice.common.RestfulClient.sendRequest(RestfulClient.java:140)
	at com.kms.katalon.core.webservice.common.RestfulClient.send(RestfulClient.java:75)
	at com.kms.katalon.core.webservice.keyword.builtin.SendRequestKeyword$_sendRequest_closure1.doCall(SendRequestKeyword.groovy:42)
	at com.kms.katalon.core.webservice.keyword.builtin.SendRequestKeyword$_sendRequest_closure1.call(SendRequestKeyword.groovy)
	at com.kms.katalon.core.keyword.internal.KeywordMain.runKeyword(KeywordMain.groovy:68)
	at com.kms.katalon.core.webservice.keyword.builtin.SendRequestKeyword.sendRequest(SendRequestKeyword.groovy:38)
	at com.kms.katalon.core.webservice.keyword.builtin.SendRequestKeyword.execute(SendRequestKeyword.groovy:33)
	at com.kms.katalon.core.keyword.internal.KeywordExecutor.executeKeywordForPlatform(KeywordExecutor.groovy:72)
	at com.kms.katalon.core.webservice.keyword.WSBuiltInKeywords.sendRequest(WSBuiltInKeywords.groovy:40)
	at com.kms.katalon.core.webservice.keyword.WSBuiltInKeywords$sendRequest.call(Unknown Source)
	at mockoon.run(mockoon:17)
	at com.kms.katalon.core.main.ScriptEngine.run(ScriptEngine.java:194)
	at com.kms.katalon.core.main.ScriptEngine.runScriptAsRawText(ScriptEngine.java:119)
	at com.kms.katalon.core.main.TestCaseExecutor.runScript(TestCaseExecutor.java:337)
	at com.kms.katalon.core.main.TestCaseExecutor.doExecute(TestCaseExecutor.java:328)
	at com.kms.katalon.core.main.TestCaseExecutor.processExecutionPhase(TestCaseExecutor.java:307)
	at com.kms.katalon.core.main.TestCaseExecutor.accessMainPhase(TestCaseExecutor.java:299)
	at com.kms.katalon.core.main.TestCaseExecutor.execute(TestCaseExecutor.java:233)
	at com.kms.katalon.core.main.TestSuiteExecutor.accessTestCaseMainPhase(TestSuiteExecutor.java:169)
	at com.kms.katalon.core.main.TestSuiteExecutor.accessTestSuiteMainPhase(TestSuiteExecutor.java:142)
	at com.kms.katalon.core.main.TestSuiteExecutor.execute(TestSuiteExecutor.java:91)
	at com.kms.katalon.core.main.TestCaseMain.startTestSuite(TestCaseMain.java:157)
	at com.kms.katalon.core.main.TestCaseMain$startTestSuite$0.call(Unknown Source)
	at TempTestSuite1577446545519.run(TempTestSuite1577446545519.groovy:35)
Caused by: java.net.ConnectException: Connection refused (Connection refused)
	at org.apache.http.conn.socket.PlainConnectionSocketFactory.connectSocket(PlainConnectionSocketFactory.java:74)
	at org.apache.http.impl.conn.DefaultHttpClientConnectionOperator.connect(DefaultHttpClientConnectionOperator.java:134)
	at org.apache.http.impl.conn.PoolingHttpClientConnectionManager.connect(PoolingHttpClientConnectionManager.java:353)
	at org.apache.http.impl.execchain.MainClientExec.establishRoute(MainClientExec.java:380)
	at org.apache.http.impl.execchain.MainClientExec.execute(MainClientExec.java:236)
	at org.apache.http.impl.execchain.ProtocolExec.execute(ProtocolExec.java:184)
	at org.apache.http.impl.execchain.RetryExec.execute(RetryExec.java:88)
	at org.apache.http.impl.client.InternalHttpClient.doExecute(InternalHttpClient.java:184)
	at org.apache.http.impl.client.CloseableHttpClient.execute(CloseableHttpClient.java:82)
	at com.kms.katalon.core.webservice.common.RestfulClient.response(RestfulClient.java:207)
	at com.kms.katalon.core.webservice.common.RestfulClient.sendRequest(RestfulClient.java:140)
	at com.kms.katalon.core.webservice.common.RestfulClient.send(RestfulClient.java:75)
	at com.kms.katalon.core.webservice.keyword.builtin.SendRequestKeyword$_sendRequest_closure1.doCall(SendRequestKeyword.groovy:42)
	at com.kms.katalon.core.webservice.keyword.builtin.SendRequestKeyword$_sendRequest_closure1.call(SendRequestKeyword.groovy)
	at com.kms.katalon.core.keyword.internal.KeywordMain.runKeyword(KeywordMain.groovy:68)
	at com.kms.katalon.core.webservice.keyword.builtin.SendRequestKeyword.sendRequest(SendRequestKeyword.groovy:38)
	at com.kms.katalon.core.webservice.keyword.builtin.SendRequestKeyword.execute(SendRequestKeyword.groovy:33)
	at com.kms.katalon.core.keyword.internal.KeywordExecutor.executeKeywordForPlatform(KeywordExecutor.groovy:72)
	at com.kms.katalon.core.webservice.keyword.WSBuiltInKeywords.sendRequest(WSBuiltInKeywords.groovy:40)
	at com.kms.katalon.core.webservice.keyword.WSBuiltInKeywords$sendRequest.call(Unknown Source)
	at Script1575454852721.run(Script1575454852721.groovy:17)
	... 13 more
)</message>
    <frame>
      <class>com.kms.katalon.core.keyword.internal.KeywordMain</class>
      <method>stepFailed</method>
      <line>50</line>
    </frame>
    <frame>
      <class>com.kms.katalon.core.keyword.internal.KeywordMain</class>
      <method>stepFailed</method>
    </frame>
    <frame>
      <class>com.kms.katalon.core.keyword.internal.KeywordMain</class>
      <method>runKeyword</method>
      <line>70</line>
    </frame>
    <frame>
      <class>com.kms.katalon.core.webservice.keyword.builtin.SendRequestKeyword</class>
      <method>sendRequest</method>
      <line>38</line>
    </frame>
    <frame>
      <class>com.kms.katalon.core.webservice.keyword.builtin.SendRequestKeyword</class>
      <method>execute</method>
      <line>33</line>
    </frame>
    <frame>
      <class>com.kms.katalon.core.keyword.internal.KeywordExecutor</class>
      <method>executeKeywordForPlatform</method>
      <line>72</line>
    </frame>
    <frame>
      <class>com.kms.katalon.core.webservice.keyword.WSBuiltInKeywords</class>
      <method>sendRequest</method>
      <line>40</line>
    </frame>
    <frame>
      <class>com.kms.katalon.core.webservice.keyword.WSBuiltInKeywords$sendRequest</class>
      <method>call</method>
    </frame>
    <frame>
      <class>mockoon</class>
      <method>run</method>
      <line>17</line>
    </frame>
    <frame>
      <class>com.kms.katalon.core.main.ScriptEngine</class>
      <method>run</method>
      <line>194</line>
    </frame>
    <frame>
      <class>com.kms.katalon.core.main.ScriptEngine</class>
      <method>runScriptAsRawText</method>
      <line>119</line>
    </frame>
    <frame>
      <class>com.kms.katalon.core.main.TestCaseExecutor</class>
      <method>runScript</method>
      <line>337</line>
    </frame>
    <frame>
      <class>com.kms.katalon.core.main.TestCaseExecutor</class>
      <method>doExecute</method>
      <line>328</line>
    </frame>
    <frame>
      <class>com.kms.katalon.core.main.TestCaseExecutor</class>
      <method>processExecutionPhase</method>
      <line>307</line>
    </frame>
    <frame>
      <class>com.kms.katalon.core.main.TestCaseExecutor</class>
      <method>accessMainPhase</method>
      <line>299</line>
    </frame>
    <frame>
      <class>com.kms.katalon.core.main.TestCaseExecutor</class>
      <method>execute</method>
      <line>233</line>
    </frame>
    <frame>
      <class>com.kms.katalon.core.main.TestSuiteExecutor</class>
      <method>accessTestCaseMainPhase</method>
      <line>169</line>
    </frame>
    <frame>
      <class>com.kms.katalon.core.main.TestSuiteExecutor</class>
      <method>accessTestSuiteMainPhase</method>
      <line>142</line>
    </frame>
    <frame>
      <class>com.kms.katalon.core.main.TestSuiteExecutor</class>
      <method>execute</method>
      <line>91</line>
    </frame>
    <frame>
      <class>com.kms.katalon.core.main.TestCaseMain</class>
      <method>startTestSuite</method>
      <line>157</line>
    </frame>
    <frame>
      <class>com.kms.katalon.core.main.TestCaseMain$startTestSuite$0</class>
      <method>call</method>
    </frame>
    <frame>
      <class>TempTestSuite1577446545519</class>
      <method>run</method>
      <line>35</line>
    </frame>
  </exception>
  <nestedLevel>0</nestedLevel>
  <property name="failed.exception.stacktrace">java.net.ConnectException: Connection refused (Connection refused)\n\tat org.apache.http.conn.socket.PlainConnectionSocketFactory.connectSocket(PlainConnectionSocketFactory.java:74)\n\tat org.apache.http.impl.conn.DefaultHttpClientConnectionOperator.connect(DefaultHttpClientConnectionOperator.java:134)\n\tat org.apache.http.impl.conn.PoolingHttpClientConnectionManager.connect(PoolingHttpClientConnectionManager.java:353)\n\tat org.apache.http.impl.execchain.MainClientExec.establishRoute(MainClientExec.java:380)\n\tat org.apache.http.impl.execchain.MainClientExec.execute(MainClientExec.java:236)\n\tat org.apache.http.impl.execchain.ProtocolExec.execute(ProtocolExec.java:184)\n\tat org.apache.http.impl.execchain.RetryExec.execute(RetryExec.java:88)\n\tat org.apache.http.impl.client.InternalHttpClient.doExecute(InternalHttpClient.java:184)\n\tat org.apache.http.impl.client.CloseableHttpClient.execute(CloseableHttpClient.java:82)\n\tat com.kms.katalon.core.webservice.common.RestfulClient.response(RestfulClient.java:207)\n\tat com.kms.katalon.core.webservice.common.RestfulClient.sendRequest(RestfulClient.java:140)\n\tat com.kms.katalon.core.webservice.common.RestfulClient.send(RestfulClient.java:75)\n\tat com.kms.katalon.core.webservice.keyword.builtin.SendRequestKeyword$_sendRequest_closure1.doCall(SendRequestKeyword.groovy:42)\n\tat com.kms.katalon.core.webservice.keyword.builtin.SendRequestKeyword$_sendRequest_closure1.call(SendRequestKeyword.groovy)\n\tat com.kms.katalon.core.keyword.internal.KeywordMain.runKeyword(KeywordMain.groovy:68)\n\tat com.kms.katalon.core.webservice.keyword.builtin.SendRequestKeyword.sendRequest(SendRequestKeyword.groovy:38)\n\tat com.kms.katalon.core.webservice.keyword.builtin.SendRequestKeyword.execute(SendRequestKeyword.groovy:33)\n\tat com.kms.katalon.core.keyword.internal.KeywordExecutor.executeKeywordForPlatform(KeywordExecutor.groovy:72)\n\tat com.kms.katalon.core.webservice.keyword.WSBuiltInKeywords.sendRequest(WSBuiltInKeywords.groovy:40)\n\tat com.kms.katalon.core.webservice.keyword.WSBuiltInKeywords$sendRequest.call(Unknown Source)\n\tat mockoon.run(mockoon:17)\n\tat com.kms.katalon.core.main.ScriptEngine.run(ScriptEngine.java:194)\n\tat com.kms.katalon.core.main.ScriptEngine.runScriptAsRawText(ScriptEngine.java:119)\n\tat com.kms.katalon.core.main.TestCaseExecutor.runScript(TestCaseExecutor.java:337)\n\tat com.kms.katalon.core.main.TestCaseExecutor.doExecute(TestCaseExecutor.java:328)\n\tat com.kms.katalon.core.main.TestCaseExecutor.processExecutionPhase(TestCaseExecutor.java:307)\n\tat com.kms.katalon.core.main.TestCaseExecutor.accessMainPhase(TestCaseExecutor.java:299)\n\tat com.kms.katalon.core.main.TestCaseExecutor.execute(TestCaseExecutor.java:233)\n\tat com.kms.katalon.core.main.TestSuiteExecutor.accessTestCaseMainPhase(TestSuiteExecutor.java:169)\n\tat com.kms.katalon.core.main.TestSuiteExecutor.accessTestSuiteMainPhase(TestSuiteExecutor.java:142)\n\tat com.kms.katalon.core.main.TestSuiteExecutor.execute(TestSuiteExecutor.java:91)\n\tat com.kms.katalon.core.main.TestCaseMain.startTestSuite(TestCaseMain.java:157)\n\tat com.kms.katalon.core.main.TestCaseMain$startTestSuite$0.call(Unknown Source)\n\tat TempTestSuite1577446545519.run(TempTestSuite1577446545519.groovy:35)\n</property>
  <property name="failed.exception.class">java.net.ConnectException</property>
  <property name="failed.exception.message">Connection refused (Connection refused)</property>
</record>
<record>
  <date>2019-12-27T18:35:53</date>
  <millis>1577446553694</millis>
  <sequence>21</sequence>
  <level>START</level>
  <class>com.kms.katalon.core.logging.XmlKeywordLogger</class>
  <method>startKeyword</method>
  <thread>1</thread>
  <message>Start listener action : sampleAfterTestCase</message>
  <nestedLevel>1</nestedLevel>
</record>
<record>
  <date>2019-12-27T18:35:53</date>
  <millis>1577446553701</millis>
  <sequence>24</sequence>
  <level>END</level>
  <class>com.kms.katalon.core.logging.XmlKeywordLogger</class>
  <method>endKeyword</method>
  <thread>1</thread>
  <message>End listener action : sampleAfterTestCase</message>
  <nestedLevel>1</nestedLevel>
</record>
<record>
  <date>2019-12-27T18:35:55</date>
  <millis>1577446555763</millis>
  <sequence>25</sequence>
  <level>START</level>
  <class>com.kms.katalon.core.logging.XmlKeywordLogger</class>
  <method>startKeyword</method>
  <thread>1</thread>
  <message>Start action : Video</message>
  <nestedLevel>1</nestedLevel>
</record>
<record>
  <date>2019-12-27T18:35:55</date>
  <millis>1577446555764</millis>
  <sequence>26</sequence>
  <level>INFO</level>
  <class>com.kms.katalon.core.logging.XmlKeywordLogger</class>
  <method>logMessage</method>
  <thread>1</thread>
  <message>Video recording for test case &amp;apos;Test Cases/mockoon&amp;apos; .</message>
  <nestedLevel>1</nestedLevel>
  <property name="attachment">/Users/huynguyen/Katalon Studio/api/Reports/20191227_183545/api-suite23/20191227_183545/videos/test_1.mov</property>
</record>
<record>
  <date>2019-12-27T18:35:55</date>
  <millis>1577446555764</millis>
  <sequence>27</sequence>
  <level>END</level>
  <class>com.kms.katalon.core.logging.XmlKeywordLogger</class>
  <method>endKeyword</method>
  <thread>1</thread>
  <message>End End action : Video</message>
  <nestedLevel>1</nestedLevel>
</record>
<record>
  <date>2019-12-27T18:35:55</date>
  <millis>1577446555765</millis>
  <sequence>28</sequence>
  <level>END</level>
  <class>com.kms.katalon.core.logging.XmlKeywordLogger</class>
  <method>endTest</method>
  <thread>1</thread>
  <message>End Test Case : Test Cases/mockoon</message>
  <nestedLevel>0</nestedLevel>
</record>
<record>
  <date>2019-12-27T18:35:55</date>
  <millis>1577446555765</millis>
  <sequence>29</sequence>
  <level>INFO</level>
  <class>com.kms.katalon.core.logging.XmlKeywordLogger</class>
  <method>logMessage</method>
  <thread>1</thread>
  <message>=================== Smart XPath Report =======================</message>
  <nestedLevel>0</nestedLevel>
</record>
<record>
  <date>2019-12-27T18:35:55</date>
  <millis>1577446555766</millis>
  <sequence>30</sequence>
  <level>INFO</level>
  <class>com.kms.katalon.core.logging.XmlKeywordLogger</class>
  <method>logMessage</method>
  <thread>1</thread>
  <message>Refer to the link below to preview and approve auto healing on broken test objects.</message>
  <nestedLevel>0</nestedLevel>
</record>
<record>
  <date>2019-12-27T18:35:55</date>
  <millis>1577446555766</millis>
  <sequence>31</sequence>
  <level>INFO</level>
  <class>com.kms.katalon.core.logging.XmlKeywordLogger</class>
  <method>logMessage</method>
  <thread>1</thread>
  <message>https://docs.katalon.com/katalon-studio/docs/auto-healing-smart-xpath.html</message>
  <nestedLevel>0</nestedLevel>
</record>
<record>
  <date>2019-12-27T18:35:55</date>
  <millis>1577446555766</millis>
  <sequence>32</sequence>
  <level>INFO</level>
  <class>com.kms.katalon.core.logging.XmlKeywordLogger</class>
  <method>logMessage</method>
  <thread>1</thread>
  <message>===============================================================</message>
  <nestedLevel>0</nestedLevel>
</record>
<record>
  <date>2019-12-27T18:35:55</date>
  <millis>1577446555768</millis>
  <sequence>33</sequence>
  <level>START</level>
  <class>com.kms.katalon.core.logging.XmlKeywordLogger</class>
  <method>startKeyword</method>
  <thread>1</thread>
  <message>Start listener action : exportKatalonReports</message>
  <nestedLevel>0</nestedLevel>
</record>
<record>
  <date>2019-12-27T18:35:55</date>
  <millis>1577446555871</millis>
  <sequence>79</sequence>
  <level>INFO</level>
  <class>com.kms.katalon.core.logging.XmlKeywordLogger</class>
  <method>logMessage</method>
  <thread>1</thread>
  <message>Start generating HTML report folder at: /Users/huynguyen/Katalon Studio/api/Reports/20191227_183545/api-suite23/20191227_183545...</message>
  <nestedLevel>0</nestedLevel>
</record>
<record>
  <date>2019-12-27T18:35:56</date>
  <millis>1577446556014</millis>
  <sequence>80</sequence>
  <level>INFO</level>
  <class>com.kms.katalon.core.logging.XmlKeywordLogger</class>
  <method>logMessage</method>
  <thread>1</thread>
  <message>HTML report generated</message>
  <nestedLevel>0</nestedLevel>
</record>
<record>
  <date>2019-12-27T18:35:56</date>
  <millis>1577446556015</millis>
  <sequence>81</sequence>
  <level>INFO</level>
  <class>com.kms.katalon.core.logging.XmlKeywordLogger</class>
  <method>logMessage</method>
  <thread>1</thread>
  <message>Start generating CSV report folder at: /Users/huynguyen/Katalon Studio/api/Reports/20191227_183545/api-suite23/20191227_183545...</message>
  <nestedLevel>0</nestedLevel>
</record>
<record>
  <date>2019-12-27T18:35:56</date>
  <millis>1577446556025</millis>
  <sequence>82</sequence>
  <level>INFO</level>
  <class>com.kms.katalon.core.logging.XmlKeywordLogger</class>
  <method>logMessage</method>
  <thread>1</thread>
  <message>CSV report generated</message>
  <nestedLevel>0</nestedLevel>
</record>
<record>
  <date>2019-12-27T18:35:56</date>
  <millis>1577446556026</millis>
  <sequence>83</sequence>
  <level>INFO</level>
  <class>com.kms.katalon.core.logging.XmlKeywordLogger</class>
  <method>logMessage</method>
  <thread>1</thread>
  <message>Start generating JUnit report folder at: /Users/huynguyen/Katalon Studio/api/Reports/20191227_183545/api-suite23/20191227_183545...</message>
  <nestedLevel>0</nestedLevel>
</record>
<record>
  <date>2019-12-27T18:35:56</date>
  <millis>1577446556136</millis>
  <sequence>84</sequence>
  <level>INFO</level>
  <class>com.kms.katalon.core.logging.XmlKeywordLogger</class>
  <method>logMessage</method>
  <thread>1</thread>
  <message>JUnit report generated</message>
  <nestedLevel>0</nestedLevel>
</record>
<record>
  <date>2019-12-27T18:35:56</date>
  <millis>1577446556137</millis>
  <sequence>85</sequence>
  <level>INFO</level>
  <class>com.kms.katalon.core.logging.XmlKeywordLogger</class>
  <method>logMessage</method>
  <thread>1</thread>
  <message>Start generating PDF report folder at: /Users/huynguyen/Katalon Studio/api/Reports/20191227_183545/api-suite23/20191227_183545...</message>
  <nestedLevel>0</nestedLevel>
</record>
<record>
  <date>2019-12-27T18:35:59</date>
  <millis>1577446559982</millis>
  <sequence>108</sequence>
  <level>WARNING</level>
  <class>com.kms.katalon.core.logging.XmlKeywordLogger</class>
  <method>logMessage</method>
  <thread>1</thread>
  <message>com.kms.katalon.core.pdf.exception.JasperReportException: Unable to export pdf to location: /Users/huynguyen/Katalon Studio/api/Reports/20191227_183545/api-suite23/20191227_183545/20191227_183545.pdf\n\tat com.kms.katalon.core.pdf.AbstractPdfReportGenerator.exportToPDF(AbstractPdfReportGenerator.java:95)\n\tat com.kms.katalon.core.reporting.ReportWriterUtil.writePdfReport(ReportWriterUtil.java:153)\n\tat com.kms.katalon.core.reporting.ReportWriterUtil$writePdfReport$3.call(Unknown Source)\n\tat KatalonReportListener.exportKatalonReports(KatalonReportListener.groovy:54)\n\tat KatalonReportListener.invokeMethod(KatalonReportListener.groovy)\n\tat com.kms.katalon.core.context.internal.TestHooker.invokeMethod(TestHooker.java:111)\n\tat com.kms.katalon.core.context.internal.TestHooker.lambda$2(TestHooker.java:95)\n\tat com.kms.katalon.core.context.internal.TestHooker.invokeContextMethods(TestHooker.java:94)\n\tat com.kms.katalon.core.context.internal.TestListenerCollector.lambda$3(TestListenerCollector.java:88)\n\tat com.kms.katalon.core.context.internal.TestListenerCollector.handleListenerEvent(TestListenerCollector.java:85)\n\tat com.kms.katalon.core.context.internal.ExecutionEventManager.publicEvent(ExecutionEventManager.java:36)\n\tat com.kms.katalon.core.main.TestSuiteExecutor.execute(TestSuiteExecutor.java:99)\n\tat com.kms.katalon.core.main.TestCaseMain.startTestSuite(TestCaseMain.java:157)\n\tat com.kms.katalon.core.main.TestCaseMain$startTestSuite$0.call(Unknown Source)\n\tat TempTestSuite1577446545519.run(TempTestSuite1577446545519.groovy:35)\nCaused by: net.sf.jasperreports.engine.fill.JRExpressionEvalException: Error evaluating expression for source text: net.sf.jasperreports.engine.JasperCompileManager.compileReport(com.kms.katalon.core.pdf.ResourceUtil.getResourceAsInputStream(com.kms.katalon.core.pdf.AbstractPdfReportGenerator.class, $P{TEST_CASE_TPL}))\n\tat net.sf.jasperreports.engine.fill.JREvaluator.evaluate(JREvaluator.java:291)\n\tat net.sf.jasperreports.engine.fill.JRCalculator.evaluate(JRCalculator.java:618)\n\tat net.sf.jasperreports.engine.fill.JRCalculator.evaluate(JRCalculator.java:586)\n\tat net.sf.jasperreports.engine.fill.JRFillElement.evaluateExpression(JRFillElement.java:1020)\n\tat net.sf.jasperreports.engine.fill.JRFillSubreport.evaluateReport(JRFillSubreport.java:360)\n\tat net.sf.jasperreports.engine.fill.JRFillSubreport.evaluateSubreport(JRFillSubreport.java:437)\n\tat net.sf.jasperreports.engine.fill.JRFillSubreport.evaluate(JRFillSubreport.java:351)\n\tat net.sf.jasperreports.engine.fill.JRFillElementContainer.evaluate(JRFillElementContainer.java:281)\n\tat net.sf.jasperreports.engine.fill.JRFillBand.evaluate(JRFillBand.java:504)\n\tat net.sf.jasperreports.engine.fill.JRVerticalFiller.fillSummaryNoLastFooterNewPage(JRVerticalFiller.java:1183)\n\tat net.sf.jasperreports.engine.fill.JRVerticalFiller.fillSummary(JRVerticalFiller.java:1033)\n\tat net.sf.jasperreports.engine.fill.JRVerticalFiller.fillReportEnd(JRVerticalFiller.java:290)\n\tat net.sf.jasperreports.engine.fill.JRVerticalFiller.fillReport(JRVerticalFiller.java:126)\n\tat net.sf.jasperreports.engine.fill.JRBaseFiller.fill(JRBaseFiller.java:558)\n\tat net.sf.jasperreports.engine.fill.BaseReportFiller.fill(BaseReportFiller.java:414)\n\tat net.sf.jasperreports.engine.fill.JRFiller.fill(JRFiller.java:122)\n\tat net.sf.jasperreports.engine.JasperFillManager.fill(JasperFillManager.java:667)\n\tat net.sf.jasperreports.engine.JasperFillManager.fillReport(JasperFillManager.java:983)\n\tat com.kms.katalon.core.pdf.AbstractPdfReportGenerator.exportToPDF(AbstractPdfReportGenerator.java:89)\n\t... 14 more\nCaused by: java.lang.NoClassDefFoundError: org/eclipse/core/runtime/Plugin\n\tat org.codehaus.jdt.groovy.integration.LanguageSupportFactory.tryInstantiate(LanguageSupportFactory.java:143)\n\tat org.codehaus.jdt.groovy.integration.LanguageSupportFactory.getLanguageSupport(LanguageSupportFactory.java:128)\n\tat org.codehaus.jdt.groovy.integration.LanguageSupportFactory.getParser(LanguageSupportFactory.java:57)\n\tat org.eclipse.jdt.internal.compiler.Compiler.initializeParser(Compiler.java:836)\n\tat org.eclipse.jdt.internal.compiler.Compiler.&amp;lt;init&amp;gt;(Compiler.java:300)\n\tat org.eclipse.jdt.internal.compiler.Compiler.&amp;lt;init&amp;gt;(Compiler.java:114)\n\tat net.sf.jasperreports.engine.design.JRJdtCompiler.compileUnits(JRJdtCompiler.java:167)\n\tat net.sf.jasperreports.engine.design.JRAbstractCompiler.compileReport(JRAbstractCompiler.java:212)\n\tat net.sf.jasperreports.engine.JasperCompileManager.compile(JasperCompileManager.java:357)\n\tat net.sf.jasperreports.engine.JasperCompileManager.compile(JasperCompileManager.java:343)\n\tat net.sf.jasperreports.engine.JasperCompileManager.compileReport(JasperCompileManager.java:608)\n\tat net.sf.jasperreports.engine.JasperCompileManager$compileReport.call(Unknown Source)\n\tat User32Overview_1577446556922_91241.evaluate(calculator_User32Overview_1577446556922_91241:280)\n\tat net.sf.jasperreports.engine.fill.JREvaluator.evaluate(JREvaluator.java:277)\n\t... 32 more\nCaused by: java.lang.ClassNotFoundException: org.eclipse.core.runtime.Plugin\n\t... 46 more\n</message>
  <nestedLevel>0</nestedLevel>
</record>
<record>
  <date>2019-12-27T18:35:59</date>
  <millis>1577446559988</millis>
  <sequence>110</sequence>
  <level>END</level>
  <class>com.kms.katalon.core.logging.XmlKeywordLogger</class>
  <method>endKeyword</method>
  <thread>1</thread>
  <message>End listener action : exportKatalonReports</message>
  <nestedLevel>0</nestedLevel>
</record>
<record>
  <date>2019-12-27T18:35:59</date>
  <millis>1577446559988</millis>
  <sequence>111</sequence>
  <level>START</level>
  <class>com.kms.katalon.core.logging.XmlKeywordLogger</class>
  <method>startKeyword</method>
  <thread>1</thread>
  <message>Start listener action : sampleAfterTestSuite</message>
  <nestedLevel>0</nestedLevel>
</record>
<record>
  <date>2019-12-27T18:35:59</date>
  <millis>1577446559994</millis>
  <sequence>114</sequence>
  <level>END</level>
  <class>com.kms.katalon.core.logging.XmlKeywordLogger</class>
  <method>endKeyword</method>
  <thread>1</thread>
  <message>End listener action : sampleAfterTestSuite</message>
  <nestedLevel>0</nestedLevel>
</record>
<record>
  <date>2019-12-27T18:36:00</date>
  <millis>1577446560041</millis>
  <sequence>115</sequence>
  <level>END</level>
  <class>com.kms.katalon.core.logging.XmlKeywordLogger</class>
  <method>endSuite</method>
  <thread>1</thread>
  <message>End Test Suite : Test Suites/api-suite23</message>
  <nestedLevel>0</nestedLevel>
</record>
</log>